{"C:\\Users\\DELL\\Desktop\\Prueba\\backend-ts\\src\\index.ts": {"path":"C:\\Users\\DELL\\Desktop\\Prueba\\backend-ts\\src\\index.ts","statementMap":{"0":{"start":{"line":1,"column":0},"end":{"line":1,"column":30}},"1":{"start":{"line":2,"column":0},"end":{"line":2,"column":36}},"2":{"start":{"line":3,"column":0},"end":{"line":3,"column":41}},"3":{"start":{"line":4,"column":0},"end":{"line":4,"column":24}},"4":{"start":{"line":5,"column":0},"end":{"line":5,"column":42}},"5":{"start":{"line":6,"column":0},"end":{"line":6,"column":38}},"6":{"start":{"line":7,"column":0},"end":{"line":7,"column":15}},"7":{"start":{"line":9,"column":12},"end":{"line":9,"column":21}},"8":{"start":{"line":11,"column":0},"end":{"line":11,"column":16}},"9":{"start":{"line":12,"column":0},"end":{"line":12,"column":24}},"10":{"start":{"line":13,"column":0},"end":{"line":13,"column":49}},"11":{"start":{"line":14,"column":0},"end":{"line":14,"column":16}},"12":{"start":{"line":15,"column":0},"end":{"line":15,"column":17}},"13":{"start":{"line":17,"column":13},"end":{"line":17,"column":44}},"14":{"start":{"line":20,"column":2},"end":{"line":37,"column":3}},"15":{"start":{"line":22,"column":4},"end":{"line":22,"column":27}},"16":{"start":{"line":24,"column":19},"end":{"line":26,"column":6}},"17":{"start":{"line":25,"column":6},"end":{"line":25,"column":61}},"18":{"start":{"line":29,"column":4},"end":{"line":31,"column":null}},"19":{"start":{"line":30,"column":6},"end":{"line":30,"column":46}},"20":{"start":{"line":33,"column":4},"end":{"line":33,"column":18}},"21":{"start":{"line":35,"column":4},"end":{"line":35,"column":78}},"22":{"start":{"line":36,"column":4},"end":{"line":36,"column":20}},"23":{"start":{"line":40,"column":0},"end":{"line":42,"column":1}},"24":{"start":{"line":41,"column":2},"end":{"line":41,"column":16}},"25":{"start":{"line":45,"column":0},"end":{"line":45,"column":19}}},"fnMap":{"0":{"name":"startServer","decl":{"start":{"line":19,"column":15},"end":{"line":19,"column":26}},"loc":{"start":{"line":19,"column":26},"end":{"line":38,"column":null}}},"1":{"name":"(anonymous_10)","decl":{"start":{"line":24,"column":36},"end":{"line":24,"column":39}},"loc":{"start":{"line":24,"column":41},"end":{"line":26,"column":5}}},"2":{"name":"(anonymous_11)","decl":{"start":{"line":29,"column":17},"end":{"line":29,"column":18}},"loc":{"start":{"line":29,"column":29},"end":{"line":31,"column":5}}}},"branchMap":{"0":{"loc":{"start":{"line":17,"column":13},"end":{"line":17,"column":44}},"type":"cond-expr","locations":[{"start":{"line":17,"column":36},"end":{"line":17,"column":40}},{"start":{"line":17,"column":40},"end":{"line":17,"column":44}}]},"1":{"loc":{"start":{"line":17,"column":13},"end":{"line":17,"column":40}},"type":"binary-expr","locations":[{"start":{"line":17,"column":13},"end":{"line":17,"column":40}},{"start":{"line":17,"column":36},"end":{"line":17,"column":40}}]},"2":{"loc":{"start":{"line":40,"column":0},"end":{"line":42,"column":1}},"type":"if","locations":[{"start":{"line":40,"column":0},"end":{"line":42,"column":1}}]}},"s":{"0":1,"1":1,"2":1,"3":1,"4":1,"5":1,"6":1,"7":1,"8":1,"9":1,"10":1,"11":1,"12":1,"13":1,"14":0,"15":0,"16":0,"17":0,"18":0,"19":0,"20":0,"21":0,"22":0,"23":1,"24":0,"25":1},"f":{"0":0,"1":0,"2":0},"b":{"0":[1,0],"1":[1,1],"2":[0]}}
,"C:\\Users\\DELL\\Desktop\\Prueba\\backend-ts\\src\\config\\database.ts": {"path":"C:\\Users\\DELL\\Desktop\\Prueba\\backend-ts\\src\\config\\database.ts","statementMap":{"0":{"start":{"line":1,"column":0},"end":{"line":1,"column":49}},"1":{"start":{"line":2,"column":0},"end":{"line":2,"column":46}},"2":{"start":{"line":3,"column":0},"end":{"line":3,"column":56}},"3":{"start":{"line":4,"column":0},"end":{"line":4,"column":33}},"4":{"start":{"line":6,"column":0},"end":{"line":6,"column":16}},"5":{"start":{"line":8,"column":13},"end":{"line":8,"column":84}},"6":{"start":{"line":10,"column":23},"end":{"line":19,"column":6}},"7":{"start":{"line":22,"column":18},"end":{"line":32,"column":2}},"8":{"start":{"line":35,"column":0},"end":{"line":35,"column":25}}},"fnMap":{},"branchMap":{"0":{"loc":{"start":{"line":8,"column":13},"end":{"line":8,"column":84}},"type":"cond-expr","locations":[{"start":{"line":8,"column":37},"end":{"line":8,"column":72}},{"start":{"line":8,"column":75},"end":{"line":8,"column":84}}]},"1":{"loc":{"start":{"line":10,"column":23},"end":{"line":19,"column":6}},"type":"cond-expr","locations":[{"start":{"line":11,"column":4},"end":{"line":18,"column":null}},{"start":{"line":19,"column":4},"end":{"line":19,"column":6}}]},"2":{"loc":{"start":{"line":29,"column":18},"end":{"line":29,"column":50}},"type":"binary-expr","locations":[{"start":{"line":29,"column":18},"end":{"line":29,"column":44}},{"start":{"line":29,"column":48},"end":{"line":29,"column":50}}]}},"s":{"0":1,"1":1,"2":1,"3":1,"4":1,"5":1,"6":1,"7":1,"8":1},"f":{},"b":{"0":[1,0],"1":[1,0],"2":[1,0]}}
,"C:\\Users\\DELL\\Desktop\\Prueba\\backend-ts\\src\\domains\\controllers\\ControllerProductos.ts": {"path":"C:\\Users\\DELL\\Desktop\\Prueba\\backend-ts\\src\\domains\\controllers\\ControllerProductos.ts","statementMap":{"0":{"start":{"line":2,"column":0},"end":{"line":2,"column":71}},"1":{"start":{"line":5,"column":30},"end":{"line":14,"column":null}},"2":{"start":{"line":5,"column":87},"end":{"line":14,"column":null}},"3":{"start":{"line":6,"column":4},"end":{"line":13,"column":5}},"4":{"start":{"line":7,"column":26},"end":{"line":7,"column":56}},"5":{"start":{"line":8,"column":8},"end":{"line":8,"column":47}},"6":{"start":{"line":11,"column":8},"end":{"line":11,"column":29}},"7":{"start":{"line":12,"column":8},"end":{"line":12,"column":61}},"8":{"start":{"line":5,"column":13},"end":{"line":5,"column":30}}},"fnMap":{"0":{"name":"(anonymous_7)","decl":{"start":{"line":5,"column":30},"end":{"line":5,"column":37}},"loc":{"start":{"line":5,"column":87},"end":{"line":14,"column":null}}},"1":{"name":"(anonymous_8)","decl":{"start":{"line":5,"column":87},"end":{"line":5,"column":null}},"loc":{"start":{"line":5,"column":87},"end":{"line":14,"column":1}}}},"branchMap":{},"s":{"0":1,"1":1,"2":1,"3":1,"4":1,"5":1,"6":0,"7":0,"8":1},"f":{"0":1,"1":1},"b":{}}
,"C:\\Users\\DELL\\Desktop\\Prueba\\backend-ts\\src\\domains\\controllers\\ControllerTransferencias.ts": {"path":"C:\\Users\\DELL\\Desktop\\Prueba\\backend-ts\\src\\domains\\controllers\\ControllerTransferencias.ts","statementMap":{"0":{"start":{"line":2,"column":0},"end":{"line":2,"column":28}},"1":{"start":{"line":3,"column":0},"end":{"line":3,"column":76}},"2":{"start":{"line":6,"column":30},"end":{"line":70,"column":2}},"3":{"start":{"line":6,"column":87},"end":{"line":70,"column":2}},"4":{"start":{"line":7,"column":19},"end":{"line":7,"column":27}},"5":{"start":{"line":9,"column":4},"end":{"line":9,"column":24}},"6":{"start":{"line":11,"column":30},"end":{"line":50,"column":6}},"7":{"start":{"line":52,"column":4},"end":{"line":69,"column":5}},"8":{"start":{"line":55,"column":26},"end":{"line":55,"column":185}},"9":{"start":{"line":57,"column":24},"end":{"line":57,"column":83}},"10":{"start":{"line":59,"column":8},"end":{"line":59,"column":36}},"11":{"start":{"line":61,"column":25},"end":{"line":61,"column":72}},"12":{"start":{"line":62,"column":8},"end":{"line":62,"column":59}},"13":{"start":{"line":68,"column":8},"end":{"line":68,"column":20}},"14":{"start":{"line":6,"column":13},"end":{"line":6,"column":30}}},"fnMap":{"0":{"name":"(anonymous_8)","decl":{"start":{"line":6,"column":30},"end":{"line":6,"column":37}},"loc":{"start":{"line":6,"column":87},"end":{"line":70,"column":2}}},"1":{"name":"(anonymous_9)","decl":{"start":{"line":6,"column":87},"end":{"line":6,"column":null}},"loc":{"start":{"line":6,"column":87},"end":{"line":70,"column":1}}}},"branchMap":{"0":{"loc":{"start":{"line":12,"column":23},"end":{"line":12,"column":52}},"type":"cond-expr","locations":[{"start":{"line":12,"column":48},"end":{"line":12,"column":50}},{"start":{"line":12,"column":48},"end":{"line":12,"column":52}}]},"1":{"loc":{"start":{"line":12,"column":23},"end":{"line":12,"column":50}},"type":"binary-expr","locations":[{"start":{"line":12,"column":23},"end":{"line":12,"column":50}},{"start":{"line":12,"column":48},"end":{"line":12,"column":50}}]},"2":{"loc":{"start":{"line":12,"column":23},"end":{"line":12,"column":48}},"type":"cond-expr","locations":[{"start":{"line":12,"column":35},"end":{"line":12,"column":37}},{"start":{"line":12,"column":35},"end":{"line":12,"column":48}}]},"3":{"loc":{"start":{"line":12,"column":23},"end":{"line":12,"column":37}},"type":"binary-expr","locations":[{"start":{"line":12,"column":23},"end":{"line":12,"column":37}},{"start":{"line":12,"column":35},"end":{"line":12,"column":37}}]},"4":{"loc":{"start":{"line":12,"column":23},"end":{"line":12,"column":35}},"type":"cond-expr","locations":[{"start":{"line":12,"column":29},"end":{"line":12,"column":31}},{"start":{"line":12,"column":23},"end":{"line":12,"column":35}}]},"5":{"loc":{"start":{"line":12,"column":23},"end":{"line":12,"column":31}},"type":"binary-expr","locations":[{"start":{"line":12,"column":23},"end":{"line":12,"column":31}},{"start":{"line":12,"column":23},"end":{"line":12,"column":31}}]},"6":{"loc":{"start":{"line":13,"column":19},"end":{"line":13,"column":56}},"type":"cond-expr","locations":[{"start":{"line":13,"column":44},"end":{"line":13,"column":46}},{"start":{"line":13,"column":44},"end":{"line":13,"column":56}}]},"7":{"loc":{"start":{"line":13,"column":19},"end":{"line":13,"column":46}},"type":"binary-expr","locations":[{"start":{"line":13,"column":19},"end":{"line":13,"column":46}},{"start":{"line":13,"column":44},"end":{"line":13,"column":46}}]},"8":{"loc":{"start":{"line":13,"column":19},"end":{"line":13,"column":44}},"type":"cond-expr","locations":[{"start":{"line":13,"column":31},"end":{"line":13,"column":33}},{"start":{"line":13,"column":31},"end":{"line":13,"column":44}}]},"9":{"loc":{"start":{"line":13,"column":19},"end":{"line":13,"column":33}},"type":"binary-expr","locations":[{"start":{"line":13,"column":19},"end":{"line":13,"column":33}},{"start":{"line":13,"column":31},"end":{"line":13,"column":33}}]},"10":{"loc":{"start":{"line":13,"column":19},"end":{"line":13,"column":31}},"type":"cond-expr","locations":[{"start":{"line":13,"column":25},"end":{"line":13,"column":27}},{"start":{"line":13,"column":19},"end":{"line":13,"column":31}}]},"11":{"loc":{"start":{"line":13,"column":19},"end":{"line":13,"column":27}},"type":"binary-expr","locations":[{"start":{"line":13,"column":19},"end":{"line":13,"column":27}},{"start":{"line":13,"column":19},"end":{"line":13,"column":27}}]},"12":{"loc":{"start":{"line":14,"column":21},"end":{"line":14,"column":60}},"type":"cond-expr","locations":[{"start":{"line":14,"column":46},"end":{"line":14,"column":48}},{"start":{"line":14,"column":46},"end":{"line":14,"column":60}}]},"13":{"loc":{"start":{"line":14,"column":21},"end":{"line":14,"column":48}},"type":"binary-expr","locations":[{"start":{"line":14,"column":21},"end":{"line":14,"column":48}},{"start":{"line":14,"column":46},"end":{"line":14,"column":48}}]},"14":{"loc":{"start":{"line":14,"column":21},"end":{"line":14,"column":46}},"type":"cond-expr","locations":[{"start":{"line":14,"column":33},"end":{"line":14,"column":35}},{"start":{"line":14,"column":33},"end":{"line":14,"column":46}}]},"15":{"loc":{"start":{"line":14,"column":21},"end":{"line":14,"column":35}},"type":"binary-expr","locations":[{"start":{"line":14,"column":21},"end":{"line":14,"column":35}},{"start":{"line":14,"column":33},"end":{"line":14,"column":35}}]},"16":{"loc":{"start":{"line":14,"column":21},"end":{"line":14,"column":33}},"type":"cond-expr","locations":[{"start":{"line":14,"column":27},"end":{"line":14,"column":29}},{"start":{"line":14,"column":21},"end":{"line":14,"column":33}}]},"17":{"loc":{"start":{"line":14,"column":21},"end":{"line":14,"column":29}},"type":"binary-expr","locations":[{"start":{"line":14,"column":21},"end":{"line":14,"column":29}},{"start":{"line":14,"column":21},"end":{"line":14,"column":29}}]},"18":{"loc":{"start":{"line":15,"column":23},"end":{"line":15,"column":65}},"type":"cond-expr","locations":[{"start":{"line":15,"column":48},"end":{"line":15,"column":50}},{"start":{"line":15,"column":48},"end":{"line":15,"column":65}}]},"19":{"loc":{"start":{"line":15,"column":23},"end":{"line":15,"column":50}},"type":"binary-expr","locations":[{"start":{"line":15,"column":23},"end":{"line":15,"column":50}},{"start":{"line":15,"column":48},"end":{"line":15,"column":50}}]},"20":{"loc":{"start":{"line":15,"column":23},"end":{"line":15,"column":48}},"type":"cond-expr","locations":[{"start":{"line":15,"column":35},"end":{"line":15,"column":37}},{"start":{"line":15,"column":35},"end":{"line":15,"column":48}}]},"21":{"loc":{"start":{"line":15,"column":23},"end":{"line":15,"column":37}},"type":"binary-expr","locations":[{"start":{"line":15,"column":23},"end":{"line":15,"column":37}},{"start":{"line":15,"column":35},"end":{"line":15,"column":37}}]},"22":{"loc":{"start":{"line":15,"column":23},"end":{"line":15,"column":35}},"type":"cond-expr","locations":[{"start":{"line":15,"column":29},"end":{"line":15,"column":31}},{"start":{"line":15,"column":23},"end":{"line":15,"column":35}}]},"23":{"loc":{"start":{"line":15,"column":23},"end":{"line":15,"column":31}},"type":"binary-expr","locations":[{"start":{"line":15,"column":23},"end":{"line":15,"column":31}},{"start":{"line":15,"column":23},"end":{"line":15,"column":31}}]},"24":{"loc":{"start":{"line":16,"column":19},"end":{"line":16,"column":55}},"type":"cond-expr","locations":[{"start":{"line":16,"column":44},"end":{"line":16,"column":46}},{"start":{"line":16,"column":44},"end":{"line":16,"column":55}}]},"25":{"loc":{"start":{"line":16,"column":19},"end":{"line":16,"column":46}},"type":"binary-expr","locations":[{"start":{"line":16,"column":19},"end":{"line":16,"column":46}},{"start":{"line":16,"column":44},"end":{"line":16,"column":46}}]},"26":{"loc":{"start":{"line":16,"column":19},"end":{"line":16,"column":44}},"type":"cond-expr","locations":[{"start":{"line":16,"column":31},"end":{"line":16,"column":33}},{"start":{"line":16,"column":31},"end":{"line":16,"column":44}}]},"27":{"loc":{"start":{"line":16,"column":19},"end":{"line":16,"column":33}},"type":"binary-expr","locations":[{"start":{"line":16,"column":19},"end":{"line":16,"column":33}},{"start":{"line":16,"column":31},"end":{"line":16,"column":33}}]},"28":{"loc":{"start":{"line":16,"column":19},"end":{"line":16,"column":31}},"type":"cond-expr","locations":[{"start":{"line":16,"column":25},"end":{"line":16,"column":27}},{"start":{"line":16,"column":19},"end":{"line":16,"column":31}}]},"29":{"loc":{"start":{"line":16,"column":19},"end":{"line":16,"column":27}},"type":"binary-expr","locations":[{"start":{"line":16,"column":19},"end":{"line":16,"column":27}},{"start":{"line":16,"column":19},"end":{"line":16,"column":27}}]},"30":{"loc":{"start":{"line":17,"column":23},"end":{"line":17,"column":64}},"type":"cond-expr","locations":[{"start":{"line":17,"column":48},"end":{"line":17,"column":50}},{"start":{"line":17,"column":48},"end":{"line":17,"column":64}}]},"31":{"loc":{"start":{"line":17,"column":23},"end":{"line":17,"column":50}},"type":"binary-expr","locations":[{"start":{"line":17,"column":23},"end":{"line":17,"column":50}},{"start":{"line":17,"column":48},"end":{"line":17,"column":50}}]},"32":{"loc":{"start":{"line":17,"column":23},"end":{"line":17,"column":48}},"type":"cond-expr","locations":[{"start":{"line":17,"column":35},"end":{"line":17,"column":37}},{"start":{"line":17,"column":35},"end":{"line":17,"column":48}}]},"33":{"loc":{"start":{"line":17,"column":23},"end":{"line":17,"column":37}},"type":"binary-expr","locations":[{"start":{"line":17,"column":23},"end":{"line":17,"column":37}},{"start":{"line":17,"column":35},"end":{"line":17,"column":37}}]},"34":{"loc":{"start":{"line":17,"column":23},"end":{"line":17,"column":35}},"type":"cond-expr","locations":[{"start":{"line":17,"column":29},"end":{"line":17,"column":31}},{"start":{"line":17,"column":23},"end":{"line":17,"column":35}}]},"35":{"loc":{"start":{"line":17,"column":23},"end":{"line":17,"column":31}},"type":"binary-expr","locations":[{"start":{"line":17,"column":23},"end":{"line":17,"column":31}},{"start":{"line":17,"column":23},"end":{"line":17,"column":31}}]},"36":{"loc":{"start":{"line":18,"column":18},"end":{"line":18,"column":53}},"type":"cond-expr","locations":[{"start":{"line":18,"column":43},"end":{"line":18,"column":45}},{"start":{"line":18,"column":43},"end":{"line":18,"column":53}}]},"37":{"loc":{"start":{"line":18,"column":18},"end":{"line":18,"column":45}},"type":"binary-expr","locations":[{"start":{"line":18,"column":18},"end":{"line":18,"column":45}},{"start":{"line":18,"column":43},"end":{"line":18,"column":45}}]},"38":{"loc":{"start":{"line":18,"column":18},"end":{"line":18,"column":43}},"type":"cond-expr","locations":[{"start":{"line":18,"column":30},"end":{"line":18,"column":32}},{"start":{"line":18,"column":30},"end":{"line":18,"column":43}}]},"39":{"loc":{"start":{"line":18,"column":18},"end":{"line":18,"column":32}},"type":"binary-expr","locations":[{"start":{"line":18,"column":18},"end":{"line":18,"column":32}},{"start":{"line":18,"column":30},"end":{"line":18,"column":32}}]},"40":{"loc":{"start":{"line":18,"column":18},"end":{"line":18,"column":30}},"type":"cond-expr","locations":[{"start":{"line":18,"column":24},"end":{"line":18,"column":26}},{"start":{"line":18,"column":18},"end":{"line":18,"column":30}}]},"41":{"loc":{"start":{"line":18,"column":18},"end":{"line":18,"column":26}},"type":"binary-expr","locations":[{"start":{"line":18,"column":18},"end":{"line":18,"column":26}},{"start":{"line":18,"column":18},"end":{"line":18,"column":26}}]},"42":{"loc":{"start":{"line":19,"column":27},"end":{"line":19,"column":74}},"type":"cond-expr","locations":[{"start":{"line":19,"column":68},"end":{"line":19,"column":70}},{"start":{"line":19,"column":68},"end":{"line":19,"column":74}}]},"43":{"loc":{"start":{"line":19,"column":27},"end":{"line":19,"column":70}},"type":"binary-expr","locations":[{"start":{"line":19,"column":27},"end":{"line":19,"column":70}},{"start":{"line":19,"column":68},"end":{"line":19,"column":70}}]},"44":{"loc":{"start":{"line":19,"column":27},"end":{"line":19,"column":68}},"type":"cond-expr","locations":[{"start":{"line":19,"column":52},"end":{"line":19,"column":54}},{"start":{"line":19,"column":52},"end":{"line":19,"column":68}}]},"45":{"loc":{"start":{"line":19,"column":27},"end":{"line":19,"column":54}},"type":"binary-expr","locations":[{"start":{"line":19,"column":27},"end":{"line":19,"column":54}},{"start":{"line":19,"column":52},"end":{"line":19,"column":54}}]},"46":{"loc":{"start":{"line":19,"column":27},"end":{"line":19,"column":52}},"type":"cond-expr","locations":[{"start":{"line":19,"column":39},"end":{"line":19,"column":41}},{"start":{"line":19,"column":39},"end":{"line":19,"column":52}}]},"47":{"loc":{"start":{"line":19,"column":27},"end":{"line":19,"column":41}},"type":"binary-expr","locations":[{"start":{"line":19,"column":27},"end":{"line":19,"column":41}},{"start":{"line":19,"column":39},"end":{"line":19,"column":41}}]},"48":{"loc":{"start":{"line":19,"column":27},"end":{"line":19,"column":39}},"type":"cond-expr","locations":[{"start":{"line":19,"column":33},"end":{"line":19,"column":35}},{"start":{"line":19,"column":27},"end":{"line":19,"column":39}}]},"49":{"loc":{"start":{"line":19,"column":27},"end":{"line":19,"column":35}},"type":"binary-expr","locations":[{"start":{"line":19,"column":27},"end":{"line":19,"column":35}},{"start":{"line":19,"column":27},"end":{"line":19,"column":35}}]},"50":{"loc":{"start":{"line":20,"column":13},"end":{"line":20,"column":66}},"type":"cond-expr","locations":[{"start":{"line":20,"column":61},"end":{"line":20,"column":63}},{"start":{"line":20,"column":61},"end":{"line":20,"column":66}}]},"51":{"loc":{"start":{"line":20,"column":13},"end":{"line":20,"column":63}},"type":"binary-expr","locations":[{"start":{"line":20,"column":13},"end":{"line":20,"column":63}},{"start":{"line":20,"column":61},"end":{"line":20,"column":63}}]},"52":{"loc":{"start":{"line":20,"column":13},"end":{"line":20,"column":61}},"type":"cond-expr","locations":[{"start":{"line":20,"column":54},"end":{"line":20,"column":56}},{"start":{"line":20,"column":54},"end":{"line":20,"column":61}}]},"53":{"loc":{"start":{"line":20,"column":13},"end":{"line":20,"column":56}},"type":"binary-expr","locations":[{"start":{"line":20,"column":13},"end":{"line":20,"column":56}},{"start":{"line":20,"column":54},"end":{"line":20,"column":56}}]},"54":{"loc":{"start":{"line":20,"column":13},"end":{"line":20,"column":54}},"type":"cond-expr","locations":[{"start":{"line":20,"column":38},"end":{"line":20,"column":40}},{"start":{"line":20,"column":38},"end":{"line":20,"column":54}}]},"55":{"loc":{"start":{"line":20,"column":13},"end":{"line":20,"column":40}},"type":"binary-expr","locations":[{"start":{"line":20,"column":13},"end":{"line":20,"column":40}},{"start":{"line":20,"column":38},"end":{"line":20,"column":40}}]},"56":{"loc":{"start":{"line":20,"column":13},"end":{"line":20,"column":38}},"type":"cond-expr","locations":[{"start":{"line":20,"column":25},"end":{"line":20,"column":27}},{"start":{"line":20,"column":25},"end":{"line":20,"column":38}}]},"57":{"loc":{"start":{"line":20,"column":13},"end":{"line":20,"column":27}},"type":"binary-expr","locations":[{"start":{"line":20,"column":13},"end":{"line":20,"column":27}},{"start":{"line":20,"column":25},"end":{"line":20,"column":27}}]},"58":{"loc":{"start":{"line":20,"column":13},"end":{"line":20,"column":25}},"type":"cond-expr","locations":[{"start":{"line":20,"column":19},"end":{"line":20,"column":21}},{"start":{"line":20,"column":13},"end":{"line":20,"column":25}}]},"59":{"loc":{"start":{"line":20,"column":13},"end":{"line":20,"column":21}},"type":"binary-expr","locations":[{"start":{"line":20,"column":13},"end":{"line":20,"column":21}},{"start":{"line":20,"column":13},"end":{"line":20,"column":21}}]},"60":{"loc":{"start":{"line":21,"column":14},"end":{"line":21,"column":68}},"type":"cond-expr","locations":[{"start":{"line":21,"column":62},"end":{"line":21,"column":64}},{"start":{"line":21,"column":62},"end":{"line":21,"column":68}}]},"61":{"loc":{"start":{"line":21,"column":14},"end":{"line":21,"column":64}},"type":"binary-expr","locations":[{"start":{"line":21,"column":14},"end":{"line":21,"column":64}},{"start":{"line":21,"column":62},"end":{"line":21,"column":64}}]},"62":{"loc":{"start":{"line":21,"column":14},"end":{"line":21,"column":62}},"type":"cond-expr","locations":[{"start":{"line":21,"column":55},"end":{"line":21,"column":57}},{"start":{"line":21,"column":55},"end":{"line":21,"column":62}}]},"63":{"loc":{"start":{"line":21,"column":14},"end":{"line":21,"column":57}},"type":"binary-expr","locations":[{"start":{"line":21,"column":14},"end":{"line":21,"column":57}},{"start":{"line":21,"column":55},"end":{"line":21,"column":57}}]},"64":{"loc":{"start":{"line":21,"column":14},"end":{"line":21,"column":55}},"type":"cond-expr","locations":[{"start":{"line":21,"column":39},"end":{"line":21,"column":41}},{"start":{"line":21,"column":39},"end":{"line":21,"column":55}}]},"65":{"loc":{"start":{"line":21,"column":14},"end":{"line":21,"column":41}},"type":"binary-expr","locations":[{"start":{"line":21,"column":14},"end":{"line":21,"column":41}},{"start":{"line":21,"column":39},"end":{"line":21,"column":41}}]},"66":{"loc":{"start":{"line":21,"column":14},"end":{"line":21,"column":39}},"type":"cond-expr","locations":[{"start":{"line":21,"column":26},"end":{"line":21,"column":28}},{"start":{"line":21,"column":26},"end":{"line":21,"column":39}}]},"67":{"loc":{"start":{"line":21,"column":14},"end":{"line":21,"column":28}},"type":"binary-expr","locations":[{"start":{"line":21,"column":14},"end":{"line":21,"column":28}},{"start":{"line":21,"column":26},"end":{"line":21,"column":28}}]},"68":{"loc":{"start":{"line":21,"column":14},"end":{"line":21,"column":26}},"type":"cond-expr","locations":[{"start":{"line":21,"column":20},"end":{"line":21,"column":22}},{"start":{"line":21,"column":14},"end":{"line":21,"column":26}}]},"69":{"loc":{"start":{"line":21,"column":14},"end":{"line":21,"column":22}},"type":"binary-expr","locations":[{"start":{"line":21,"column":14},"end":{"line":21,"column":22}},{"start":{"line":21,"column":14},"end":{"line":21,"column":22}}]},"70":{"loc":{"start":{"line":22,"column":15},"end":{"line":22,"column":70}},"type":"cond-expr","locations":[{"start":{"line":22,"column":63},"end":{"line":22,"column":65}},{"start":{"line":22,"column":63},"end":{"line":22,"column":70}}]},"71":{"loc":{"start":{"line":22,"column":15},"end":{"line":22,"column":65}},"type":"binary-expr","locations":[{"start":{"line":22,"column":15},"end":{"line":22,"column":65}},{"start":{"line":22,"column":63},"end":{"line":22,"column":65}}]},"72":{"loc":{"start":{"line":22,"column":15},"end":{"line":22,"column":63}},"type":"cond-expr","locations":[{"start":{"line":22,"column":56},"end":{"line":22,"column":58}},{"start":{"line":22,"column":56},"end":{"line":22,"column":63}}]},"73":{"loc":{"start":{"line":22,"column":15},"end":{"line":22,"column":58}},"type":"binary-expr","locations":[{"start":{"line":22,"column":15},"end":{"line":22,"column":58}},{"start":{"line":22,"column":56},"end":{"line":22,"column":58}}]},"74":{"loc":{"start":{"line":22,"column":15},"end":{"line":22,"column":56}},"type":"cond-expr","locations":[{"start":{"line":22,"column":40},"end":{"line":22,"column":42}},{"start":{"line":22,"column":40},"end":{"line":22,"column":56}}]},"75":{"loc":{"start":{"line":22,"column":15},"end":{"line":22,"column":42}},"type":"binary-expr","locations":[{"start":{"line":22,"column":15},"end":{"line":22,"column":42}},{"start":{"line":22,"column":40},"end":{"line":22,"column":42}}]},"76":{"loc":{"start":{"line":22,"column":15},"end":{"line":22,"column":40}},"type":"cond-expr","locations":[{"start":{"line":22,"column":27},"end":{"line":22,"column":29}},{"start":{"line":22,"column":27},"end":{"line":22,"column":40}}]},"77":{"loc":{"start":{"line":22,"column":15},"end":{"line":22,"column":29}},"type":"binary-expr","locations":[{"start":{"line":22,"column":15},"end":{"line":22,"column":29}},{"start":{"line":22,"column":27},"end":{"line":22,"column":29}}]},"78":{"loc":{"start":{"line":22,"column":15},"end":{"line":22,"column":27}},"type":"cond-expr","locations":[{"start":{"line":22,"column":21},"end":{"line":22,"column":23}},{"start":{"line":22,"column":15},"end":{"line":22,"column":27}}]},"79":{"loc":{"start":{"line":22,"column":15},"end":{"line":22,"column":23}},"type":"binary-expr","locations":[{"start":{"line":22,"column":15},"end":{"line":22,"column":23}},{"start":{"line":22,"column":15},"end":{"line":22,"column":23}}]},"80":{"loc":{"start":{"line":23,"column":17},"end":{"line":23,"column":75}},"type":"cond-expr","locations":[{"start":{"line":23,"column":65},"end":{"line":23,"column":67}},{"start":{"line":23,"column":65},"end":{"line":23,"column":75}}]},"81":{"loc":{"start":{"line":23,"column":17},"end":{"line":23,"column":67}},"type":"binary-expr","locations":[{"start":{"line":23,"column":17},"end":{"line":23,"column":67}},{"start":{"line":23,"column":65},"end":{"line":23,"column":67}}]},"82":{"loc":{"start":{"line":23,"column":17},"end":{"line":23,"column":65}},"type":"cond-expr","locations":[{"start":{"line":23,"column":58},"end":{"line":23,"column":60}},{"start":{"line":23,"column":58},"end":{"line":23,"column":65}}]},"83":{"loc":{"start":{"line":23,"column":17},"end":{"line":23,"column":60}},"type":"binary-expr","locations":[{"start":{"line":23,"column":17},"end":{"line":23,"column":60}},{"start":{"line":23,"column":58},"end":{"line":23,"column":60}}]},"84":{"loc":{"start":{"line":23,"column":17},"end":{"line":23,"column":58}},"type":"cond-expr","locations":[{"start":{"line":23,"column":42},"end":{"line":23,"column":44}},{"start":{"line":23,"column":42},"end":{"line":23,"column":58}}]},"85":{"loc":{"start":{"line":23,"column":17},"end":{"line":23,"column":44}},"type":"binary-expr","locations":[{"start":{"line":23,"column":17},"end":{"line":23,"column":44}},{"start":{"line":23,"column":42},"end":{"line":23,"column":44}}]},"86":{"loc":{"start":{"line":23,"column":17},"end":{"line":23,"column":42}},"type":"cond-expr","locations":[{"start":{"line":23,"column":29},"end":{"line":23,"column":31}},{"start":{"line":23,"column":29},"end":{"line":23,"column":42}}]},"87":{"loc":{"start":{"line":23,"column":17},"end":{"line":23,"column":31}},"type":"binary-expr","locations":[{"start":{"line":23,"column":17},"end":{"line":23,"column":31}},{"start":{"line":23,"column":29},"end":{"line":23,"column":31}}]},"88":{"loc":{"start":{"line":23,"column":17},"end":{"line":23,"column":29}},"type":"cond-expr","locations":[{"start":{"line":23,"column":23},"end":{"line":23,"column":25}},{"start":{"line":23,"column":17},"end":{"line":23,"column":29}}]},"89":{"loc":{"start":{"line":23,"column":17},"end":{"line":23,"column":25}},"type":"binary-expr","locations":[{"start":{"line":23,"column":17},"end":{"line":23,"column":25}},{"start":{"line":23,"column":17},"end":{"line":23,"column":25}}]},"90":{"loc":{"start":{"line":24,"column":18},"end":{"line":24,"column":77}},"type":"cond-expr","locations":[{"start":{"line":24,"column":66},"end":{"line":24,"column":68}},{"start":{"line":24,"column":66},"end":{"line":24,"column":77}}]},"91":{"loc":{"start":{"line":24,"column":18},"end":{"line":24,"column":68}},"type":"binary-expr","locations":[{"start":{"line":24,"column":18},"end":{"line":24,"column":68}},{"start":{"line":24,"column":66},"end":{"line":24,"column":68}}]},"92":{"loc":{"start":{"line":24,"column":18},"end":{"line":24,"column":66}},"type":"cond-expr","locations":[{"start":{"line":24,"column":59},"end":{"line":24,"column":61}},{"start":{"line":24,"column":59},"end":{"line":24,"column":66}}]},"93":{"loc":{"start":{"line":24,"column":18},"end":{"line":24,"column":61}},"type":"binary-expr","locations":[{"start":{"line":24,"column":18},"end":{"line":24,"column":61}},{"start":{"line":24,"column":59},"end":{"line":24,"column":61}}]},"94":{"loc":{"start":{"line":24,"column":18},"end":{"line":24,"column":59}},"type":"cond-expr","locations":[{"start":{"line":24,"column":43},"end":{"line":24,"column":45}},{"start":{"line":24,"column":43},"end":{"line":24,"column":59}}]},"95":{"loc":{"start":{"line":24,"column":18},"end":{"line":24,"column":45}},"type":"binary-expr","locations":[{"start":{"line":24,"column":18},"end":{"line":24,"column":45}},{"start":{"line":24,"column":43},"end":{"line":24,"column":45}}]},"96":{"loc":{"start":{"line":24,"column":18},"end":{"line":24,"column":43}},"type":"cond-expr","locations":[{"start":{"line":24,"column":30},"end":{"line":24,"column":32}},{"start":{"line":24,"column":30},"end":{"line":24,"column":43}}]},"97":{"loc":{"start":{"line":24,"column":18},"end":{"line":24,"column":32}},"type":"binary-expr","locations":[{"start":{"line":24,"column":18},"end":{"line":24,"column":32}},{"start":{"line":24,"column":30},"end":{"line":24,"column":32}}]},"98":{"loc":{"start":{"line":24,"column":18},"end":{"line":24,"column":30}},"type":"cond-expr","locations":[{"start":{"line":24,"column":24},"end":{"line":24,"column":26}},{"start":{"line":24,"column":18},"end":{"line":24,"column":30}}]},"99":{"loc":{"start":{"line":24,"column":18},"end":{"line":24,"column":26}},"type":"binary-expr","locations":[{"start":{"line":24,"column":18},"end":{"line":24,"column":26}},{"start":{"line":24,"column":18},"end":{"line":24,"column":26}}]},"100":{"loc":{"start":{"line":25,"column":18},"end":{"line":25,"column":77}},"type":"cond-expr","locations":[{"start":{"line":25,"column":66},"end":{"line":25,"column":68}},{"start":{"line":25,"column":66},"end":{"line":25,"column":77}}]},"101":{"loc":{"start":{"line":25,"column":18},"end":{"line":25,"column":68}},"type":"binary-expr","locations":[{"start":{"line":25,"column":18},"end":{"line":25,"column":68}},{"start":{"line":25,"column":66},"end":{"line":25,"column":68}}]},"102":{"loc":{"start":{"line":25,"column":18},"end":{"line":25,"column":66}},"type":"cond-expr","locations":[{"start":{"line":25,"column":59},"end":{"line":25,"column":61}},{"start":{"line":25,"column":59},"end":{"line":25,"column":66}}]},"103":{"loc":{"start":{"line":25,"column":18},"end":{"line":25,"column":61}},"type":"binary-expr","locations":[{"start":{"line":25,"column":18},"end":{"line":25,"column":61}},{"start":{"line":25,"column":59},"end":{"line":25,"column":61}}]},"104":{"loc":{"start":{"line":25,"column":18},"end":{"line":25,"column":59}},"type":"cond-expr","locations":[{"start":{"line":25,"column":43},"end":{"line":25,"column":45}},{"start":{"line":25,"column":43},"end":{"line":25,"column":59}}]},"105":{"loc":{"start":{"line":25,"column":18},"end":{"line":25,"column":45}},"type":"binary-expr","locations":[{"start":{"line":25,"column":18},"end":{"line":25,"column":45}},{"start":{"line":25,"column":43},"end":{"line":25,"column":45}}]},"106":{"loc":{"start":{"line":25,"column":18},"end":{"line":25,"column":43}},"type":"cond-expr","locations":[{"start":{"line":25,"column":30},"end":{"line":25,"column":32}},{"start":{"line":25,"column":30},"end":{"line":25,"column":43}}]},"107":{"loc":{"start":{"line":25,"column":18},"end":{"line":25,"column":32}},"type":"binary-expr","locations":[{"start":{"line":25,"column":18},"end":{"line":25,"column":32}},{"start":{"line":25,"column":30},"end":{"line":25,"column":32}}]},"108":{"loc":{"start":{"line":25,"column":18},"end":{"line":25,"column":30}},"type":"cond-expr","locations":[{"start":{"line":25,"column":24},"end":{"line":25,"column":26}},{"start":{"line":25,"column":18},"end":{"line":25,"column":30}}]},"109":{"loc":{"start":{"line":25,"column":18},"end":{"line":25,"column":26}},"type":"binary-expr","locations":[{"start":{"line":25,"column":18},"end":{"line":25,"column":26}},{"start":{"line":25,"column":18},"end":{"line":25,"column":26}}]},"110":{"loc":{"start":{"line":26,"column":18},"end":{"line":26,"column":77}},"type":"cond-expr","locations":[{"start":{"line":26,"column":66},"end":{"line":26,"column":68}},{"start":{"line":26,"column":66},"end":{"line":26,"column":77}}]},"111":{"loc":{"start":{"line":26,"column":18},"end":{"line":26,"column":68}},"type":"binary-expr","locations":[{"start":{"line":26,"column":18},"end":{"line":26,"column":68}},{"start":{"line":26,"column":66},"end":{"line":26,"column":68}}]},"112":{"loc":{"start":{"line":26,"column":18},"end":{"line":26,"column":66}},"type":"cond-expr","locations":[{"start":{"line":26,"column":59},"end":{"line":26,"column":61}},{"start":{"line":26,"column":59},"end":{"line":26,"column":66}}]},"113":{"loc":{"start":{"line":26,"column":18},"end":{"line":26,"column":61}},"type":"binary-expr","locations":[{"start":{"line":26,"column":18},"end":{"line":26,"column":61}},{"start":{"line":26,"column":59},"end":{"line":26,"column":61}}]},"114":{"loc":{"start":{"line":26,"column":18},"end":{"line":26,"column":59}},"type":"cond-expr","locations":[{"start":{"line":26,"column":43},"end":{"line":26,"column":45}},{"start":{"line":26,"column":43},"end":{"line":26,"column":59}}]},"115":{"loc":{"start":{"line":26,"column":18},"end":{"line":26,"column":45}},"type":"binary-expr","locations":[{"start":{"line":26,"column":18},"end":{"line":26,"column":45}},{"start":{"line":26,"column":43},"end":{"line":26,"column":45}}]},"116":{"loc":{"start":{"line":26,"column":18},"end":{"line":26,"column":43}},"type":"cond-expr","locations":[{"start":{"line":26,"column":30},"end":{"line":26,"column":32}},{"start":{"line":26,"column":30},"end":{"line":26,"column":43}}]},"117":{"loc":{"start":{"line":26,"column":18},"end":{"line":26,"column":32}},"type":"binary-expr","locations":[{"start":{"line":26,"column":18},"end":{"line":26,"column":32}},{"start":{"line":26,"column":30},"end":{"line":26,"column":32}}]},"118":{"loc":{"start":{"line":26,"column":18},"end":{"line":26,"column":30}},"type":"cond-expr","locations":[{"start":{"line":26,"column":24},"end":{"line":26,"column":26}},{"start":{"line":26,"column":18},"end":{"line":26,"column":30}}]},"119":{"loc":{"start":{"line":26,"column":18},"end":{"line":26,"column":26}},"type":"binary-expr","locations":[{"start":{"line":26,"column":18},"end":{"line":26,"column":26}},{"start":{"line":26,"column":18},"end":{"line":26,"column":26}}]},"120":{"loc":{"start":{"line":27,"column":20},"end":{"line":27,"column":81}},"type":"cond-expr","locations":[{"start":{"line":27,"column":68},"end":{"line":27,"column":70}},{"start":{"line":27,"column":68},"end":{"line":27,"column":81}}]},"121":{"loc":{"start":{"line":27,"column":20},"end":{"line":27,"column":70}},"type":"binary-expr","locations":[{"start":{"line":27,"column":20},"end":{"line":27,"column":70}},{"start":{"line":27,"column":68},"end":{"line":27,"column":70}}]},"122":{"loc":{"start":{"line":27,"column":20},"end":{"line":27,"column":68}},"type":"cond-expr","locations":[{"start":{"line":27,"column":61},"end":{"line":27,"column":63}},{"start":{"line":27,"column":61},"end":{"line":27,"column":68}}]},"123":{"loc":{"start":{"line":27,"column":20},"end":{"line":27,"column":63}},"type":"binary-expr","locations":[{"start":{"line":27,"column":20},"end":{"line":27,"column":63}},{"start":{"line":27,"column":61},"end":{"line":27,"column":63}}]},"124":{"loc":{"start":{"line":27,"column":20},"end":{"line":27,"column":61}},"type":"cond-expr","locations":[{"start":{"line":27,"column":45},"end":{"line":27,"column":47}},{"start":{"line":27,"column":45},"end":{"line":27,"column":61}}]},"125":{"loc":{"start":{"line":27,"column":20},"end":{"line":27,"column":47}},"type":"binary-expr","locations":[{"start":{"line":27,"column":20},"end":{"line":27,"column":47}},{"start":{"line":27,"column":45},"end":{"line":27,"column":47}}]},"126":{"loc":{"start":{"line":27,"column":20},"end":{"line":27,"column":45}},"type":"cond-expr","locations":[{"start":{"line":27,"column":32},"end":{"line":27,"column":34}},{"start":{"line":27,"column":32},"end":{"line":27,"column":45}}]},"127":{"loc":{"start":{"line":27,"column":20},"end":{"line":27,"column":34}},"type":"binary-expr","locations":[{"start":{"line":27,"column":20},"end":{"line":27,"column":34}},{"start":{"line":27,"column":32},"end":{"line":27,"column":34}}]},"128":{"loc":{"start":{"line":27,"column":20},"end":{"line":27,"column":32}},"type":"cond-expr","locations":[{"start":{"line":27,"column":26},"end":{"line":27,"column":28}},{"start":{"line":27,"column":20},"end":{"line":27,"column":32}}]},"129":{"loc":{"start":{"line":27,"column":20},"end":{"line":27,"column":28}},"type":"binary-expr","locations":[{"start":{"line":27,"column":20},"end":{"line":27,"column":28}},{"start":{"line":27,"column":20},"end":{"line":27,"column":28}}]},"130":{"loc":{"start":{"line":28,"column":19},"end":{"line":28,"column":80}},"type":"cond-expr","locations":[{"start":{"line":28,"column":67},"end":{"line":28,"column":69}},{"start":{"line":28,"column":67},"end":{"line":28,"column":80}}]},"131":{"loc":{"start":{"line":28,"column":19},"end":{"line":28,"column":69}},"type":"binary-expr","locations":[{"start":{"line":28,"column":19},"end":{"line":28,"column":69}},{"start":{"line":28,"column":67},"end":{"line":28,"column":69}}]},"132":{"loc":{"start":{"line":28,"column":19},"end":{"line":28,"column":67}},"type":"cond-expr","locations":[{"start":{"line":28,"column":60},"end":{"line":28,"column":62}},{"start":{"line":28,"column":60},"end":{"line":28,"column":67}}]},"133":{"loc":{"start":{"line":28,"column":19},"end":{"line":28,"column":62}},"type":"binary-expr","locations":[{"start":{"line":28,"column":19},"end":{"line":28,"column":62}},{"start":{"line":28,"column":60},"end":{"line":28,"column":62}}]},"134":{"loc":{"start":{"line":28,"column":19},"end":{"line":28,"column":60}},"type":"cond-expr","locations":[{"start":{"line":28,"column":44},"end":{"line":28,"column":46}},{"start":{"line":28,"column":44},"end":{"line":28,"column":60}}]},"135":{"loc":{"start":{"line":28,"column":19},"end":{"line":28,"column":46}},"type":"binary-expr","locations":[{"start":{"line":28,"column":19},"end":{"line":28,"column":46}},{"start":{"line":28,"column":44},"end":{"line":28,"column":46}}]},"136":{"loc":{"start":{"line":28,"column":19},"end":{"line":28,"column":44}},"type":"cond-expr","locations":[{"start":{"line":28,"column":31},"end":{"line":28,"column":33}},{"start":{"line":28,"column":31},"end":{"line":28,"column":44}}]},"137":{"loc":{"start":{"line":28,"column":19},"end":{"line":28,"column":33}},"type":"binary-expr","locations":[{"start":{"line":28,"column":19},"end":{"line":28,"column":33}},{"start":{"line":28,"column":31},"end":{"line":28,"column":33}}]},"138":{"loc":{"start":{"line":28,"column":19},"end":{"line":28,"column":31}},"type":"cond-expr","locations":[{"start":{"line":28,"column":25},"end":{"line":28,"column":27}},{"start":{"line":28,"column":19},"end":{"line":28,"column":31}}]},"139":{"loc":{"start":{"line":28,"column":19},"end":{"line":28,"column":27}},"type":"binary-expr","locations":[{"start":{"line":28,"column":19},"end":{"line":28,"column":27}},{"start":{"line":28,"column":19},"end":{"line":28,"column":27}}]},"140":{"loc":{"start":{"line":29,"column":20},"end":{"line":29,"column":81}},"type":"cond-expr","locations":[{"start":{"line":29,"column":68},"end":{"line":29,"column":70}},{"start":{"line":29,"column":68},"end":{"line":29,"column":81}}]},"141":{"loc":{"start":{"line":29,"column":20},"end":{"line":29,"column":70}},"type":"binary-expr","locations":[{"start":{"line":29,"column":20},"end":{"line":29,"column":70}},{"start":{"line":29,"column":68},"end":{"line":29,"column":70}}]},"142":{"loc":{"start":{"line":29,"column":20},"end":{"line":29,"column":68}},"type":"cond-expr","locations":[{"start":{"line":29,"column":61},"end":{"line":29,"column":63}},{"start":{"line":29,"column":61},"end":{"line":29,"column":68}}]},"143":{"loc":{"start":{"line":29,"column":20},"end":{"line":29,"column":63}},"type":"binary-expr","locations":[{"start":{"line":29,"column":20},"end":{"line":29,"column":63}},{"start":{"line":29,"column":61},"end":{"line":29,"column":63}}]},"144":{"loc":{"start":{"line":29,"column":20},"end":{"line":29,"column":61}},"type":"cond-expr","locations":[{"start":{"line":29,"column":45},"end":{"line":29,"column":47}},{"start":{"line":29,"column":45},"end":{"line":29,"column":61}}]},"145":{"loc":{"start":{"line":29,"column":20},"end":{"line":29,"column":47}},"type":"binary-expr","locations":[{"start":{"line":29,"column":20},"end":{"line":29,"column":47}},{"start":{"line":29,"column":45},"end":{"line":29,"column":47}}]},"146":{"loc":{"start":{"line":29,"column":20},"end":{"line":29,"column":45}},"type":"cond-expr","locations":[{"start":{"line":29,"column":32},"end":{"line":29,"column":34}},{"start":{"line":29,"column":32},"end":{"line":29,"column":45}}]},"147":{"loc":{"start":{"line":29,"column":20},"end":{"line":29,"column":34}},"type":"binary-expr","locations":[{"start":{"line":29,"column":20},"end":{"line":29,"column":34}},{"start":{"line":29,"column":32},"end":{"line":29,"column":34}}]},"148":{"loc":{"start":{"line":29,"column":20},"end":{"line":29,"column":32}},"type":"cond-expr","locations":[{"start":{"line":29,"column":26},"end":{"line":29,"column":28}},{"start":{"line":29,"column":20},"end":{"line":29,"column":32}}]},"149":{"loc":{"start":{"line":29,"column":20},"end":{"line":29,"column":28}},"type":"binary-expr","locations":[{"start":{"line":29,"column":20},"end":{"line":29,"column":28}},{"start":{"line":29,"column":20},"end":{"line":29,"column":28}}]},"150":{"loc":{"start":{"line":30,"column":21},"end":{"line":30,"column":111}},"type":"binary-expr","locations":[{"start":{"line":30,"column":21},"end":{"line":30,"column":98}},{"start":{"line":30,"column":102},"end":{"line":30,"column":111}}]},"151":{"loc":{"start":{"line":30,"column":21},"end":{"line":30,"column":98}},"type":"cond-expr","locations":[{"start":{"line":30,"column":84},"end":{"line":30,"column":86}},{"start":{"line":30,"column":84},"end":{"line":30,"column":98}}]},"152":{"loc":{"start":{"line":30,"column":21},"end":{"line":30,"column":86}},"type":"binary-expr","locations":[{"start":{"line":30,"column":21},"end":{"line":30,"column":86}},{"start":{"line":30,"column":84},"end":{"line":30,"column":86}}]},"153":{"loc":{"start":{"line":30,"column":21},"end":{"line":30,"column":84}},"type":"cond-expr","locations":[{"start":{"line":30,"column":69},"end":{"line":30,"column":71}},{"start":{"line":30,"column":69},"end":{"line":30,"column":84}}]},"154":{"loc":{"start":{"line":30,"column":21},"end":{"line":30,"column":71}},"type":"binary-expr","locations":[{"start":{"line":30,"column":21},"end":{"line":30,"column":71}},{"start":{"line":30,"column":69},"end":{"line":30,"column":71}}]},"155":{"loc":{"start":{"line":30,"column":21},"end":{"line":30,"column":69}},"type":"cond-expr","locations":[{"start":{"line":30,"column":62},"end":{"line":30,"column":64}},{"start":{"line":30,"column":62},"end":{"line":30,"column":69}}]},"156":{"loc":{"start":{"line":30,"column":21},"end":{"line":30,"column":64}},"type":"binary-expr","locations":[{"start":{"line":30,"column":21},"end":{"line":30,"column":64}},{"start":{"line":30,"column":62},"end":{"line":30,"column":64}}]},"157":{"loc":{"start":{"line":30,"column":21},"end":{"line":30,"column":62}},"type":"cond-expr","locations":[{"start":{"line":30,"column":46},"end":{"line":30,"column":48}},{"start":{"line":30,"column":46},"end":{"line":30,"column":62}}]},"158":{"loc":{"start":{"line":30,"column":21},"end":{"line":30,"column":48}},"type":"binary-expr","locations":[{"start":{"line":30,"column":21},"end":{"line":30,"column":48}},{"start":{"line":30,"column":46},"end":{"line":30,"column":48}}]},"159":{"loc":{"start":{"line":30,"column":21},"end":{"line":30,"column":46}},"type":"cond-expr","locations":[{"start":{"line":30,"column":33},"end":{"line":30,"column":35}},{"start":{"line":30,"column":33},"end":{"line":30,"column":46}}]},"160":{"loc":{"start":{"line":30,"column":21},"end":{"line":30,"column":35}},"type":"binary-expr","locations":[{"start":{"line":30,"column":21},"end":{"line":30,"column":35}},{"start":{"line":30,"column":33},"end":{"line":30,"column":35}}]},"161":{"loc":{"start":{"line":30,"column":21},"end":{"line":30,"column":33}},"type":"cond-expr","locations":[{"start":{"line":30,"column":27},"end":{"line":30,"column":29}},{"start":{"line":30,"column":21},"end":{"line":30,"column":33}}]},"162":{"loc":{"start":{"line":30,"column":21},"end":{"line":30,"column":29}},"type":"binary-expr","locations":[{"start":{"line":30,"column":21},"end":{"line":30,"column":29}},{"start":{"line":30,"column":21},"end":{"line":30,"column":29}}]},"163":{"loc":{"start":{"line":31,"column":27},"end":{"line":31,"column":124}},"type":"binary-expr","locations":[{"start":{"line":31,"column":27},"end":{"line":31,"column":111}},{"start":{"line":31,"column":115},"end":{"line":31,"column":124}}]},"164":{"loc":{"start":{"line":31,"column":27},"end":{"line":31,"column":111}},"type":"cond-expr","locations":[{"start":{"line":31,"column":90},"end":{"line":31,"column":92}},{"start":{"line":31,"column":90},"end":{"line":31,"column":111}}]},"165":{"loc":{"start":{"line":31,"column":27},"end":{"line":31,"column":92}},"type":"binary-expr","locations":[{"start":{"line":31,"column":27},"end":{"line":31,"column":92}},{"start":{"line":31,"column":90},"end":{"line":31,"column":92}}]},"166":{"loc":{"start":{"line":31,"column":27},"end":{"line":31,"column":90}},"type":"cond-expr","locations":[{"start":{"line":31,"column":75},"end":{"line":31,"column":77}},{"start":{"line":31,"column":75},"end":{"line":31,"column":90}}]},"167":{"loc":{"start":{"line":31,"column":27},"end":{"line":31,"column":77}},"type":"binary-expr","locations":[{"start":{"line":31,"column":27},"end":{"line":31,"column":77}},{"start":{"line":31,"column":75},"end":{"line":31,"column":77}}]},"168":{"loc":{"start":{"line":31,"column":27},"end":{"line":31,"column":75}},"type":"cond-expr","locations":[{"start":{"line":31,"column":68},"end":{"line":31,"column":70}},{"start":{"line":31,"column":68},"end":{"line":31,"column":75}}]},"169":{"loc":{"start":{"line":31,"column":27},"end":{"line":31,"column":70}},"type":"binary-expr","locations":[{"start":{"line":31,"column":27},"end":{"line":31,"column":70}},{"start":{"line":31,"column":68},"end":{"line":31,"column":70}}]},"170":{"loc":{"start":{"line":31,"column":27},"end":{"line":31,"column":68}},"type":"cond-expr","locations":[{"start":{"line":31,"column":52},"end":{"line":31,"column":54}},{"start":{"line":31,"column":52},"end":{"line":31,"column":68}}]},"171":{"loc":{"start":{"line":31,"column":27},"end":{"line":31,"column":54}},"type":"binary-expr","locations":[{"start":{"line":31,"column":27},"end":{"line":31,"column":54}},{"start":{"line":31,"column":52},"end":{"line":31,"column":54}}]},"172":{"loc":{"start":{"line":31,"column":27},"end":{"line":31,"column":52}},"type":"cond-expr","locations":[{"start":{"line":31,"column":39},"end":{"line":31,"column":41}},{"start":{"line":31,"column":39},"end":{"line":31,"column":52}}]},"173":{"loc":{"start":{"line":31,"column":27},"end":{"line":31,"column":41}},"type":"binary-expr","locations":[{"start":{"line":31,"column":27},"end":{"line":31,"column":41}},{"start":{"line":31,"column":39},"end":{"line":31,"column":41}}]},"174":{"loc":{"start":{"line":31,"column":27},"end":{"line":31,"column":39}},"type":"cond-expr","locations":[{"start":{"line":31,"column":33},"end":{"line":31,"column":35}},{"start":{"line":31,"column":27},"end":{"line":31,"column":39}}]},"175":{"loc":{"start":{"line":31,"column":27},"end":{"line":31,"column":35}},"type":"binary-expr","locations":[{"start":{"line":31,"column":27},"end":{"line":31,"column":35}},{"start":{"line":31,"column":27},"end":{"line":31,"column":35}}]},"176":{"loc":{"start":{"line":32,"column":28},"end":{"line":32,"column":97}},"type":"cond-expr","locations":[{"start":{"line":32,"column":76},"end":{"line":32,"column":78}},{"start":{"line":32,"column":76},"end":{"line":32,"column":97}}]},"177":{"loc":{"start":{"line":32,"column":28},"end":{"line":32,"column":78}},"type":"binary-expr","locations":[{"start":{"line":32,"column":28},"end":{"line":32,"column":78}},{"start":{"line":32,"column":76},"end":{"line":32,"column":78}}]},"178":{"loc":{"start":{"line":32,"column":28},"end":{"line":32,"column":76}},"type":"cond-expr","locations":[{"start":{"line":32,"column":69},"end":{"line":32,"column":71}},{"start":{"line":32,"column":69},"end":{"line":32,"column":76}}]},"179":{"loc":{"start":{"line":32,"column":28},"end":{"line":32,"column":71}},"type":"binary-expr","locations":[{"start":{"line":32,"column":28},"end":{"line":32,"column":71}},{"start":{"line":32,"column":69},"end":{"line":32,"column":71}}]},"180":{"loc":{"start":{"line":32,"column":28},"end":{"line":32,"column":69}},"type":"cond-expr","locations":[{"start":{"line":32,"column":53},"end":{"line":32,"column":55}},{"start":{"line":32,"column":53},"end":{"line":32,"column":69}}]},"181":{"loc":{"start":{"line":32,"column":28},"end":{"line":32,"column":55}},"type":"binary-expr","locations":[{"start":{"line":32,"column":28},"end":{"line":32,"column":55}},{"start":{"line":32,"column":53},"end":{"line":32,"column":55}}]},"182":{"loc":{"start":{"line":32,"column":28},"end":{"line":32,"column":53}},"type":"cond-expr","locations":[{"start":{"line":32,"column":40},"end":{"line":32,"column":42}},{"start":{"line":32,"column":40},"end":{"line":32,"column":53}}]},"183":{"loc":{"start":{"line":32,"column":28},"end":{"line":32,"column":42}},"type":"binary-expr","locations":[{"start":{"line":32,"column":28},"end":{"line":32,"column":42}},{"start":{"line":32,"column":40},"end":{"line":32,"column":42}}]},"184":{"loc":{"start":{"line":32,"column":28},"end":{"line":32,"column":40}},"type":"cond-expr","locations":[{"start":{"line":32,"column":34},"end":{"line":32,"column":36}},{"start":{"line":32,"column":28},"end":{"line":32,"column":40}}]},"185":{"loc":{"start":{"line":32,"column":28},"end":{"line":32,"column":36}},"type":"binary-expr","locations":[{"start":{"line":32,"column":28},"end":{"line":32,"column":36}},{"start":{"line":32,"column":28},"end":{"line":32,"column":36}}]},"186":{"loc":{"start":{"line":33,"column":31},"end":{"line":33,"column":104}},"type":"cond-expr","locations":[{"start":{"line":33,"column":79},"end":{"line":33,"column":81}},{"start":{"line":33,"column":79},"end":{"line":33,"column":104}}]},"187":{"loc":{"start":{"line":33,"column":31},"end":{"line":33,"column":81}},"type":"binary-expr","locations":[{"start":{"line":33,"column":31},"end":{"line":33,"column":81}},{"start":{"line":33,"column":79},"end":{"line":33,"column":81}}]},"188":{"loc":{"start":{"line":33,"column":31},"end":{"line":33,"column":79}},"type":"cond-expr","locations":[{"start":{"line":33,"column":72},"end":{"line":33,"column":74}},{"start":{"line":33,"column":72},"end":{"line":33,"column":79}}]},"189":{"loc":{"start":{"line":33,"column":31},"end":{"line":33,"column":74}},"type":"binary-expr","locations":[{"start":{"line":33,"column":31},"end":{"line":33,"column":74}},{"start":{"line":33,"column":72},"end":{"line":33,"column":74}}]},"190":{"loc":{"start":{"line":33,"column":31},"end":{"line":33,"column":72}},"type":"cond-expr","locations":[{"start":{"line":33,"column":56},"end":{"line":33,"column":58}},{"start":{"line":33,"column":56},"end":{"line":33,"column":72}}]},"191":{"loc":{"start":{"line":33,"column":31},"end":{"line":33,"column":58}},"type":"binary-expr","locations":[{"start":{"line":33,"column":31},"end":{"line":33,"column":58}},{"start":{"line":33,"column":56},"end":{"line":33,"column":58}}]},"192":{"loc":{"start":{"line":33,"column":31},"end":{"line":33,"column":56}},"type":"cond-expr","locations":[{"start":{"line":33,"column":43},"end":{"line":33,"column":45}},{"start":{"line":33,"column":43},"end":{"line":33,"column":56}}]},"193":{"loc":{"start":{"line":33,"column":31},"end":{"line":33,"column":45}},"type":"binary-expr","locations":[{"start":{"line":33,"column":31},"end":{"line":33,"column":45}},{"start":{"line":33,"column":43},"end":{"line":33,"column":45}}]},"194":{"loc":{"start":{"line":33,"column":31},"end":{"line":33,"column":43}},"type":"cond-expr","locations":[{"start":{"line":33,"column":37},"end":{"line":33,"column":39}},{"start":{"line":33,"column":31},"end":{"line":33,"column":43}}]},"195":{"loc":{"start":{"line":33,"column":31},"end":{"line":33,"column":39}},"type":"binary-expr","locations":[{"start":{"line":33,"column":31},"end":{"line":33,"column":39}},{"start":{"line":33,"column":31},"end":{"line":33,"column":39}}]},"196":{"loc":{"start":{"line":34,"column":15},"end":{"line":34,"column":63}},"type":"cond-expr","locations":[{"start":{"line":34,"column":56},"end":{"line":34,"column":58}},{"start":{"line":34,"column":56},"end":{"line":34,"column":63}}]},"197":{"loc":{"start":{"line":34,"column":15},"end":{"line":34,"column":58}},"type":"binary-expr","locations":[{"start":{"line":34,"column":15},"end":{"line":34,"column":58}},{"start":{"line":34,"column":56},"end":{"line":34,"column":58}}]},"198":{"loc":{"start":{"line":34,"column":15},"end":{"line":34,"column":56}},"type":"cond-expr","locations":[{"start":{"line":34,"column":40},"end":{"line":34,"column":42}},{"start":{"line":34,"column":40},"end":{"line":34,"column":56}}]},"199":{"loc":{"start":{"line":34,"column":15},"end":{"line":34,"column":42}},"type":"binary-expr","locations":[{"start":{"line":34,"column":15},"end":{"line":34,"column":42}},{"start":{"line":34,"column":40},"end":{"line":34,"column":42}}]},"200":{"loc":{"start":{"line":34,"column":15},"end":{"line":34,"column":40}},"type":"cond-expr","locations":[{"start":{"line":34,"column":27},"end":{"line":34,"column":29}},{"start":{"line":34,"column":27},"end":{"line":34,"column":40}}]},"201":{"loc":{"start":{"line":34,"column":15},"end":{"line":34,"column":29}},"type":"binary-expr","locations":[{"start":{"line":34,"column":15},"end":{"line":34,"column":29}},{"start":{"line":34,"column":27},"end":{"line":34,"column":29}}]},"202":{"loc":{"start":{"line":34,"column":15},"end":{"line":34,"column":27}},"type":"cond-expr","locations":[{"start":{"line":34,"column":21},"end":{"line":34,"column":23}},{"start":{"line":34,"column":15},"end":{"line":34,"column":27}}]},"203":{"loc":{"start":{"line":34,"column":15},"end":{"line":34,"column":23}},"type":"binary-expr","locations":[{"start":{"line":34,"column":15},"end":{"line":34,"column":23}},{"start":{"line":34,"column":15},"end":{"line":34,"column":23}}]},"204":{"loc":{"start":{"line":35,"column":22},"end":{"line":35,"column":77}},"type":"cond-expr","locations":[{"start":{"line":35,"column":63},"end":{"line":35,"column":65}},{"start":{"line":35,"column":63},"end":{"line":35,"column":77}}]},"205":{"loc":{"start":{"line":35,"column":22},"end":{"line":35,"column":65}},"type":"binary-expr","locations":[{"start":{"line":35,"column":22},"end":{"line":35,"column":65}},{"start":{"line":35,"column":63},"end":{"line":35,"column":65}}]},"206":{"loc":{"start":{"line":35,"column":22},"end":{"line":35,"column":63}},"type":"cond-expr","locations":[{"start":{"line":35,"column":47},"end":{"line":35,"column":49}},{"start":{"line":35,"column":47},"end":{"line":35,"column":63}}]},"207":{"loc":{"start":{"line":35,"column":22},"end":{"line":35,"column":49}},"type":"binary-expr","locations":[{"start":{"line":35,"column":22},"end":{"line":35,"column":49}},{"start":{"line":35,"column":47},"end":{"line":35,"column":49}}]},"208":{"loc":{"start":{"line":35,"column":22},"end":{"line":35,"column":47}},"type":"cond-expr","locations":[{"start":{"line":35,"column":34},"end":{"line":35,"column":36}},{"start":{"line":35,"column":34},"end":{"line":35,"column":47}}]},"209":{"loc":{"start":{"line":35,"column":22},"end":{"line":35,"column":36}},"type":"binary-expr","locations":[{"start":{"line":35,"column":22},"end":{"line":35,"column":36}},{"start":{"line":35,"column":34},"end":{"line":35,"column":36}}]},"210":{"loc":{"start":{"line":35,"column":22},"end":{"line":35,"column":34}},"type":"cond-expr","locations":[{"start":{"line":35,"column":28},"end":{"line":35,"column":30}},{"start":{"line":35,"column":22},"end":{"line":35,"column":34}}]},"211":{"loc":{"start":{"line":35,"column":22},"end":{"line":35,"column":30}},"type":"binary-expr","locations":[{"start":{"line":35,"column":22},"end":{"line":35,"column":30}},{"start":{"line":35,"column":22},"end":{"line":35,"column":30}}]},"212":{"loc":{"start":{"line":36,"column":16},"end":{"line":36,"column":49}},"type":"cond-expr","locations":[{"start":{"line":36,"column":41},"end":{"line":36,"column":43}},{"start":{"line":36,"column":41},"end":{"line":36,"column":49}}]},"213":{"loc":{"start":{"line":36,"column":16},"end":{"line":36,"column":43}},"type":"binary-expr","locations":[{"start":{"line":36,"column":16},"end":{"line":36,"column":43}},{"start":{"line":36,"column":41},"end":{"line":36,"column":43}}]},"214":{"loc":{"start":{"line":36,"column":16},"end":{"line":36,"column":41}},"type":"cond-expr","locations":[{"start":{"line":36,"column":28},"end":{"line":36,"column":30}},{"start":{"line":36,"column":28},"end":{"line":36,"column":41}}]},"215":{"loc":{"start":{"line":36,"column":16},"end":{"line":36,"column":30}},"type":"binary-expr","locations":[{"start":{"line":36,"column":16},"end":{"line":36,"column":30}},{"start":{"line":36,"column":28},"end":{"line":36,"column":30}}]},"216":{"loc":{"start":{"line":36,"column":16},"end":{"line":36,"column":28}},"type":"cond-expr","locations":[{"start":{"line":36,"column":22},"end":{"line":36,"column":24}},{"start":{"line":36,"column":16},"end":{"line":36,"column":28}}]},"217":{"loc":{"start":{"line":36,"column":16},"end":{"line":36,"column":24}},"type":"binary-expr","locations":[{"start":{"line":36,"column":16},"end":{"line":36,"column":24}},{"start":{"line":36,"column":16},"end":{"line":36,"column":24}}]},"218":{"loc":{"start":{"line":37,"column":23},"end":{"line":37,"column":64}},"type":"cond-expr","locations":[{"start":{"line":37,"column":48},"end":{"line":37,"column":50}},{"start":{"line":37,"column":48},"end":{"line":37,"column":64}}]},"219":{"loc":{"start":{"line":37,"column":23},"end":{"line":37,"column":50}},"type":"binary-expr","locations":[{"start":{"line":37,"column":23},"end":{"line":37,"column":50}},{"start":{"line":37,"column":48},"end":{"line":37,"column":50}}]},"220":{"loc":{"start":{"line":37,"column":23},"end":{"line":37,"column":48}},"type":"cond-expr","locations":[{"start":{"line":37,"column":35},"end":{"line":37,"column":37}},{"start":{"line":37,"column":35},"end":{"line":37,"column":48}}]},"221":{"loc":{"start":{"line":37,"column":23},"end":{"line":37,"column":37}},"type":"binary-expr","locations":[{"start":{"line":37,"column":23},"end":{"line":37,"column":37}},{"start":{"line":37,"column":35},"end":{"line":37,"column":37}}]},"222":{"loc":{"start":{"line":37,"column":23},"end":{"line":37,"column":35}},"type":"cond-expr","locations":[{"start":{"line":37,"column":29},"end":{"line":37,"column":31}},{"start":{"line":37,"column":23},"end":{"line":37,"column":35}}]},"223":{"loc":{"start":{"line":37,"column":23},"end":{"line":37,"column":31}},"type":"binary-expr","locations":[{"start":{"line":37,"column":23},"end":{"line":37,"column":31}},{"start":{"line":37,"column":23},"end":{"line":37,"column":31}}]},"224":{"loc":{"start":{"line":38,"column":25},"end":{"line":38,"column":68}},"type":"cond-expr","locations":[{"start":{"line":38,"column":50},"end":{"line":38,"column":52}},{"start":{"line":38,"column":50},"end":{"line":38,"column":68}}]},"225":{"loc":{"start":{"line":38,"column":25},"end":{"line":38,"column":52}},"type":"binary-expr","locations":[{"start":{"line":38,"column":25},"end":{"line":38,"column":52}},{"start":{"line":38,"column":50},"end":{"line":38,"column":52}}]},"226":{"loc":{"start":{"line":38,"column":25},"end":{"line":38,"column":50}},"type":"cond-expr","locations":[{"start":{"line":38,"column":37},"end":{"line":38,"column":39}},{"start":{"line":38,"column":37},"end":{"line":38,"column":50}}]},"227":{"loc":{"start":{"line":38,"column":25},"end":{"line":38,"column":39}},"type":"binary-expr","locations":[{"start":{"line":38,"column":25},"end":{"line":38,"column":39}},{"start":{"line":38,"column":37},"end":{"line":38,"column":39}}]},"228":{"loc":{"start":{"line":38,"column":25},"end":{"line":38,"column":37}},"type":"cond-expr","locations":[{"start":{"line":38,"column":31},"end":{"line":38,"column":33}},{"start":{"line":38,"column":25},"end":{"line":38,"column":37}}]},"229":{"loc":{"start":{"line":38,"column":25},"end":{"line":38,"column":33}},"type":"binary-expr","locations":[{"start":{"line":38,"column":25},"end":{"line":38,"column":33}},{"start":{"line":38,"column":25},"end":{"line":38,"column":33}}]},"230":{"loc":{"start":{"line":39,"column":25},"end":{"line":39,"column":69}},"type":"cond-expr","locations":[{"start":{"line":39,"column":50},"end":{"line":39,"column":52}},{"start":{"line":39,"column":50},"end":{"line":39,"column":69}}]},"231":{"loc":{"start":{"line":39,"column":25},"end":{"line":39,"column":52}},"type":"binary-expr","locations":[{"start":{"line":39,"column":25},"end":{"line":39,"column":52}},{"start":{"line":39,"column":50},"end":{"line":39,"column":52}}]},"232":{"loc":{"start":{"line":39,"column":25},"end":{"line":39,"column":50}},"type":"cond-expr","locations":[{"start":{"line":39,"column":37},"end":{"line":39,"column":39}},{"start":{"line":39,"column":37},"end":{"line":39,"column":50}}]},"233":{"loc":{"start":{"line":39,"column":25},"end":{"line":39,"column":39}},"type":"binary-expr","locations":[{"start":{"line":39,"column":25},"end":{"line":39,"column":39}},{"start":{"line":39,"column":37},"end":{"line":39,"column":39}}]},"234":{"loc":{"start":{"line":39,"column":25},"end":{"line":39,"column":37}},"type":"cond-expr","locations":[{"start":{"line":39,"column":31},"end":{"line":39,"column":33}},{"start":{"line":39,"column":25},"end":{"line":39,"column":37}}]},"235":{"loc":{"start":{"line":39,"column":25},"end":{"line":39,"column":33}},"type":"binary-expr","locations":[{"start":{"line":39,"column":25},"end":{"line":39,"column":33}},{"start":{"line":39,"column":25},"end":{"line":39,"column":33}}]},"236":{"loc":{"start":{"line":40,"column":23},"end":{"line":40,"column":65}},"type":"cond-expr","locations":[{"start":{"line":40,"column":48},"end":{"line":40,"column":50}},{"start":{"line":40,"column":48},"end":{"line":40,"column":65}}]},"237":{"loc":{"start":{"line":40,"column":23},"end":{"line":40,"column":50}},"type":"binary-expr","locations":[{"start":{"line":40,"column":23},"end":{"line":40,"column":50}},{"start":{"line":40,"column":48},"end":{"line":40,"column":50}}]},"238":{"loc":{"start":{"line":40,"column":23},"end":{"line":40,"column":48}},"type":"cond-expr","locations":[{"start":{"line":40,"column":35},"end":{"line":40,"column":37}},{"start":{"line":40,"column":35},"end":{"line":40,"column":48}}]},"239":{"loc":{"start":{"line":40,"column":23},"end":{"line":40,"column":37}},"type":"binary-expr","locations":[{"start":{"line":40,"column":23},"end":{"line":40,"column":37}},{"start":{"line":40,"column":35},"end":{"line":40,"column":37}}]},"240":{"loc":{"start":{"line":40,"column":23},"end":{"line":40,"column":35}},"type":"cond-expr","locations":[{"start":{"line":40,"column":29},"end":{"line":40,"column":31}},{"start":{"line":40,"column":23},"end":{"line":40,"column":35}}]},"241":{"loc":{"start":{"line":40,"column":23},"end":{"line":40,"column":31}},"type":"binary-expr","locations":[{"start":{"line":40,"column":23},"end":{"line":40,"column":31}},{"start":{"line":40,"column":23},"end":{"line":40,"column":31}}]},"242":{"loc":{"start":{"line":41,"column":18},"end":{"line":41,"column":69}},"type":"cond-expr","locations":[{"start":{"line":41,"column":58},"end":{"line":41,"column":60}},{"start":{"line":41,"column":58},"end":{"line":41,"column":69}}]},"243":{"loc":{"start":{"line":41,"column":18},"end":{"line":41,"column":60}},"type":"binary-expr","locations":[{"start":{"line":41,"column":18},"end":{"line":41,"column":60}},{"start":{"line":41,"column":58},"end":{"line":41,"column":60}}]},"244":{"loc":{"start":{"line":41,"column":18},"end":{"line":41,"column":58}},"type":"cond-expr","locations":[{"start":{"line":41,"column":43},"end":{"line":41,"column":45}},{"start":{"line":41,"column":43},"end":{"line":41,"column":58}}]},"245":{"loc":{"start":{"line":41,"column":18},"end":{"line":41,"column":45}},"type":"binary-expr","locations":[{"start":{"line":41,"column":18},"end":{"line":41,"column":45}},{"start":{"line":41,"column":43},"end":{"line":41,"column":45}}]},"246":{"loc":{"start":{"line":41,"column":18},"end":{"line":41,"column":43}},"type":"cond-expr","locations":[{"start":{"line":41,"column":30},"end":{"line":41,"column":32}},{"start":{"line":41,"column":30},"end":{"line":41,"column":43}}]},"247":{"loc":{"start":{"line":41,"column":18},"end":{"line":41,"column":32}},"type":"binary-expr","locations":[{"start":{"line":41,"column":18},"end":{"line":41,"column":32}},{"start":{"line":41,"column":30},"end":{"line":41,"column":32}}]},"248":{"loc":{"start":{"line":41,"column":18},"end":{"line":41,"column":30}},"type":"cond-expr","locations":[{"start":{"line":41,"column":24},"end":{"line":41,"column":26}},{"start":{"line":41,"column":18},"end":{"line":41,"column":30}}]},"249":{"loc":{"start":{"line":41,"column":18},"end":{"line":41,"column":26}},"type":"binary-expr","locations":[{"start":{"line":41,"column":18},"end":{"line":41,"column":26}},{"start":{"line":41,"column":18},"end":{"line":41,"column":26}}]},"250":{"loc":{"start":{"line":42,"column":21},"end":{"line":42,"column":75}},"type":"cond-expr","locations":[{"start":{"line":42,"column":61},"end":{"line":42,"column":63}},{"start":{"line":42,"column":61},"end":{"line":42,"column":75}}]},"251":{"loc":{"start":{"line":42,"column":21},"end":{"line":42,"column":63}},"type":"binary-expr","locations":[{"start":{"line":42,"column":21},"end":{"line":42,"column":63}},{"start":{"line":42,"column":61},"end":{"line":42,"column":63}}]},"252":{"loc":{"start":{"line":42,"column":21},"end":{"line":42,"column":61}},"type":"cond-expr","locations":[{"start":{"line":42,"column":46},"end":{"line":42,"column":48}},{"start":{"line":42,"column":46},"end":{"line":42,"column":61}}]},"253":{"loc":{"start":{"line":42,"column":21},"end":{"line":42,"column":48}},"type":"binary-expr","locations":[{"start":{"line":42,"column":21},"end":{"line":42,"column":48}},{"start":{"line":42,"column":46},"end":{"line":42,"column":48}}]},"254":{"loc":{"start":{"line":42,"column":21},"end":{"line":42,"column":46}},"type":"cond-expr","locations":[{"start":{"line":42,"column":33},"end":{"line":42,"column":35}},{"start":{"line":42,"column":33},"end":{"line":42,"column":46}}]},"255":{"loc":{"start":{"line":42,"column":21},"end":{"line":42,"column":35}},"type":"binary-expr","locations":[{"start":{"line":42,"column":21},"end":{"line":42,"column":35}},{"start":{"line":42,"column":33},"end":{"line":42,"column":35}}]},"256":{"loc":{"start":{"line":42,"column":21},"end":{"line":42,"column":33}},"type":"cond-expr","locations":[{"start":{"line":42,"column":27},"end":{"line":42,"column":29}},{"start":{"line":42,"column":21},"end":{"line":42,"column":33}}]},"257":{"loc":{"start":{"line":42,"column":21},"end":{"line":42,"column":29}},"type":"binary-expr","locations":[{"start":{"line":42,"column":21},"end":{"line":42,"column":29}},{"start":{"line":42,"column":21},"end":{"line":42,"column":29}}]},"258":{"loc":{"start":{"line":43,"column":21},"end":{"line":43,"column":75}},"type":"cond-expr","locations":[{"start":{"line":43,"column":60},"end":{"line":43,"column":62}},{"start":{"line":43,"column":60},"end":{"line":43,"column":75}}]},"259":{"loc":{"start":{"line":43,"column":21},"end":{"line":43,"column":62}},"type":"binary-expr","locations":[{"start":{"line":43,"column":21},"end":{"line":43,"column":62}},{"start":{"line":43,"column":60},"end":{"line":43,"column":62}}]},"260":{"loc":{"start":{"line":43,"column":21},"end":{"line":43,"column":60}},"type":"cond-expr","locations":[{"start":{"line":43,"column":46},"end":{"line":43,"column":48}},{"start":{"line":43,"column":46},"end":{"line":43,"column":60}}]},"261":{"loc":{"start":{"line":43,"column":21},"end":{"line":43,"column":48}},"type":"binary-expr","locations":[{"start":{"line":43,"column":21},"end":{"line":43,"column":48}},{"start":{"line":43,"column":46},"end":{"line":43,"column":48}}]},"262":{"loc":{"start":{"line":43,"column":21},"end":{"line":43,"column":46}},"type":"cond-expr","locations":[{"start":{"line":43,"column":33},"end":{"line":43,"column":35}},{"start":{"line":43,"column":33},"end":{"line":43,"column":46}}]},"263":{"loc":{"start":{"line":43,"column":21},"end":{"line":43,"column":35}},"type":"binary-expr","locations":[{"start":{"line":43,"column":21},"end":{"line":43,"column":35}},{"start":{"line":43,"column":33},"end":{"line":43,"column":35}}]},"264":{"loc":{"start":{"line":43,"column":21},"end":{"line":43,"column":33}},"type":"cond-expr","locations":[{"start":{"line":43,"column":27},"end":{"line":43,"column":29}},{"start":{"line":43,"column":21},"end":{"line":43,"column":33}}]},"265":{"loc":{"start":{"line":43,"column":21},"end":{"line":43,"column":29}},"type":"binary-expr","locations":[{"start":{"line":43,"column":21},"end":{"line":43,"column":29}},{"start":{"line":43,"column":21},"end":{"line":43,"column":29}}]},"266":{"loc":{"start":{"line":44,"column":17},"end":{"line":44,"column":66}},"type":"cond-expr","locations":[{"start":{"line":44,"column":56},"end":{"line":44,"column":58}},{"start":{"line":44,"column":56},"end":{"line":44,"column":66}}]},"267":{"loc":{"start":{"line":44,"column":17},"end":{"line":44,"column":58}},"type":"binary-expr","locations":[{"start":{"line":44,"column":17},"end":{"line":44,"column":58}},{"start":{"line":44,"column":56},"end":{"line":44,"column":58}}]},"268":{"loc":{"start":{"line":44,"column":17},"end":{"line":44,"column":56}},"type":"cond-expr","locations":[{"start":{"line":44,"column":42},"end":{"line":44,"column":44}},{"start":{"line":44,"column":42},"end":{"line":44,"column":56}}]},"269":{"loc":{"start":{"line":44,"column":17},"end":{"line":44,"column":44}},"type":"binary-expr","locations":[{"start":{"line":44,"column":17},"end":{"line":44,"column":44}},{"start":{"line":44,"column":42},"end":{"line":44,"column":44}}]},"270":{"loc":{"start":{"line":44,"column":17},"end":{"line":44,"column":42}},"type":"cond-expr","locations":[{"start":{"line":44,"column":29},"end":{"line":44,"column":31}},{"start":{"line":44,"column":29},"end":{"line":44,"column":42}}]},"271":{"loc":{"start":{"line":44,"column":17},"end":{"line":44,"column":31}},"type":"binary-expr","locations":[{"start":{"line":44,"column":17},"end":{"line":44,"column":31}},{"start":{"line":44,"column":29},"end":{"line":44,"column":31}}]},"272":{"loc":{"start":{"line":44,"column":17},"end":{"line":44,"column":29}},"type":"cond-expr","locations":[{"start":{"line":44,"column":23},"end":{"line":44,"column":25}},{"start":{"line":44,"column":17},"end":{"line":44,"column":29}}]},"273":{"loc":{"start":{"line":44,"column":17},"end":{"line":44,"column":25}},"type":"binary-expr","locations":[{"start":{"line":44,"column":17},"end":{"line":44,"column":25}},{"start":{"line":44,"column":17},"end":{"line":44,"column":25}}]},"274":{"loc":{"start":{"line":45,"column":16},"end":{"line":45,"column":31}},"type":"cond-expr","locations":[{"start":{"line":45,"column":22},"end":{"line":45,"column":24}},{"start":{"line":45,"column":16},"end":{"line":45,"column":31}}]},"275":{"loc":{"start":{"line":45,"column":16},"end":{"line":45,"column":24}},"type":"binary-expr","locations":[{"start":{"line":45,"column":16},"end":{"line":45,"column":24}},{"start":{"line":45,"column":16},"end":{"line":45,"column":24}}]},"276":{"loc":{"start":{"line":46,"column":19},"end":{"line":46,"column":36}},"type":"cond-expr","locations":[{"start":{"line":46,"column":25},"end":{"line":46,"column":27}},{"start":{"line":46,"column":19},"end":{"line":46,"column":36}}]},"277":{"loc":{"start":{"line":46,"column":19},"end":{"line":46,"column":27}},"type":"binary-expr","locations":[{"start":{"line":46,"column":19},"end":{"line":46,"column":27}},{"start":{"line":46,"column":19},"end":{"line":46,"column":27}}]},"278":{"loc":{"start":{"line":47,"column":18},"end":{"line":47,"column":45}},"type":"cond-expr","locations":[{"start":{"line":47,"column":35},"end":{"line":47,"column":37}},{"start":{"line":47,"column":35},"end":{"line":47,"column":45}}]},"279":{"loc":{"start":{"line":47,"column":18},"end":{"line":47,"column":37}},"type":"binary-expr","locations":[{"start":{"line":47,"column":18},"end":{"line":47,"column":37}},{"start":{"line":47,"column":35},"end":{"line":47,"column":37}}]},"280":{"loc":{"start":{"line":47,"column":18},"end":{"line":47,"column":35}},"type":"cond-expr","locations":[{"start":{"line":47,"column":24},"end":{"line":47,"column":26}},{"start":{"line":47,"column":18},"end":{"line":47,"column":35}}]},"281":{"loc":{"start":{"line":47,"column":18},"end":{"line":47,"column":26}},"type":"binary-expr","locations":[{"start":{"line":47,"column":18},"end":{"line":47,"column":26}},{"start":{"line":47,"column":18},"end":{"line":47,"column":26}}]},"282":{"loc":{"start":{"line":48,"column":21},"end":{"line":48,"column":40}},"type":"cond-expr","locations":[{"start":{"line":48,"column":27},"end":{"line":48,"column":29}},{"start":{"line":48,"column":21},"end":{"line":48,"column":40}}]},"283":{"loc":{"start":{"line":48,"column":21},"end":{"line":48,"column":29}},"type":"binary-expr","locations":[{"start":{"line":48,"column":21},"end":{"line":48,"column":29}},{"start":{"line":48,"column":21},"end":{"line":48,"column":29}}]}},"s":{"0":1,"1":1,"2":1,"3":0,"4":0,"5":0,"6":0,"7":0,"8":0,"9":0,"10":0,"11":0,"12":0,"13":0,"14":1},"f":{"0":0,"1":0},"b":{"0":[0,0],"1":[0,0],"2":[0,0],"3":[0,0],"4":[0,0],"5":[0,0],"6":[0,0],"7":[0,0],"8":[0,0],"9":[0,0],"10":[0,0],"11":[0,0],"12":[0,0],"13":[0,0],"14":[0,0],"15":[0,0],"16":[0,0],"17":[0,0],"18":[0,0],"19":[0,0],"20":[0,0],"21":[0,0],"22":[0,0],"23":[0,0],"24":[0,0],"25":[0,0],"26":[0,0],"27":[0,0],"28":[0,0],"29":[0,0],"30":[0,0],"31":[0,0],"32":[0,0],"33":[0,0],"34":[0,0],"35":[0,0],"36":[0,0],"37":[0,0],"38":[0,0],"39":[0,0],"40":[0,0],"41":[0,0],"42":[0,0],"43":[0,0],"44":[0,0],"45":[0,0],"46":[0,0],"47":[0,0],"48":[0,0],"49":[0,0],"50":[0,0],"51":[0,0],"52":[0,0],"53":[0,0],"54":[0,0],"55":[0,0],"56":[0,0],"57":[0,0],"58":[0,0],"59":[0,0],"60":[0,0],"61":[0,0],"62":[0,0],"63":[0,0],"64":[0,0],"65":[0,0],"66":[0,0],"67":[0,0],"68":[0,0],"69":[0,0],"70":[0,0],"71":[0,0],"72":[0,0],"73":[0,0],"74":[0,0],"75":[0,0],"76":[0,0],"77":[0,0],"78":[0,0],"79":[0,0],"80":[0,0],"81":[0,0],"82":[0,0],"83":[0,0],"84":[0,0],"85":[0,0],"86":[0,0],"87":[0,0],"88":[0,0],"89":[0,0],"90":[0,0],"91":[0,0],"92":[0,0],"93":[0,0],"94":[0,0],"95":[0,0],"96":[0,0],"97":[0,0],"98":[0,0],"99":[0,0],"100":[0,0],"101":[0,0],"102":[0,0],"103":[0,0],"104":[0,0],"105":[0,0],"106":[0,0],"107":[0,0],"108":[0,0],"109":[0,0],"110":[0,0],"111":[0,0],"112":[0,0],"113":[0,0],"114":[0,0],"115":[0,0],"116":[0,0],"117":[0,0],"118":[0,0],"119":[0,0],"120":[0,0],"121":[0,0],"122":[0,0],"123":[0,0],"124":[0,0],"125":[0,0],"126":[0,0],"127":[0,0],"128":[0,0],"129":[0,0],"130":[0,0],"131":[0,0],"132":[0,0],"133":[0,0],"134":[0,0],"135":[0,0],"136":[0,0],"137":[0,0],"138":[0,0],"139":[0,0],"140":[0,0],"141":[0,0],"142":[0,0],"143":[0,0],"144":[0,0],"145":[0,0],"146":[0,0],"147":[0,0],"148":[0,0],"149":[0,0],"150":[0,0],"151":[0,0],"152":[0,0],"153":[0,0],"154":[0,0],"155":[0,0],"156":[0,0],"157":[0,0],"158":[0,0],"159":[0,0],"160":[0,0],"161":[0,0],"162":[0,0],"163":[0,0],"164":[0,0],"165":[0,0],"166":[0,0],"167":[0,0],"168":[0,0],"169":[0,0],"170":[0,0],"171":[0,0],"172":[0,0],"173":[0,0],"174":[0,0],"175":[0,0],"176":[0,0],"177":[0,0],"178":[0,0],"179":[0,0],"180":[0,0],"181":[0,0],"182":[0,0],"183":[0,0],"184":[0,0],"185":[0,0],"186":[0,0],"187":[0,0],"188":[0,0],"189":[0,0],"190":[0,0],"191":[0,0],"192":[0,0],"193":[0,0],"194":[0,0],"195":[0,0],"196":[0,0],"197":[0,0],"198":[0,0],"199":[0,0],"200":[0,0],"201":[0,0],"202":[0,0],"203":[0,0],"204":[0,0],"205":[0,0],"206":[0,0],"207":[0,0],"208":[0,0],"209":[0,0],"210":[0,0],"211":[0,0],"212":[0,0],"213":[0,0],"214":[0,0],"215":[0,0],"216":[0,0],"217":[0,0],"218":[0,0],"219":[0,0],"220":[0,0],"221":[0,0],"222":[0,0],"223":[0,0],"224":[0,0],"225":[0,0],"226":[0,0],"227":[0,0],"228":[0,0],"229":[0,0],"230":[0,0],"231":[0,0],"232":[0,0],"233":[0,0],"234":[0,0],"235":[0,0],"236":[0,0],"237":[0,0],"238":[0,0],"239":[0,0],"240":[0,0],"241":[0,0],"242":[0,0],"243":[0,0],"244":[0,0],"245":[0,0],"246":[0,0],"247":[0,0],"248":[0,0],"249":[0,0],"250":[0,0],"251":[0,0],"252":[0,0],"253":[0,0],"254":[0,0],"255":[0,0],"256":[0,0],"257":[0,0],"258":[0,0],"259":[0,0],"260":[0,0],"261":[0,0],"262":[0,0],"263":[0,0],"264":[0,0],"265":[0,0],"266":[0,0],"267":[0,0],"268":[0,0],"269":[0,0],"270":[0,0],"271":[0,0],"272":[0,0],"273":[0,0],"274":[0,0],"275":[0,0],"276":[0,0],"277":[0,0],"278":[0,0],"279":[0,0],"280":[0,0],"281":[0,0],"282":[0,0],"283":[0,0]}}
,"C:\\Users\\DELL\\Desktop\\Prueba\\backend-ts\\src\\domains\\repositories\\RepProductos.ts": {"path":"C:\\Users\\DELL\\Desktop\\Prueba\\backend-ts\\src\\domains\\repositories\\RepProductos.ts","statementMap":{"0":{"start":{"line":1,"column":0},"end":{"line":1,"column":47}},"1":{"start":{"line":3,"column":32},"end":{"line":10,"column":2}},"2":{"start":{"line":3,"column":43},"end":{"line":10,"column":2}},"3":{"start":{"line":4,"column":2},"end":{"line":9,"column":3}},"4":{"start":{"line":5,"column":22},"end":{"line":5,"column":46}},"5":{"start":{"line":6,"column":4},"end":{"line":6,"column":21}},"6":{"start":{"line":8,"column":4},"end":{"line":8,"column":60}},"7":{"start":{"line":3,"column":13},"end":{"line":3,"column":32}}},"fnMap":{"0":{"name":"(anonymous_7)","decl":{"start":{"line":3,"column":32},"end":{"line":3,"column":41}},"loc":{"start":{"line":3,"column":43},"end":{"line":10,"column":2}}},"1":{"name":"(anonymous_8)","decl":{"start":{"line":3,"column":43},"end":{"line":3,"column":null}},"loc":{"start":{"line":3,"column":43},"end":{"line":10,"column":1}}}},"branchMap":{},"s":{"0":1,"1":1,"2":1,"3":1,"4":1,"5":1,"6":0,"7":1},"f":{"0":1,"1":1},"b":{}}
,"C:\\Users\\DELL\\Desktop\\Prueba\\backend-ts\\src\\domains\\repositories\\RepTransferencias.ts": {"path":"C:\\Users\\DELL\\Desktop\\Prueba\\backend-ts\\src\\domains\\repositories\\RepTransferencias.ts","statementMap":{"0":{"start":{"line":2,"column":0},"end":{"line":2,"column":59}},"1":{"start":{"line":5,"column":43},"end":{"line":45,"column":1}},"2":{"start":{"line":6,"column":4},"end":{"line":44,"column":6}},"3":{"start":{"line":5,"column":13},"end":{"line":5,"column":43}},"4":{"start":{"line":48,"column":38},"end":{"line":60,"column":2}},"5":{"start":{"line":48,"column":96},"end":{"line":60,"column":2}},"6":{"start":{"line":49,"column":4},"end":{"line":59,"column":5}},"7":{"start":{"line":51,"column":27},"end":{"line":51,"column":60}},"8":{"start":{"line":54,"column":30},"end":{"line":54,"column":68}},"9":{"start":{"line":56,"column":8},"end":{"line":56,"column":29}},"10":{"start":{"line":58,"column":8},"end":{"line":58,"column":20}},"11":{"start":{"line":48,"column":13},"end":{"line":48,"column":38}}},"fnMap":{"0":{"name":"(anonymous_7)","decl":{"start":{"line":5,"column":43},"end":{"line":5,"column":44}},"loc":{"start":{"line":5,"column":76},"end":{"line":45,"column":1}}},"1":{"name":"(anonymous_8)","decl":{"start":{"line":48,"column":38},"end":{"line":48,"column":45}},"loc":{"start":{"line":48,"column":96},"end":{"line":60,"column":2}}},"2":{"name":"(anonymous_9)","decl":{"start":{"line":48,"column":96},"end":{"line":48,"column":null}},"loc":{"start":{"line":48,"column":96},"end":{"line":60,"column":1}}}},"branchMap":{},"s":{"0":1,"1":1,"2":0,"3":1,"4":1,"5":0,"6":0,"7":0,"8":0,"9":0,"10":0,"11":1},"f":{"0":0,"1":0,"2":0},"b":{}}
,"C:\\Users\\DELL\\Desktop\\Prueba\\backend-ts\\src\\domains\\servicio\\ServicesProductos.ts": {"path":"C:\\Users\\DELL\\Desktop\\Prueba\\backend-ts\\src\\domains\\servicio\\ServicesProductos.ts","statementMap":{"0":{"start":{"line":1,"column":0},"end":{"line":1,"column":65}},"1":{"start":{"line":4,"column":38},"end":{"line":6,"column":null}},"2":{"start":{"line":4,"column":49},"end":{"line":6,"column":null}},"3":{"start":{"line":5,"column":4},"end":{"line":5,"column":36}},"4":{"start":{"line":4,"column":13},"end":{"line":4,"column":38}}},"fnMap":{"0":{"name":"(anonymous_7)","decl":{"start":{"line":4,"column":38},"end":{"line":4,"column":47}},"loc":{"start":{"line":4,"column":49},"end":{"line":6,"column":null}}},"1":{"name":"(anonymous_8)","decl":{"start":{"line":4,"column":49},"end":{"line":4,"column":null}},"loc":{"start":{"line":4,"column":49},"end":{"line":6,"column":1}}}},"branchMap":{},"s":{"0":1,"1":1,"2":1,"3":1,"4":1},"f":{"0":1,"1":1},"b":{}}
,"C:\\Users\\DELL\\Desktop\\Prueba\\backend-ts\\src\\domains\\servicio\\ServicesTransferencias.ts": {"path":"C:\\Users\\DELL\\Desktop\\Prueba\\backend-ts\\src\\domains\\servicio\\ServicesTransferencias.ts","statementMap":{"0":{"start":{"line":2,"column":0},"end":{"line":2,"column":75}},"1":{"start":{"line":8,"column":43},"end":{"line":48,"column":1}},"2":{"start":{"line":9,"column":4},"end":{"line":47,"column":6}},"3":{"start":{"line":8,"column":13},"end":{"line":8,"column":43}},"4":{"start":{"line":52,"column":38},"end":{"line":63,"column":null}},"5":{"start":{"line":52,"column":71},"end":{"line":63,"column":null}},"6":{"start":{"line":54,"column":4},"end":{"line":61,"column":5}},"7":{"start":{"line":56,"column":28},"end":{"line":56,"column":62}},"8":{"start":{"line":57,"column":6},"end":{"line":57,"column":67}},"9":{"start":{"line":58,"column":6},"end":{"line":58,"column":27}},"10":{"start":{"line":60,"column":6},"end":{"line":60,"column":18}},"11":{"start":{"line":52,"column":13},"end":{"line":52,"column":38}}},"fnMap":{"0":{"name":"(anonymous_7)","decl":{"start":{"line":8,"column":43},"end":{"line":8,"column":44}},"loc":{"start":{"line":8,"column":76},"end":{"line":48,"column":1}}},"1":{"name":"(anonymous_8)","decl":{"start":{"line":52,"column":38},"end":{"line":52,"column":45}},"loc":{"start":{"line":52,"column":71},"end":{"line":63,"column":null}}},"2":{"name":"(anonymous_9)","decl":{"start":{"line":52,"column":71},"end":{"line":52,"column":null}},"loc":{"start":{"line":52,"column":71},"end":{"line":63,"column":1}}}},"branchMap":{},"s":{"0":1,"1":1,"2":0,"3":1,"4":1,"5":0,"6":0,"7":0,"8":0,"9":0,"10":0,"11":1},"f":{"0":0,"1":0,"2":0},"b":{}}
,"C:\\Users\\DELL\\Desktop\\Prueba\\backend-ts\\src\\model\\productos.ts": {"path":"C:\\Users\\DELL\\Desktop\\Prueba\\backend-ts\\src\\model\\productos.ts","statementMap":{"0":{"start":{"line":1,"column":0},"end":{"line":1,"column":70}},"1":{"start":{"line":4,"column":7},"end":{"line":41,"column":null}},"2":{"start":{"line":4,"column":13},"end":{"line":4,"column":21}},"3":{"start":{"line":10,"column":2},"end":{"line":10,"column":null}},"4":{"start":{"line":16,"column":2},"end":{"line":16,"column":null}},"5":{"start":{"line":22,"column":2},"end":{"line":22,"column":null}},"6":{"start":{"line":28,"column":2},"end":{"line":28,"column":null}},"7":{"start":{"line":34,"column":2},"end":{"line":34,"column":null}},"8":{"start":{"line":40,"column":2},"end":{"line":40,"column":null}},"9":{"start":{"line":4,"column":13},"end":{"line":41,"column":null}}},"fnMap":{},"branchMap":{},"s":{"0":1,"1":1,"2":1,"3":1,"4":1,"5":1,"6":1,"7":1,"8":1,"9":1},"f":{},"b":{}}
,"C:\\Users\\DELL\\Desktop\\Prueba\\backend-ts\\src\\model\\transferencias.ts": {"path":"C:\\Users\\DELL\\Desktop\\Prueba\\backend-ts\\src\\model\\transferencias.ts","statementMap":{"0":{"start":{"line":1,"column":0},"end":{"line":1,"column":70}},"1":{"start":{"line":4,"column":7},"end":{"line":264,"column":null}},"2":{"start":{"line":4,"column":13},"end":{"line":4,"column":26}},"3":{"start":{"line":11,"column":2},"end":{"line":11,"column":null}},"4":{"start":{"line":18,"column":2},"end":{"line":18,"column":null}},"5":{"start":{"line":25,"column":2},"end":{"line":25,"column":null}},"6":{"start":{"line":32,"column":2},"end":{"line":32,"column":null}},"7":{"start":{"line":39,"column":2},"end":{"line":39,"column":null}},"8":{"start":{"line":46,"column":2},"end":{"line":46,"column":null}},"9":{"start":{"line":53,"column":2},"end":{"line":53,"column":null}},"10":{"start":{"line":60,"column":2},"end":{"line":60,"column":null}},"11":{"start":{"line":67,"column":2},"end":{"line":67,"column":null}},"12":{"start":{"line":74,"column":2},"end":{"line":74,"column":null}},"13":{"start":{"line":81,"column":2},"end":{"line":81,"column":null}},"14":{"start":{"line":88,"column":2},"end":{"line":88,"column":null}},"15":{"start":{"line":95,"column":2},"end":{"line":95,"column":null}},"16":{"start":{"line":102,"column":2},"end":{"line":102,"column":null}},"17":{"start":{"line":109,"column":2},"end":{"line":109,"column":null}},"18":{"start":{"line":116,"column":2},"end":{"line":116,"column":null}},"19":{"start":{"line":123,"column":2},"end":{"line":123,"column":null}},"20":{"start":{"line":130,"column":2},"end":{"line":130,"column":null}},"21":{"start":{"line":137,"column":2},"end":{"line":137,"column":null}},"22":{"start":{"line":144,"column":2},"end":{"line":144,"column":null}},"23":{"start":{"line":151,"column":2},"end":{"line":151,"column":null}},"24":{"start":{"line":158,"column":2},"end":{"line":158,"column":null}},"25":{"start":{"line":165,"column":2},"end":{"line":165,"column":null}},"26":{"start":{"line":172,"column":2},"end":{"line":172,"column":null}},"27":{"start":{"line":179,"column":2},"end":{"line":179,"column":null}},"28":{"start":{"line":186,"column":2},"end":{"line":186,"column":null}},"29":{"start":{"line":193,"column":2},"end":{"line":193,"column":null}},"30":{"start":{"line":200,"column":2},"end":{"line":200,"column":null}},"31":{"start":{"line":207,"column":2},"end":{"line":207,"column":null}},"32":{"start":{"line":214,"column":2},"end":{"line":214,"column":null}},"33":{"start":{"line":221,"column":2},"end":{"line":221,"column":null}},"34":{"start":{"line":228,"column":2},"end":{"line":228,"column":null}},"35":{"start":{"line":235,"column":2},"end":{"line":235,"column":null}},"36":{"start":{"line":242,"column":2},"end":{"line":242,"column":null}},"37":{"start":{"line":249,"column":2},"end":{"line":249,"column":null}},"38":{"start":{"line":256,"column":2},"end":{"line":256,"column":null}},"39":{"start":{"line":263,"column":2},"end":{"line":263,"column":null}},"40":{"start":{"line":4,"column":13},"end":{"line":264,"column":null}}},"fnMap":{},"branchMap":{},"s":{"0":1,"1":1,"2":1,"3":1,"4":1,"5":1,"6":1,"7":1,"8":1,"9":1,"10":1,"11":1,"12":1,"13":1,"14":1,"15":1,"16":1,"17":1,"18":1,"19":1,"20":1,"21":1,"22":1,"23":1,"24":1,"25":1,"26":1,"27":1,"28":1,"29":1,"30":1,"31":1,"32":1,"33":1,"34":1,"35":1,"36":1,"37":1,"38":1,"39":1,"40":1},"f":{},"b":{}}
,"C:\\Users\\DELL\\Desktop\\Prueba\\backend-ts\\src\\routes\\index.ts": {"path":"C:\\Users\\DELL\\Desktop\\Prueba\\backend-ts\\src\\routes\\index.ts","statementMap":{"0":{"start":{"line":1,"column":0},"end":{"line":1,"column":33}},"1":{"start":{"line":2,"column":0},"end":{"line":2,"column":81}},"2":{"start":{"line":4,"column":15},"end":{"line":4,"column":23}},"3":{"start":{"line":6,"column":0},"end":{"line":6,"column":44}},"4":{"start":{"line":8,"column":0},"end":{"line":8,"column":22}}},"fnMap":{},"branchMap":{},"s":{"0":1,"1":1,"2":1,"3":1,"4":1},"f":{},"b":{}}
,"C:\\Users\\DELL\\Desktop\\Prueba\\backend-ts\\src\\routes\\productos.ts": {"path":"C:\\Users\\DELL\\Desktop\\Prueba\\backend-ts\\src\\routes\\productos.ts","statementMap":{"0":{"start":{"line":1,"column":0},"end":{"line":1,"column":33}},"1":{"start":{"line":2,"column":0},"end":{"line":2,"column":75}},"2":{"start":{"line":5,"column":15},"end":{"line":5,"column":23}},"3":{"start":{"line":6,"column":0},"end":{"line":6,"column":41}},"4":{"start":{"line":9,"column":0},"end":{"line":9,"column":22}}},"fnMap":{},"branchMap":{},"s":{"0":1,"1":1,"2":1,"3":1,"4":1},"f":{},"b":{}}
,"C:\\Users\\DELL\\Desktop\\Prueba\\backend-ts\\src\\server\\servers.ts": {"path":"C:\\Users\\DELL\\Desktop\\Prueba\\backend-ts\\src\\server\\servers.ts","statementMap":{"0":{"start":{"line":42,"column":9},"end":{"line":42,"column":20}},"1":{"start":{"line":1,"column":0},"end":{"line":1,"column":43}},"2":{"start":{"line":2,"column":0},"end":{"line":2,"column":27}},"3":{"start":{"line":5,"column":13},"end":{"line":5,"column":44}},"4":{"start":{"line":10,"column":2},"end":{"line":26,"column":3}},"5":{"start":{"line":12,"column":4},"end":{"line":12,"column":27}},"6":{"start":{"line":14,"column":4},"end":{"line":16,"column":7}},"7":{"start":{"line":15,"column":6},"end":{"line":15,"column":61}},"8":{"start":{"line":18,"column":4},"end":{"line":20,"column":7}},"9":{"start":{"line":19,"column":6},"end":{"line":19,"column":46}},"10":{"start":{"line":22,"column":4},"end":{"line":22,"column":18}},"11":{"start":{"line":24,"column":4},"end":{"line":24,"column":78}},"12":{"start":{"line":25,"column":4},"end":{"line":25,"column":20}},"13":{"start":{"line":29,"column":19},"end":{"line":40,"column":1}},"14":{"start":{"line":30,"column":2},"end":{"line":39,"column":5}},"15":{"start":{"line":31,"column":4},"end":{"line":38,"column":5}},"16":{"start":{"line":32,"column":6},"end":{"line":35,"column":9}},"17":{"start":{"line":33,"column":8},"end":{"line":33,"column":41}},"18":{"start":{"line":34,"column":8},"end":{"line":34,"column":18}},"19":{"start":{"line":37,"column":6},"end":{"line":37,"column":16}},"20":{"start":{"line":42,"column":22},"end":{"line":42,"column":32}}},"fnMap":{"0":{"name":"startServer","decl":{"start":{"line":9,"column":15},"end":{"line":9,"column":26}},"loc":{"start":{"line":9,"column":26},"end":{"line":27,"column":null}}},"1":{"name":"(anonymous_10)","decl":{"start":{"line":14,"column":30},"end":{"line":14,"column":33}},"loc":{"start":{"line":14,"column":35},"end":{"line":16,"column":5}}},"2":{"name":"(anonymous_11)","decl":{"start":{"line":18,"column":17},"end":{"line":18,"column":18}},"loc":{"start":{"line":18,"column":30},"end":{"line":20,"column":5}}},"3":{"name":"(anonymous_12)","decl":{"start":{"line":29,"column":19},"end":{"line":29,"column":37}},"loc":{"start":{"line":29,"column":39},"end":{"line":40,"column":1}}},"4":{"name":"(anonymous_13)","decl":{"start":{"line":30,"column":21},"end":{"line":30,"column":22}},"loc":{"start":{"line":30,"column":33},"end":{"line":39,"column":3}}},"5":{"name":"(anonymous_14)","decl":{"start":{"line":32,"column":19},"end":{"line":32,"column":22}},"loc":{"start":{"line":32,"column":24},"end":{"line":35,"column":7}}}},"branchMap":{"0":{"loc":{"start":{"line":5,"column":13},"end":{"line":5,"column":44}},"type":"cond-expr","locations":[{"start":{"line":5,"column":36},"end":{"line":5,"column":40}},{"start":{"line":5,"column":40},"end":{"line":5,"column":44}}]},"1":{"loc":{"start":{"line":5,"column":13},"end":{"line":5,"column":40}},"type":"binary-expr","locations":[{"start":{"line":5,"column":13},"end":{"line":5,"column":40}},{"start":{"line":5,"column":36},"end":{"line":5,"column":40}}]},"2":{"loc":{"start":{"line":31,"column":4},"end":{"line":38,"column":5}},"type":"if","locations":[{"start":{"line":31,"column":4},"end":{"line":38,"column":5}},{"start":{"line":36,"column":11},"end":{"line":38,"column":5}}]}},"s":{"0":1,"1":1,"2":1,"3":1,"4":1,"5":1,"6":1,"7":1,"8":1,"9":0,"10":1,"11":0,"12":0,"13":1,"14":1,"15":1,"16":1,"17":1,"18":1,"19":0,"20":1},"f":{"0":1,"1":1,"2":0,"3":1,"4":1,"5":1},"b":{"0":[1,0],"1":[1,1],"2":[1,0]}}
}
