{"C:\\Users\\DELL\\Desktop\\Prueba\\backend-ts\\src\\database.ts": {"path":"C:\\Users\\DELL\\Desktop\\Prueba\\backend-ts\\src\\database.ts","statementMap":{"0":{"start":{"line":1,"column":0},"end":{"line":1,"column":23}},"1":{"start":{"line":4,"column":13},"end":{"line":10,"column":2}},"2":{"start":{"line":13,"column":0},"end":{"line":13,"column":20}}},"fnMap":{},"branchMap":{},"s":{"0":2,"1":2,"2":2},"f":{},"b":{}}
,"C:\\Users\\DELL\\Desktop\\Prueba\\backend-ts\\src\\index.ts": {"path":"C:\\Users\\DELL\\Desktop\\Prueba\\backend-ts\\src\\index.ts","statementMap":{"0":{"start":{"line":1,"column":0},"end":{"line":1,"column":30}},"1":{"start":{"line":2,"column":0},"end":{"line":2,"column":36}},"2":{"start":{"line":3,"column":0},"end":{"line":3,"column":41}},"3":{"start":{"line":4,"column":0},"end":{"line":4,"column":24}},"4":{"start":{"line":6,"column":12},"end":{"line":6,"column":21}},"5":{"start":{"line":8,"column":0},"end":{"line":8,"column":16}},"6":{"start":{"line":9,"column":0},"end":{"line":9,"column":24}},"7":{"start":{"line":10,"column":0},"end":{"line":10,"column":49}},"8":{"start":{"line":11,"column":0},"end":{"line":11,"column":16}},"9":{"start":{"line":12,"column":0},"end":{"line":12,"column":17}},"10":{"start":{"line":14,"column":0},"end":{"line":14,"column":19}}},"fnMap":{},"branchMap":{},"s":{"0":2,"1":2,"2":2,"3":2,"4":2,"5":2,"6":2,"7":2,"8":2,"9":2,"10":2},"f":{},"b":{}}
,"C:\\Users\\DELL\\Desktop\\Prueba\\backend-ts\\src\\server.ts": {"path":"C:\\Users\\DELL\\Desktop\\Prueba\\backend-ts\\src\\server.ts","statementMap":{"0":{"start":{"line":26,"column":9},"end":{"line":26,"column":20}},"1":{"start":{"line":1,"column":0},"end":{"line":1,"column":31}},"2":{"start":{"line":2,"column":0},"end":{"line":2,"column":42}},"3":{"start":{"line":4,"column":13},"end":{"line":4,"column":44}},"4":{"start":{"line":7,"column":2},"end":{"line":19,"column":3}},"5":{"start":{"line":9,"column":4},"end":{"line":9,"column":27}},"6":{"start":{"line":11,"column":19},"end":{"line":13,"column":6}},"7":{"start":{"line":12,"column":6},"end":{"line":12,"column":61}},"8":{"start":{"line":15,"column":4},"end":{"line":15,"column":18}},"9":{"start":{"line":17,"column":4},"end":{"line":17,"column":78}},"10":{"start":{"line":18,"column":4},"end":{"line":18,"column":20}},"11":{"start":{"line":22,"column":0},"end":{"line":24,"column":1}},"12":{"start":{"line":23,"column":2},"end":{"line":23,"column":16}}},"fnMap":{"0":{"name":"startServer","decl":{"start":{"line":6,"column":15},"end":{"line":6,"column":26}},"loc":{"start":{"line":6,"column":26},"end":{"line":20,"column":null}}},"1":{"name":"(anonymous_10)","decl":{"start":{"line":11,"column":36},"end":{"line":11,"column":39}},"loc":{"start":{"line":11,"column":41},"end":{"line":13,"column":5}}}},"branchMap":{"0":{"loc":{"start":{"line":4,"column":13},"end":{"line":4,"column":44}},"type":"binary-expr","locations":[{"start":{"line":4,"column":13},"end":{"line":4,"column":36}},{"start":{"line":4,"column":40},"end":{"line":4,"column":44}}]},"1":{"loc":{"start":{"line":22,"column":0},"end":{"line":24,"column":1}},"type":"if","locations":[{"start":{"line":22,"column":0},"end":{"line":24,"column":1}}]}},"s":{"0":1,"1":1,"2":1,"3":1,"4":1,"5":1,"6":1,"7":1,"8":1,"9":0,"10":0,"11":1,"12":0},"f":{"0":1,"1":1},"b":{"0":[1,1],"1":[0]}}
,"C:\\Users\\DELL\\Desktop\\Prueba\\backend-ts\\src\\simulatedata.ts": {"path":"C:\\Users\\DELL\\Desktop\\Prueba\\backend-ts\\src\\simulatedata.ts","statementMap":{"0":{"start":{"line":2,"column":28},"end":{"line":36,"column":2}},"1":{"start":{"line":38,"column":2},"end":{"line":38,"column":37}}},"fnMap":{},"branchMap":{},"s":{"0":1,"1":1},"f":{},"b":{}}
,"C:\\Users\\DELL\\Desktop\\Prueba\\backend-ts\\src\\config\\database.ts": {"path":"C:\\Users\\DELL\\Desktop\\Prueba\\backend-ts\\src\\config\\database.ts","statementMap":{"0":{"start":{"line":1,"column":0},"end":{"line":1,"column":49}},"1":{"start":{"line":2,"column":0},"end":{"line":2,"column":46}},"2":{"start":{"line":3,"column":0},"end":{"line":3,"column":53}},"3":{"start":{"line":5,"column":18},"end":{"line":14,"column":2}},"4":{"start":{"line":16,"column":0},"end":{"line":16,"column":25}}},"fnMap":{},"branchMap":{},"s":{"0":1,"1":1,"2":1,"3":1,"4":1},"f":{},"b":{}}
,"C:\\Users\\DELL\\Desktop\\Prueba\\backend-ts\\src\\dominio\\controllers\\ControllerProductos.ts": {"path":"C:\\Users\\DELL\\Desktop\\Prueba\\backend-ts\\src\\dominio\\controllers\\ControllerProductos.ts","statementMap":{"0":{"start":{"line":3,"column":0},"end":{"line":3,"column":68}},"1":{"start":{"line":6,"column":30},"end":{"line":15,"column":null}},"2":{"start":{"line":6,"column":87},"end":{"line":15,"column":null}},"3":{"start":{"line":7,"column":4},"end":{"line":14,"column":5}},"4":{"start":{"line":8,"column":26},"end":{"line":8,"column":53}},"5":{"start":{"line":9,"column":8},"end":{"line":9,"column":47}},"6":{"start":{"line":12,"column":8},"end":{"line":12,"column":29}},"7":{"start":{"line":13,"column":8},"end":{"line":13,"column":61}},"8":{"start":{"line":6,"column":13},"end":{"line":6,"column":30}}},"fnMap":{"0":{"name":"(anonymous_7)","decl":{"start":{"line":6,"column":30},"end":{"line":6,"column":37}},"loc":{"start":{"line":6,"column":87},"end":{"line":15,"column":null}}},"1":{"name":"(anonymous_8)","decl":{"start":{"line":6,"column":87},"end":{"line":6,"column":null}},"loc":{"start":{"line":6,"column":87},"end":{"line":15,"column":1}}}},"branchMap":{},"s":{"0":2,"1":2,"2":1,"3":1,"4":1,"5":1,"6":0,"7":0,"8":2},"f":{"0":1,"1":1},"b":{}}
,"C:\\Users\\DELL\\Desktop\\Prueba\\backend-ts\\src\\dominio\\controllers\\ControllerTransferencias.ts": {"path":"C:\\Users\\DELL\\Desktop\\Prueba\\backend-ts\\src\\dominio\\controllers\\ControllerTransferencias.ts","statementMap":{"0":{"start":{"line":3,"column":0},"end":{"line":3,"column":28}},"1":{"start":{"line":7,"column":0},"end":{"line":7,"column":100}},"2":{"start":{"line":13,"column":30},"end":{"line":75,"column":2}},"3":{"start":{"line":13,"column":87},"end":{"line":75,"column":2}},"4":{"start":{"line":14,"column":19},"end":{"line":14,"column":27}},"5":{"start":{"line":16,"column":30},"end":{"line":55,"column":6}},"6":{"start":{"line":57,"column":4},"end":{"line":74,"column":5}},"7":{"start":{"line":60,"column":26},"end":{"line":60,"column":185}},"8":{"start":{"line":62,"column":24},"end":{"line":62,"column":83}},"9":{"start":{"line":64,"column":8},"end":{"line":64,"column":36}},"10":{"start":{"line":66,"column":25},"end":{"line":66,"column":72}},"11":{"start":{"line":67,"column":8},"end":{"line":67,"column":59}},"12":{"start":{"line":73,"column":8},"end":{"line":73,"column":20}},"13":{"start":{"line":13,"column":13},"end":{"line":13,"column":30}},"14":{"start":{"line":80,"column":30},"end":{"line":93,"column":null}},"15":{"start":{"line":80,"column":87},"end":{"line":93,"column":null}},"16":{"start":{"line":81,"column":4},"end":{"line":92,"column":5}},"17":{"start":{"line":82,"column":19},"end":{"line":82,"column":42}},"18":{"start":{"line":83,"column":261},"end":{"line":83,"column":269}},"19":{"start":{"line":85,"column":38},"end":{"line":85,"column":308}},"20":{"start":{"line":87,"column":8},"end":{"line":87,"column":null}},"21":{"start":{"line":90,"column":8},"end":{"line":90,"column":29}},"22":{"start":{"line":91,"column":8},"end":{"line":91,"column":61}},"23":{"start":{"line":80,"column":13},"end":{"line":80,"column":30}}},"fnMap":{"0":{"name":"(anonymous_8)","decl":{"start":{"line":13,"column":30},"end":{"line":13,"column":37}},"loc":{"start":{"line":13,"column":87},"end":{"line":75,"column":2}}},"1":{"name":"(anonymous_9)","decl":{"start":{"line":13,"column":87},"end":{"line":13,"column":null}},"loc":{"start":{"line":13,"column":87},"end":{"line":75,"column":1}}},"2":{"name":"(anonymous_10)","decl":{"start":{"line":80,"column":30},"end":{"line":80,"column":37}},"loc":{"start":{"line":80,"column":87},"end":{"line":93,"column":null}}},"3":{"name":"(anonymous_11)","decl":{"start":{"line":80,"column":87},"end":{"line":80,"column":null}},"loc":{"start":{"line":80,"column":87},"end":{"line":93,"column":1}}}},"branchMap":{"0":{"loc":{"start":{"line":17,"column":23},"end":{"line":17,"column":52}},"type":"cond-expr","locations":[{"start":{"line":17,"column":48},"end":{"line":17,"column":50}},{"start":{"line":17,"column":48},"end":{"line":17,"column":52}}]},"1":{"loc":{"start":{"line":17,"column":23},"end":{"line":17,"column":50}},"type":"binary-expr","locations":[{"start":{"line":17,"column":23},"end":{"line":17,"column":50}},{"start":{"line":17,"column":48},"end":{"line":17,"column":50}}]},"2":{"loc":{"start":{"line":17,"column":23},"end":{"line":17,"column":48}},"type":"cond-expr","locations":[{"start":{"line":17,"column":35},"end":{"line":17,"column":37}},{"start":{"line":17,"column":35},"end":{"line":17,"column":48}}]},"3":{"loc":{"start":{"line":17,"column":23},"end":{"line":17,"column":37}},"type":"binary-expr","locations":[{"start":{"line":17,"column":23},"end":{"line":17,"column":37}},{"start":{"line":17,"column":35},"end":{"line":17,"column":37}}]},"4":{"loc":{"start":{"line":17,"column":23},"end":{"line":17,"column":35}},"type":"cond-expr","locations":[{"start":{"line":17,"column":29},"end":{"line":17,"column":31}},{"start":{"line":17,"column":23},"end":{"line":17,"column":35}}]},"5":{"loc":{"start":{"line":17,"column":23},"end":{"line":17,"column":31}},"type":"binary-expr","locations":[{"start":{"line":17,"column":23},"end":{"line":17,"column":31}},{"start":{"line":17,"column":23},"end":{"line":17,"column":31}}]},"6":{"loc":{"start":{"line":18,"column":19},"end":{"line":18,"column":56}},"type":"cond-expr","locations":[{"start":{"line":18,"column":44},"end":{"line":18,"column":46}},{"start":{"line":18,"column":44},"end":{"line":18,"column":56}}]},"7":{"loc":{"start":{"line":18,"column":19},"end":{"line":18,"column":46}},"type":"binary-expr","locations":[{"start":{"line":18,"column":19},"end":{"line":18,"column":46}},{"start":{"line":18,"column":44},"end":{"line":18,"column":46}}]},"8":{"loc":{"start":{"line":18,"column":19},"end":{"line":18,"column":44}},"type":"cond-expr","locations":[{"start":{"line":18,"column":31},"end":{"line":18,"column":33}},{"start":{"line":18,"column":31},"end":{"line":18,"column":44}}]},"9":{"loc":{"start":{"line":18,"column":19},"end":{"line":18,"column":33}},"type":"binary-expr","locations":[{"start":{"line":18,"column":19},"end":{"line":18,"column":33}},{"start":{"line":18,"column":31},"end":{"line":18,"column":33}}]},"10":{"loc":{"start":{"line":18,"column":19},"end":{"line":18,"column":31}},"type":"cond-expr","locations":[{"start":{"line":18,"column":25},"end":{"line":18,"column":27}},{"start":{"line":18,"column":19},"end":{"line":18,"column":31}}]},"11":{"loc":{"start":{"line":18,"column":19},"end":{"line":18,"column":27}},"type":"binary-expr","locations":[{"start":{"line":18,"column":19},"end":{"line":18,"column":27}},{"start":{"line":18,"column":19},"end":{"line":18,"column":27}}]},"12":{"loc":{"start":{"line":19,"column":21},"end":{"line":19,"column":60}},"type":"cond-expr","locations":[{"start":{"line":19,"column":46},"end":{"line":19,"column":48}},{"start":{"line":19,"column":46},"end":{"line":19,"column":60}}]},"13":{"loc":{"start":{"line":19,"column":21},"end":{"line":19,"column":48}},"type":"binary-expr","locations":[{"start":{"line":19,"column":21},"end":{"line":19,"column":48}},{"start":{"line":19,"column":46},"end":{"line":19,"column":48}}]},"14":{"loc":{"start":{"line":19,"column":21},"end":{"line":19,"column":46}},"type":"cond-expr","locations":[{"start":{"line":19,"column":33},"end":{"line":19,"column":35}},{"start":{"line":19,"column":33},"end":{"line":19,"column":46}}]},"15":{"loc":{"start":{"line":19,"column":21},"end":{"line":19,"column":35}},"type":"binary-expr","locations":[{"start":{"line":19,"column":21},"end":{"line":19,"column":35}},{"start":{"line":19,"column":33},"end":{"line":19,"column":35}}]},"16":{"loc":{"start":{"line":19,"column":21},"end":{"line":19,"column":33}},"type":"cond-expr","locations":[{"start":{"line":19,"column":27},"end":{"line":19,"column":29}},{"start":{"line":19,"column":21},"end":{"line":19,"column":33}}]},"17":{"loc":{"start":{"line":19,"column":21},"end":{"line":19,"column":29}},"type":"binary-expr","locations":[{"start":{"line":19,"column":21},"end":{"line":19,"column":29}},{"start":{"line":19,"column":21},"end":{"line":19,"column":29}}]},"18":{"loc":{"start":{"line":20,"column":23},"end":{"line":20,"column":65}},"type":"cond-expr","locations":[{"start":{"line":20,"column":48},"end":{"line":20,"column":50}},{"start":{"line":20,"column":48},"end":{"line":20,"column":65}}]},"19":{"loc":{"start":{"line":20,"column":23},"end":{"line":20,"column":50}},"type":"binary-expr","locations":[{"start":{"line":20,"column":23},"end":{"line":20,"column":50}},{"start":{"line":20,"column":48},"end":{"line":20,"column":50}}]},"20":{"loc":{"start":{"line":20,"column":23},"end":{"line":20,"column":48}},"type":"cond-expr","locations":[{"start":{"line":20,"column":35},"end":{"line":20,"column":37}},{"start":{"line":20,"column":35},"end":{"line":20,"column":48}}]},"21":{"loc":{"start":{"line":20,"column":23},"end":{"line":20,"column":37}},"type":"binary-expr","locations":[{"start":{"line":20,"column":23},"end":{"line":20,"column":37}},{"start":{"line":20,"column":35},"end":{"line":20,"column":37}}]},"22":{"loc":{"start":{"line":20,"column":23},"end":{"line":20,"column":35}},"type":"cond-expr","locations":[{"start":{"line":20,"column":29},"end":{"line":20,"column":31}},{"start":{"line":20,"column":23},"end":{"line":20,"column":35}}]},"23":{"loc":{"start":{"line":20,"column":23},"end":{"line":20,"column":31}},"type":"binary-expr","locations":[{"start":{"line":20,"column":23},"end":{"line":20,"column":31}},{"start":{"line":20,"column":23},"end":{"line":20,"column":31}}]},"24":{"loc":{"start":{"line":21,"column":19},"end":{"line":21,"column":55}},"type":"cond-expr","locations":[{"start":{"line":21,"column":44},"end":{"line":21,"column":46}},{"start":{"line":21,"column":44},"end":{"line":21,"column":55}}]},"25":{"loc":{"start":{"line":21,"column":19},"end":{"line":21,"column":46}},"type":"binary-expr","locations":[{"start":{"line":21,"column":19},"end":{"line":21,"column":46}},{"start":{"line":21,"column":44},"end":{"line":21,"column":46}}]},"26":{"loc":{"start":{"line":21,"column":19},"end":{"line":21,"column":44}},"type":"cond-expr","locations":[{"start":{"line":21,"column":31},"end":{"line":21,"column":33}},{"start":{"line":21,"column":31},"end":{"line":21,"column":44}}]},"27":{"loc":{"start":{"line":21,"column":19},"end":{"line":21,"column":33}},"type":"binary-expr","locations":[{"start":{"line":21,"column":19},"end":{"line":21,"column":33}},{"start":{"line":21,"column":31},"end":{"line":21,"column":33}}]},"28":{"loc":{"start":{"line":21,"column":19},"end":{"line":21,"column":31}},"type":"cond-expr","locations":[{"start":{"line":21,"column":25},"end":{"line":21,"column":27}},{"start":{"line":21,"column":19},"end":{"line":21,"column":31}}]},"29":{"loc":{"start":{"line":21,"column":19},"end":{"line":21,"column":27}},"type":"binary-expr","locations":[{"start":{"line":21,"column":19},"end":{"line":21,"column":27}},{"start":{"line":21,"column":19},"end":{"line":21,"column":27}}]},"30":{"loc":{"start":{"line":22,"column":23},"end":{"line":22,"column":64}},"type":"cond-expr","locations":[{"start":{"line":22,"column":48},"end":{"line":22,"column":50}},{"start":{"line":22,"column":48},"end":{"line":22,"column":64}}]},"31":{"loc":{"start":{"line":22,"column":23},"end":{"line":22,"column":50}},"type":"binary-expr","locations":[{"start":{"line":22,"column":23},"end":{"line":22,"column":50}},{"start":{"line":22,"column":48},"end":{"line":22,"column":50}}]},"32":{"loc":{"start":{"line":22,"column":23},"end":{"line":22,"column":48}},"type":"cond-expr","locations":[{"start":{"line":22,"column":35},"end":{"line":22,"column":37}},{"start":{"line":22,"column":35},"end":{"line":22,"column":48}}]},"33":{"loc":{"start":{"line":22,"column":23},"end":{"line":22,"column":37}},"type":"binary-expr","locations":[{"start":{"line":22,"column":23},"end":{"line":22,"column":37}},{"start":{"line":22,"column":35},"end":{"line":22,"column":37}}]},"34":{"loc":{"start":{"line":22,"column":23},"end":{"line":22,"column":35}},"type":"cond-expr","locations":[{"start":{"line":22,"column":29},"end":{"line":22,"column":31}},{"start":{"line":22,"column":23},"end":{"line":22,"column":35}}]},"35":{"loc":{"start":{"line":22,"column":23},"end":{"line":22,"column":31}},"type":"binary-expr","locations":[{"start":{"line":22,"column":23},"end":{"line":22,"column":31}},{"start":{"line":22,"column":23},"end":{"line":22,"column":31}}]},"36":{"loc":{"start":{"line":23,"column":18},"end":{"line":23,"column":53}},"type":"cond-expr","locations":[{"start":{"line":23,"column":43},"end":{"line":23,"column":45}},{"start":{"line":23,"column":43},"end":{"line":23,"column":53}}]},"37":{"loc":{"start":{"line":23,"column":18},"end":{"line":23,"column":45}},"type":"binary-expr","locations":[{"start":{"line":23,"column":18},"end":{"line":23,"column":45}},{"start":{"line":23,"column":43},"end":{"line":23,"column":45}}]},"38":{"loc":{"start":{"line":23,"column":18},"end":{"line":23,"column":43}},"type":"cond-expr","locations":[{"start":{"line":23,"column":30},"end":{"line":23,"column":32}},{"start":{"line":23,"column":30},"end":{"line":23,"column":43}}]},"39":{"loc":{"start":{"line":23,"column":18},"end":{"line":23,"column":32}},"type":"binary-expr","locations":[{"start":{"line":23,"column":18},"end":{"line":23,"column":32}},{"start":{"line":23,"column":30},"end":{"line":23,"column":32}}]},"40":{"loc":{"start":{"line":23,"column":18},"end":{"line":23,"column":30}},"type":"cond-expr","locations":[{"start":{"line":23,"column":24},"end":{"line":23,"column":26}},{"start":{"line":23,"column":18},"end":{"line":23,"column":30}}]},"41":{"loc":{"start":{"line":23,"column":18},"end":{"line":23,"column":26}},"type":"binary-expr","locations":[{"start":{"line":23,"column":18},"end":{"line":23,"column":26}},{"start":{"line":23,"column":18},"end":{"line":23,"column":26}}]},"42":{"loc":{"start":{"line":24,"column":27},"end":{"line":24,"column":74}},"type":"cond-expr","locations":[{"start":{"line":24,"column":68},"end":{"line":24,"column":70}},{"start":{"line":24,"column":68},"end":{"line":24,"column":74}}]},"43":{"loc":{"start":{"line":24,"column":27},"end":{"line":24,"column":70}},"type":"binary-expr","locations":[{"start":{"line":24,"column":27},"end":{"line":24,"column":70}},{"start":{"line":24,"column":68},"end":{"line":24,"column":70}}]},"44":{"loc":{"start":{"line":24,"column":27},"end":{"line":24,"column":68}},"type":"cond-expr","locations":[{"start":{"line":24,"column":52},"end":{"line":24,"column":54}},{"start":{"line":24,"column":52},"end":{"line":24,"column":68}}]},"45":{"loc":{"start":{"line":24,"column":27},"end":{"line":24,"column":54}},"type":"binary-expr","locations":[{"start":{"line":24,"column":27},"end":{"line":24,"column":54}},{"start":{"line":24,"column":52},"end":{"line":24,"column":54}}]},"46":{"loc":{"start":{"line":24,"column":27},"end":{"line":24,"column":52}},"type":"cond-expr","locations":[{"start":{"line":24,"column":39},"end":{"line":24,"column":41}},{"start":{"line":24,"column":39},"end":{"line":24,"column":52}}]},"47":{"loc":{"start":{"line":24,"column":27},"end":{"line":24,"column":41}},"type":"binary-expr","locations":[{"start":{"line":24,"column":27},"end":{"line":24,"column":41}},{"start":{"line":24,"column":39},"end":{"line":24,"column":41}}]},"48":{"loc":{"start":{"line":24,"column":27},"end":{"line":24,"column":39}},"type":"cond-expr","locations":[{"start":{"line":24,"column":33},"end":{"line":24,"column":35}},{"start":{"line":24,"column":27},"end":{"line":24,"column":39}}]},"49":{"loc":{"start":{"line":24,"column":27},"end":{"line":24,"column":35}},"type":"binary-expr","locations":[{"start":{"line":24,"column":27},"end":{"line":24,"column":35}},{"start":{"line":24,"column":27},"end":{"line":24,"column":35}}]},"50":{"loc":{"start":{"line":25,"column":13},"end":{"line":25,"column":66}},"type":"cond-expr","locations":[{"start":{"line":25,"column":61},"end":{"line":25,"column":63}},{"start":{"line":25,"column":61},"end":{"line":25,"column":66}}]},"51":{"loc":{"start":{"line":25,"column":13},"end":{"line":25,"column":63}},"type":"binary-expr","locations":[{"start":{"line":25,"column":13},"end":{"line":25,"column":63}},{"start":{"line":25,"column":61},"end":{"line":25,"column":63}}]},"52":{"loc":{"start":{"line":25,"column":13},"end":{"line":25,"column":61}},"type":"cond-expr","locations":[{"start":{"line":25,"column":54},"end":{"line":25,"column":56}},{"start":{"line":25,"column":54},"end":{"line":25,"column":61}}]},"53":{"loc":{"start":{"line":25,"column":13},"end":{"line":25,"column":56}},"type":"binary-expr","locations":[{"start":{"line":25,"column":13},"end":{"line":25,"column":56}},{"start":{"line":25,"column":54},"end":{"line":25,"column":56}}]},"54":{"loc":{"start":{"line":25,"column":13},"end":{"line":25,"column":54}},"type":"cond-expr","locations":[{"start":{"line":25,"column":38},"end":{"line":25,"column":40}},{"start":{"line":25,"column":38},"end":{"line":25,"column":54}}]},"55":{"loc":{"start":{"line":25,"column":13},"end":{"line":25,"column":40}},"type":"binary-expr","locations":[{"start":{"line":25,"column":13},"end":{"line":25,"column":40}},{"start":{"line":25,"column":38},"end":{"line":25,"column":40}}]},"56":{"loc":{"start":{"line":25,"column":13},"end":{"line":25,"column":38}},"type":"cond-expr","locations":[{"start":{"line":25,"column":25},"end":{"line":25,"column":27}},{"start":{"line":25,"column":25},"end":{"line":25,"column":38}}]},"57":{"loc":{"start":{"line":25,"column":13},"end":{"line":25,"column":27}},"type":"binary-expr","locations":[{"start":{"line":25,"column":13},"end":{"line":25,"column":27}},{"start":{"line":25,"column":25},"end":{"line":25,"column":27}}]},"58":{"loc":{"start":{"line":25,"column":13},"end":{"line":25,"column":25}},"type":"cond-expr","locations":[{"start":{"line":25,"column":19},"end":{"line":25,"column":21}},{"start":{"line":25,"column":13},"end":{"line":25,"column":25}}]},"59":{"loc":{"start":{"line":25,"column":13},"end":{"line":25,"column":21}},"type":"binary-expr","locations":[{"start":{"line":25,"column":13},"end":{"line":25,"column":21}},{"start":{"line":25,"column":13},"end":{"line":25,"column":21}}]},"60":{"loc":{"start":{"line":26,"column":14},"end":{"line":26,"column":68}},"type":"cond-expr","locations":[{"start":{"line":26,"column":62},"end":{"line":26,"column":64}},{"start":{"line":26,"column":62},"end":{"line":26,"column":68}}]},"61":{"loc":{"start":{"line":26,"column":14},"end":{"line":26,"column":64}},"type":"binary-expr","locations":[{"start":{"line":26,"column":14},"end":{"line":26,"column":64}},{"start":{"line":26,"column":62},"end":{"line":26,"column":64}}]},"62":{"loc":{"start":{"line":26,"column":14},"end":{"line":26,"column":62}},"type":"cond-expr","locations":[{"start":{"line":26,"column":55},"end":{"line":26,"column":57}},{"start":{"line":26,"column":55},"end":{"line":26,"column":62}}]},"63":{"loc":{"start":{"line":26,"column":14},"end":{"line":26,"column":57}},"type":"binary-expr","locations":[{"start":{"line":26,"column":14},"end":{"line":26,"column":57}},{"start":{"line":26,"column":55},"end":{"line":26,"column":57}}]},"64":{"loc":{"start":{"line":26,"column":14},"end":{"line":26,"column":55}},"type":"cond-expr","locations":[{"start":{"line":26,"column":39},"end":{"line":26,"column":41}},{"start":{"line":26,"column":39},"end":{"line":26,"column":55}}]},"65":{"loc":{"start":{"line":26,"column":14},"end":{"line":26,"column":41}},"type":"binary-expr","locations":[{"start":{"line":26,"column":14},"end":{"line":26,"column":41}},{"start":{"line":26,"column":39},"end":{"line":26,"column":41}}]},"66":{"loc":{"start":{"line":26,"column":14},"end":{"line":26,"column":39}},"type":"cond-expr","locations":[{"start":{"line":26,"column":26},"end":{"line":26,"column":28}},{"start":{"line":26,"column":26},"end":{"line":26,"column":39}}]},"67":{"loc":{"start":{"line":26,"column":14},"end":{"line":26,"column":28}},"type":"binary-expr","locations":[{"start":{"line":26,"column":14},"end":{"line":26,"column":28}},{"start":{"line":26,"column":26},"end":{"line":26,"column":28}}]},"68":{"loc":{"start":{"line":26,"column":14},"end":{"line":26,"column":26}},"type":"cond-expr","locations":[{"start":{"line":26,"column":20},"end":{"line":26,"column":22}},{"start":{"line":26,"column":14},"end":{"line":26,"column":26}}]},"69":{"loc":{"start":{"line":26,"column":14},"end":{"line":26,"column":22}},"type":"binary-expr","locations":[{"start":{"line":26,"column":14},"end":{"line":26,"column":22}},{"start":{"line":26,"column":14},"end":{"line":26,"column":22}}]},"70":{"loc":{"start":{"line":27,"column":15},"end":{"line":27,"column":70}},"type":"cond-expr","locations":[{"start":{"line":27,"column":63},"end":{"line":27,"column":65}},{"start":{"line":27,"column":63},"end":{"line":27,"column":70}}]},"71":{"loc":{"start":{"line":27,"column":15},"end":{"line":27,"column":65}},"type":"binary-expr","locations":[{"start":{"line":27,"column":15},"end":{"line":27,"column":65}},{"start":{"line":27,"column":63},"end":{"line":27,"column":65}}]},"72":{"loc":{"start":{"line":27,"column":15},"end":{"line":27,"column":63}},"type":"cond-expr","locations":[{"start":{"line":27,"column":56},"end":{"line":27,"column":58}},{"start":{"line":27,"column":56},"end":{"line":27,"column":63}}]},"73":{"loc":{"start":{"line":27,"column":15},"end":{"line":27,"column":58}},"type":"binary-expr","locations":[{"start":{"line":27,"column":15},"end":{"line":27,"column":58}},{"start":{"line":27,"column":56},"end":{"line":27,"column":58}}]},"74":{"loc":{"start":{"line":27,"column":15},"end":{"line":27,"column":56}},"type":"cond-expr","locations":[{"start":{"line":27,"column":40},"end":{"line":27,"column":42}},{"start":{"line":27,"column":40},"end":{"line":27,"column":56}}]},"75":{"loc":{"start":{"line":27,"column":15},"end":{"line":27,"column":42}},"type":"binary-expr","locations":[{"start":{"line":27,"column":15},"end":{"line":27,"column":42}},{"start":{"line":27,"column":40},"end":{"line":27,"column":42}}]},"76":{"loc":{"start":{"line":27,"column":15},"end":{"line":27,"column":40}},"type":"cond-expr","locations":[{"start":{"line":27,"column":27},"end":{"line":27,"column":29}},{"start":{"line":27,"column":27},"end":{"line":27,"column":40}}]},"77":{"loc":{"start":{"line":27,"column":15},"end":{"line":27,"column":29}},"type":"binary-expr","locations":[{"start":{"line":27,"column":15},"end":{"line":27,"column":29}},{"start":{"line":27,"column":27},"end":{"line":27,"column":29}}]},"78":{"loc":{"start":{"line":27,"column":15},"end":{"line":27,"column":27}},"type":"cond-expr","locations":[{"start":{"line":27,"column":21},"end":{"line":27,"column":23}},{"start":{"line":27,"column":15},"end":{"line":27,"column":27}}]},"79":{"loc":{"start":{"line":27,"column":15},"end":{"line":27,"column":23}},"type":"binary-expr","locations":[{"start":{"line":27,"column":15},"end":{"line":27,"column":23}},{"start":{"line":27,"column":15},"end":{"line":27,"column":23}}]},"80":{"loc":{"start":{"line":28,"column":17},"end":{"line":28,"column":75}},"type":"cond-expr","locations":[{"start":{"line":28,"column":65},"end":{"line":28,"column":67}},{"start":{"line":28,"column":65},"end":{"line":28,"column":75}}]},"81":{"loc":{"start":{"line":28,"column":17},"end":{"line":28,"column":67}},"type":"binary-expr","locations":[{"start":{"line":28,"column":17},"end":{"line":28,"column":67}},{"start":{"line":28,"column":65},"end":{"line":28,"column":67}}]},"82":{"loc":{"start":{"line":28,"column":17},"end":{"line":28,"column":65}},"type":"cond-expr","locations":[{"start":{"line":28,"column":58},"end":{"line":28,"column":60}},{"start":{"line":28,"column":58},"end":{"line":28,"column":65}}]},"83":{"loc":{"start":{"line":28,"column":17},"end":{"line":28,"column":60}},"type":"binary-expr","locations":[{"start":{"line":28,"column":17},"end":{"line":28,"column":60}},{"start":{"line":28,"column":58},"end":{"line":28,"column":60}}]},"84":{"loc":{"start":{"line":28,"column":17},"end":{"line":28,"column":58}},"type":"cond-expr","locations":[{"start":{"line":28,"column":42},"end":{"line":28,"column":44}},{"start":{"line":28,"column":42},"end":{"line":28,"column":58}}]},"85":{"loc":{"start":{"line":28,"column":17},"end":{"line":28,"column":44}},"type":"binary-expr","locations":[{"start":{"line":28,"column":17},"end":{"line":28,"column":44}},{"start":{"line":28,"column":42},"end":{"line":28,"column":44}}]},"86":{"loc":{"start":{"line":28,"column":17},"end":{"line":28,"column":42}},"type":"cond-expr","locations":[{"start":{"line":28,"column":29},"end":{"line":28,"column":31}},{"start":{"line":28,"column":29},"end":{"line":28,"column":42}}]},"87":{"loc":{"start":{"line":28,"column":17},"end":{"line":28,"column":31}},"type":"binary-expr","locations":[{"start":{"line":28,"column":17},"end":{"line":28,"column":31}},{"start":{"line":28,"column":29},"end":{"line":28,"column":31}}]},"88":{"loc":{"start":{"line":28,"column":17},"end":{"line":28,"column":29}},"type":"cond-expr","locations":[{"start":{"line":28,"column":23},"end":{"line":28,"column":25}},{"start":{"line":28,"column":17},"end":{"line":28,"column":29}}]},"89":{"loc":{"start":{"line":28,"column":17},"end":{"line":28,"column":25}},"type":"binary-expr","locations":[{"start":{"line":28,"column":17},"end":{"line":28,"column":25}},{"start":{"line":28,"column":17},"end":{"line":28,"column":25}}]},"90":{"loc":{"start":{"line":29,"column":18},"end":{"line":29,"column":77}},"type":"cond-expr","locations":[{"start":{"line":29,"column":66},"end":{"line":29,"column":68}},{"start":{"line":29,"column":66},"end":{"line":29,"column":77}}]},"91":{"loc":{"start":{"line":29,"column":18},"end":{"line":29,"column":68}},"type":"binary-expr","locations":[{"start":{"line":29,"column":18},"end":{"line":29,"column":68}},{"start":{"line":29,"column":66},"end":{"line":29,"column":68}}]},"92":{"loc":{"start":{"line":29,"column":18},"end":{"line":29,"column":66}},"type":"cond-expr","locations":[{"start":{"line":29,"column":59},"end":{"line":29,"column":61}},{"start":{"line":29,"column":59},"end":{"line":29,"column":66}}]},"93":{"loc":{"start":{"line":29,"column":18},"end":{"line":29,"column":61}},"type":"binary-expr","locations":[{"start":{"line":29,"column":18},"end":{"line":29,"column":61}},{"start":{"line":29,"column":59},"end":{"line":29,"column":61}}]},"94":{"loc":{"start":{"line":29,"column":18},"end":{"line":29,"column":59}},"type":"cond-expr","locations":[{"start":{"line":29,"column":43},"end":{"line":29,"column":45}},{"start":{"line":29,"column":43},"end":{"line":29,"column":59}}]},"95":{"loc":{"start":{"line":29,"column":18},"end":{"line":29,"column":45}},"type":"binary-expr","locations":[{"start":{"line":29,"column":18},"end":{"line":29,"column":45}},{"start":{"line":29,"column":43},"end":{"line":29,"column":45}}]},"96":{"loc":{"start":{"line":29,"column":18},"end":{"line":29,"column":43}},"type":"cond-expr","locations":[{"start":{"line":29,"column":30},"end":{"line":29,"column":32}},{"start":{"line":29,"column":30},"end":{"line":29,"column":43}}]},"97":{"loc":{"start":{"line":29,"column":18},"end":{"line":29,"column":32}},"type":"binary-expr","locations":[{"start":{"line":29,"column":18},"end":{"line":29,"column":32}},{"start":{"line":29,"column":30},"end":{"line":29,"column":32}}]},"98":{"loc":{"start":{"line":29,"column":18},"end":{"line":29,"column":30}},"type":"cond-expr","locations":[{"start":{"line":29,"column":24},"end":{"line":29,"column":26}},{"start":{"line":29,"column":18},"end":{"line":29,"column":30}}]},"99":{"loc":{"start":{"line":29,"column":18},"end":{"line":29,"column":26}},"type":"binary-expr","locations":[{"start":{"line":29,"column":18},"end":{"line":29,"column":26}},{"start":{"line":29,"column":18},"end":{"line":29,"column":26}}]},"100":{"loc":{"start":{"line":30,"column":18},"end":{"line":30,"column":77}},"type":"cond-expr","locations":[{"start":{"line":30,"column":66},"end":{"line":30,"column":68}},{"start":{"line":30,"column":66},"end":{"line":30,"column":77}}]},"101":{"loc":{"start":{"line":30,"column":18},"end":{"line":30,"column":68}},"type":"binary-expr","locations":[{"start":{"line":30,"column":18},"end":{"line":30,"column":68}},{"start":{"line":30,"column":66},"end":{"line":30,"column":68}}]},"102":{"loc":{"start":{"line":30,"column":18},"end":{"line":30,"column":66}},"type":"cond-expr","locations":[{"start":{"line":30,"column":59},"end":{"line":30,"column":61}},{"start":{"line":30,"column":59},"end":{"line":30,"column":66}}]},"103":{"loc":{"start":{"line":30,"column":18},"end":{"line":30,"column":61}},"type":"binary-expr","locations":[{"start":{"line":30,"column":18},"end":{"line":30,"column":61}},{"start":{"line":30,"column":59},"end":{"line":30,"column":61}}]},"104":{"loc":{"start":{"line":30,"column":18},"end":{"line":30,"column":59}},"type":"cond-expr","locations":[{"start":{"line":30,"column":43},"end":{"line":30,"column":45}},{"start":{"line":30,"column":43},"end":{"line":30,"column":59}}]},"105":{"loc":{"start":{"line":30,"column":18},"end":{"line":30,"column":45}},"type":"binary-expr","locations":[{"start":{"line":30,"column":18},"end":{"line":30,"column":45}},{"start":{"line":30,"column":43},"end":{"line":30,"column":45}}]},"106":{"loc":{"start":{"line":30,"column":18},"end":{"line":30,"column":43}},"type":"cond-expr","locations":[{"start":{"line":30,"column":30},"end":{"line":30,"column":32}},{"start":{"line":30,"column":30},"end":{"line":30,"column":43}}]},"107":{"loc":{"start":{"line":30,"column":18},"end":{"line":30,"column":32}},"type":"binary-expr","locations":[{"start":{"line":30,"column":18},"end":{"line":30,"column":32}},{"start":{"line":30,"column":30},"end":{"line":30,"column":32}}]},"108":{"loc":{"start":{"line":30,"column":18},"end":{"line":30,"column":30}},"type":"cond-expr","locations":[{"start":{"line":30,"column":24},"end":{"line":30,"column":26}},{"start":{"line":30,"column":18},"end":{"line":30,"column":30}}]},"109":{"loc":{"start":{"line":30,"column":18},"end":{"line":30,"column":26}},"type":"binary-expr","locations":[{"start":{"line":30,"column":18},"end":{"line":30,"column":26}},{"start":{"line":30,"column":18},"end":{"line":30,"column":26}}]},"110":{"loc":{"start":{"line":31,"column":18},"end":{"line":31,"column":77}},"type":"cond-expr","locations":[{"start":{"line":31,"column":66},"end":{"line":31,"column":68}},{"start":{"line":31,"column":66},"end":{"line":31,"column":77}}]},"111":{"loc":{"start":{"line":31,"column":18},"end":{"line":31,"column":68}},"type":"binary-expr","locations":[{"start":{"line":31,"column":18},"end":{"line":31,"column":68}},{"start":{"line":31,"column":66},"end":{"line":31,"column":68}}]},"112":{"loc":{"start":{"line":31,"column":18},"end":{"line":31,"column":66}},"type":"cond-expr","locations":[{"start":{"line":31,"column":59},"end":{"line":31,"column":61}},{"start":{"line":31,"column":59},"end":{"line":31,"column":66}}]},"113":{"loc":{"start":{"line":31,"column":18},"end":{"line":31,"column":61}},"type":"binary-expr","locations":[{"start":{"line":31,"column":18},"end":{"line":31,"column":61}},{"start":{"line":31,"column":59},"end":{"line":31,"column":61}}]},"114":{"loc":{"start":{"line":31,"column":18},"end":{"line":31,"column":59}},"type":"cond-expr","locations":[{"start":{"line":31,"column":43},"end":{"line":31,"column":45}},{"start":{"line":31,"column":43},"end":{"line":31,"column":59}}]},"115":{"loc":{"start":{"line":31,"column":18},"end":{"line":31,"column":45}},"type":"binary-expr","locations":[{"start":{"line":31,"column":18},"end":{"line":31,"column":45}},{"start":{"line":31,"column":43},"end":{"line":31,"column":45}}]},"116":{"loc":{"start":{"line":31,"column":18},"end":{"line":31,"column":43}},"type":"cond-expr","locations":[{"start":{"line":31,"column":30},"end":{"line":31,"column":32}},{"start":{"line":31,"column":30},"end":{"line":31,"column":43}}]},"117":{"loc":{"start":{"line":31,"column":18},"end":{"line":31,"column":32}},"type":"binary-expr","locations":[{"start":{"line":31,"column":18},"end":{"line":31,"column":32}},{"start":{"line":31,"column":30},"end":{"line":31,"column":32}}]},"118":{"loc":{"start":{"line":31,"column":18},"end":{"line":31,"column":30}},"type":"cond-expr","locations":[{"start":{"line":31,"column":24},"end":{"line":31,"column":26}},{"start":{"line":31,"column":18},"end":{"line":31,"column":30}}]},"119":{"loc":{"start":{"line":31,"column":18},"end":{"line":31,"column":26}},"type":"binary-expr","locations":[{"start":{"line":31,"column":18},"end":{"line":31,"column":26}},{"start":{"line":31,"column":18},"end":{"line":31,"column":26}}]},"120":{"loc":{"start":{"line":32,"column":20},"end":{"line":32,"column":81}},"type":"cond-expr","locations":[{"start":{"line":32,"column":68},"end":{"line":32,"column":70}},{"start":{"line":32,"column":68},"end":{"line":32,"column":81}}]},"121":{"loc":{"start":{"line":32,"column":20},"end":{"line":32,"column":70}},"type":"binary-expr","locations":[{"start":{"line":32,"column":20},"end":{"line":32,"column":70}},{"start":{"line":32,"column":68},"end":{"line":32,"column":70}}]},"122":{"loc":{"start":{"line":32,"column":20},"end":{"line":32,"column":68}},"type":"cond-expr","locations":[{"start":{"line":32,"column":61},"end":{"line":32,"column":63}},{"start":{"line":32,"column":61},"end":{"line":32,"column":68}}]},"123":{"loc":{"start":{"line":32,"column":20},"end":{"line":32,"column":63}},"type":"binary-expr","locations":[{"start":{"line":32,"column":20},"end":{"line":32,"column":63}},{"start":{"line":32,"column":61},"end":{"line":32,"column":63}}]},"124":{"loc":{"start":{"line":32,"column":20},"end":{"line":32,"column":61}},"type":"cond-expr","locations":[{"start":{"line":32,"column":45},"end":{"line":32,"column":47}},{"start":{"line":32,"column":45},"end":{"line":32,"column":61}}]},"125":{"loc":{"start":{"line":32,"column":20},"end":{"line":32,"column":47}},"type":"binary-expr","locations":[{"start":{"line":32,"column":20},"end":{"line":32,"column":47}},{"start":{"line":32,"column":45},"end":{"line":32,"column":47}}]},"126":{"loc":{"start":{"line":32,"column":20},"end":{"line":32,"column":45}},"type":"cond-expr","locations":[{"start":{"line":32,"column":32},"end":{"line":32,"column":34}},{"start":{"line":32,"column":32},"end":{"line":32,"column":45}}]},"127":{"loc":{"start":{"line":32,"column":20},"end":{"line":32,"column":34}},"type":"binary-expr","locations":[{"start":{"line":32,"column":20},"end":{"line":32,"column":34}},{"start":{"line":32,"column":32},"end":{"line":32,"column":34}}]},"128":{"loc":{"start":{"line":32,"column":20},"end":{"line":32,"column":32}},"type":"cond-expr","locations":[{"start":{"line":32,"column":26},"end":{"line":32,"column":28}},{"start":{"line":32,"column":20},"end":{"line":32,"column":32}}]},"129":{"loc":{"start":{"line":32,"column":20},"end":{"line":32,"column":28}},"type":"binary-expr","locations":[{"start":{"line":32,"column":20},"end":{"line":32,"column":28}},{"start":{"line":32,"column":20},"end":{"line":32,"column":28}}]},"130":{"loc":{"start":{"line":33,"column":19},"end":{"line":33,"column":80}},"type":"cond-expr","locations":[{"start":{"line":33,"column":67},"end":{"line":33,"column":69}},{"start":{"line":33,"column":67},"end":{"line":33,"column":80}}]},"131":{"loc":{"start":{"line":33,"column":19},"end":{"line":33,"column":69}},"type":"binary-expr","locations":[{"start":{"line":33,"column":19},"end":{"line":33,"column":69}},{"start":{"line":33,"column":67},"end":{"line":33,"column":69}}]},"132":{"loc":{"start":{"line":33,"column":19},"end":{"line":33,"column":67}},"type":"cond-expr","locations":[{"start":{"line":33,"column":60},"end":{"line":33,"column":62}},{"start":{"line":33,"column":60},"end":{"line":33,"column":67}}]},"133":{"loc":{"start":{"line":33,"column":19},"end":{"line":33,"column":62}},"type":"binary-expr","locations":[{"start":{"line":33,"column":19},"end":{"line":33,"column":62}},{"start":{"line":33,"column":60},"end":{"line":33,"column":62}}]},"134":{"loc":{"start":{"line":33,"column":19},"end":{"line":33,"column":60}},"type":"cond-expr","locations":[{"start":{"line":33,"column":44},"end":{"line":33,"column":46}},{"start":{"line":33,"column":44},"end":{"line":33,"column":60}}]},"135":{"loc":{"start":{"line":33,"column":19},"end":{"line":33,"column":46}},"type":"binary-expr","locations":[{"start":{"line":33,"column":19},"end":{"line":33,"column":46}},{"start":{"line":33,"column":44},"end":{"line":33,"column":46}}]},"136":{"loc":{"start":{"line":33,"column":19},"end":{"line":33,"column":44}},"type":"cond-expr","locations":[{"start":{"line":33,"column":31},"end":{"line":33,"column":33}},{"start":{"line":33,"column":31},"end":{"line":33,"column":44}}]},"137":{"loc":{"start":{"line":33,"column":19},"end":{"line":33,"column":33}},"type":"binary-expr","locations":[{"start":{"line":33,"column":19},"end":{"line":33,"column":33}},{"start":{"line":33,"column":31},"end":{"line":33,"column":33}}]},"138":{"loc":{"start":{"line":33,"column":19},"end":{"line":33,"column":31}},"type":"cond-expr","locations":[{"start":{"line":33,"column":25},"end":{"line":33,"column":27}},{"start":{"line":33,"column":19},"end":{"line":33,"column":31}}]},"139":{"loc":{"start":{"line":33,"column":19},"end":{"line":33,"column":27}},"type":"binary-expr","locations":[{"start":{"line":33,"column":19},"end":{"line":33,"column":27}},{"start":{"line":33,"column":19},"end":{"line":33,"column":27}}]},"140":{"loc":{"start":{"line":34,"column":20},"end":{"line":34,"column":81}},"type":"cond-expr","locations":[{"start":{"line":34,"column":68},"end":{"line":34,"column":70}},{"start":{"line":34,"column":68},"end":{"line":34,"column":81}}]},"141":{"loc":{"start":{"line":34,"column":20},"end":{"line":34,"column":70}},"type":"binary-expr","locations":[{"start":{"line":34,"column":20},"end":{"line":34,"column":70}},{"start":{"line":34,"column":68},"end":{"line":34,"column":70}}]},"142":{"loc":{"start":{"line":34,"column":20},"end":{"line":34,"column":68}},"type":"cond-expr","locations":[{"start":{"line":34,"column":61},"end":{"line":34,"column":63}},{"start":{"line":34,"column":61},"end":{"line":34,"column":68}}]},"143":{"loc":{"start":{"line":34,"column":20},"end":{"line":34,"column":63}},"type":"binary-expr","locations":[{"start":{"line":34,"column":20},"end":{"line":34,"column":63}},{"start":{"line":34,"column":61},"end":{"line":34,"column":63}}]},"144":{"loc":{"start":{"line":34,"column":20},"end":{"line":34,"column":61}},"type":"cond-expr","locations":[{"start":{"line":34,"column":45},"end":{"line":34,"column":47}},{"start":{"line":34,"column":45},"end":{"line":34,"column":61}}]},"145":{"loc":{"start":{"line":34,"column":20},"end":{"line":34,"column":47}},"type":"binary-expr","locations":[{"start":{"line":34,"column":20},"end":{"line":34,"column":47}},{"start":{"line":34,"column":45},"end":{"line":34,"column":47}}]},"146":{"loc":{"start":{"line":34,"column":20},"end":{"line":34,"column":45}},"type":"cond-expr","locations":[{"start":{"line":34,"column":32},"end":{"line":34,"column":34}},{"start":{"line":34,"column":32},"end":{"line":34,"column":45}}]},"147":{"loc":{"start":{"line":34,"column":20},"end":{"line":34,"column":34}},"type":"binary-expr","locations":[{"start":{"line":34,"column":20},"end":{"line":34,"column":34}},{"start":{"line":34,"column":32},"end":{"line":34,"column":34}}]},"148":{"loc":{"start":{"line":34,"column":20},"end":{"line":34,"column":32}},"type":"cond-expr","locations":[{"start":{"line":34,"column":26},"end":{"line":34,"column":28}},{"start":{"line":34,"column":20},"end":{"line":34,"column":32}}]},"149":{"loc":{"start":{"line":34,"column":20},"end":{"line":34,"column":28}},"type":"binary-expr","locations":[{"start":{"line":34,"column":20},"end":{"line":34,"column":28}},{"start":{"line":34,"column":20},"end":{"line":34,"column":28}}]},"150":{"loc":{"start":{"line":35,"column":21},"end":{"line":35,"column":111}},"type":"binary-expr","locations":[{"start":{"line":35,"column":21},"end":{"line":35,"column":98}},{"start":{"line":35,"column":102},"end":{"line":35,"column":111}}]},"151":{"loc":{"start":{"line":35,"column":21},"end":{"line":35,"column":98}},"type":"cond-expr","locations":[{"start":{"line":35,"column":84},"end":{"line":35,"column":86}},{"start":{"line":35,"column":84},"end":{"line":35,"column":98}}]},"152":{"loc":{"start":{"line":35,"column":21},"end":{"line":35,"column":86}},"type":"binary-expr","locations":[{"start":{"line":35,"column":21},"end":{"line":35,"column":86}},{"start":{"line":35,"column":84},"end":{"line":35,"column":86}}]},"153":{"loc":{"start":{"line":35,"column":21},"end":{"line":35,"column":84}},"type":"cond-expr","locations":[{"start":{"line":35,"column":69},"end":{"line":35,"column":71}},{"start":{"line":35,"column":69},"end":{"line":35,"column":84}}]},"154":{"loc":{"start":{"line":35,"column":21},"end":{"line":35,"column":71}},"type":"binary-expr","locations":[{"start":{"line":35,"column":21},"end":{"line":35,"column":71}},{"start":{"line":35,"column":69},"end":{"line":35,"column":71}}]},"155":{"loc":{"start":{"line":35,"column":21},"end":{"line":35,"column":69}},"type":"cond-expr","locations":[{"start":{"line":35,"column":62},"end":{"line":35,"column":64}},{"start":{"line":35,"column":62},"end":{"line":35,"column":69}}]},"156":{"loc":{"start":{"line":35,"column":21},"end":{"line":35,"column":64}},"type":"binary-expr","locations":[{"start":{"line":35,"column":21},"end":{"line":35,"column":64}},{"start":{"line":35,"column":62},"end":{"line":35,"column":64}}]},"157":{"loc":{"start":{"line":35,"column":21},"end":{"line":35,"column":62}},"type":"cond-expr","locations":[{"start":{"line":35,"column":46},"end":{"line":35,"column":48}},{"start":{"line":35,"column":46},"end":{"line":35,"column":62}}]},"158":{"loc":{"start":{"line":35,"column":21},"end":{"line":35,"column":48}},"type":"binary-expr","locations":[{"start":{"line":35,"column":21},"end":{"line":35,"column":48}},{"start":{"line":35,"column":46},"end":{"line":35,"column":48}}]},"159":{"loc":{"start":{"line":35,"column":21},"end":{"line":35,"column":46}},"type":"cond-expr","locations":[{"start":{"line":35,"column":33},"end":{"line":35,"column":35}},{"start":{"line":35,"column":33},"end":{"line":35,"column":46}}]},"160":{"loc":{"start":{"line":35,"column":21},"end":{"line":35,"column":35}},"type":"binary-expr","locations":[{"start":{"line":35,"column":21},"end":{"line":35,"column":35}},{"start":{"line":35,"column":33},"end":{"line":35,"column":35}}]},"161":{"loc":{"start":{"line":35,"column":21},"end":{"line":35,"column":33}},"type":"cond-expr","locations":[{"start":{"line":35,"column":27},"end":{"line":35,"column":29}},{"start":{"line":35,"column":21},"end":{"line":35,"column":33}}]},"162":{"loc":{"start":{"line":35,"column":21},"end":{"line":35,"column":29}},"type":"binary-expr","locations":[{"start":{"line":35,"column":21},"end":{"line":35,"column":29}},{"start":{"line":35,"column":21},"end":{"line":35,"column":29}}]},"163":{"loc":{"start":{"line":36,"column":27},"end":{"line":36,"column":124}},"type":"binary-expr","locations":[{"start":{"line":36,"column":27},"end":{"line":36,"column":111}},{"start":{"line":36,"column":115},"end":{"line":36,"column":124}}]},"164":{"loc":{"start":{"line":36,"column":27},"end":{"line":36,"column":111}},"type":"cond-expr","locations":[{"start":{"line":36,"column":90},"end":{"line":36,"column":92}},{"start":{"line":36,"column":90},"end":{"line":36,"column":111}}]},"165":{"loc":{"start":{"line":36,"column":27},"end":{"line":36,"column":92}},"type":"binary-expr","locations":[{"start":{"line":36,"column":27},"end":{"line":36,"column":92}},{"start":{"line":36,"column":90},"end":{"line":36,"column":92}}]},"166":{"loc":{"start":{"line":36,"column":27},"end":{"line":36,"column":90}},"type":"cond-expr","locations":[{"start":{"line":36,"column":75},"end":{"line":36,"column":77}},{"start":{"line":36,"column":75},"end":{"line":36,"column":90}}]},"167":{"loc":{"start":{"line":36,"column":27},"end":{"line":36,"column":77}},"type":"binary-expr","locations":[{"start":{"line":36,"column":27},"end":{"line":36,"column":77}},{"start":{"line":36,"column":75},"end":{"line":36,"column":77}}]},"168":{"loc":{"start":{"line":36,"column":27},"end":{"line":36,"column":75}},"type":"cond-expr","locations":[{"start":{"line":36,"column":68},"end":{"line":36,"column":70}},{"start":{"line":36,"column":68},"end":{"line":36,"column":75}}]},"169":{"loc":{"start":{"line":36,"column":27},"end":{"line":36,"column":70}},"type":"binary-expr","locations":[{"start":{"line":36,"column":27},"end":{"line":36,"column":70}},{"start":{"line":36,"column":68},"end":{"line":36,"column":70}}]},"170":{"loc":{"start":{"line":36,"column":27},"end":{"line":36,"column":68}},"type":"cond-expr","locations":[{"start":{"line":36,"column":52},"end":{"line":36,"column":54}},{"start":{"line":36,"column":52},"end":{"line":36,"column":68}}]},"171":{"loc":{"start":{"line":36,"column":27},"end":{"line":36,"column":54}},"type":"binary-expr","locations":[{"start":{"line":36,"column":27},"end":{"line":36,"column":54}},{"start":{"line":36,"column":52},"end":{"line":36,"column":54}}]},"172":{"loc":{"start":{"line":36,"column":27},"end":{"line":36,"column":52}},"type":"cond-expr","locations":[{"start":{"line":36,"column":39},"end":{"line":36,"column":41}},{"start":{"line":36,"column":39},"end":{"line":36,"column":52}}]},"173":{"loc":{"start":{"line":36,"column":27},"end":{"line":36,"column":41}},"type":"binary-expr","locations":[{"start":{"line":36,"column":27},"end":{"line":36,"column":41}},{"start":{"line":36,"column":39},"end":{"line":36,"column":41}}]},"174":{"loc":{"start":{"line":36,"column":27},"end":{"line":36,"column":39}},"type":"cond-expr","locations":[{"start":{"line":36,"column":33},"end":{"line":36,"column":35}},{"start":{"line":36,"column":27},"end":{"line":36,"column":39}}]},"175":{"loc":{"start":{"line":36,"column":27},"end":{"line":36,"column":35}},"type":"binary-expr","locations":[{"start":{"line":36,"column":27},"end":{"line":36,"column":35}},{"start":{"line":36,"column":27},"end":{"line":36,"column":35}}]},"176":{"loc":{"start":{"line":37,"column":28},"end":{"line":37,"column":97}},"type":"cond-expr","locations":[{"start":{"line":37,"column":76},"end":{"line":37,"column":78}},{"start":{"line":37,"column":76},"end":{"line":37,"column":97}}]},"177":{"loc":{"start":{"line":37,"column":28},"end":{"line":37,"column":78}},"type":"binary-expr","locations":[{"start":{"line":37,"column":28},"end":{"line":37,"column":78}},{"start":{"line":37,"column":76},"end":{"line":37,"column":78}}]},"178":{"loc":{"start":{"line":37,"column":28},"end":{"line":37,"column":76}},"type":"cond-expr","locations":[{"start":{"line":37,"column":69},"end":{"line":37,"column":71}},{"start":{"line":37,"column":69},"end":{"line":37,"column":76}}]},"179":{"loc":{"start":{"line":37,"column":28},"end":{"line":37,"column":71}},"type":"binary-expr","locations":[{"start":{"line":37,"column":28},"end":{"line":37,"column":71}},{"start":{"line":37,"column":69},"end":{"line":37,"column":71}}]},"180":{"loc":{"start":{"line":37,"column":28},"end":{"line":37,"column":69}},"type":"cond-expr","locations":[{"start":{"line":37,"column":53},"end":{"line":37,"column":55}},{"start":{"line":37,"column":53},"end":{"line":37,"column":69}}]},"181":{"loc":{"start":{"line":37,"column":28},"end":{"line":37,"column":55}},"type":"binary-expr","locations":[{"start":{"line":37,"column":28},"end":{"line":37,"column":55}},{"start":{"line":37,"column":53},"end":{"line":37,"column":55}}]},"182":{"loc":{"start":{"line":37,"column":28},"end":{"line":37,"column":53}},"type":"cond-expr","locations":[{"start":{"line":37,"column":40},"end":{"line":37,"column":42}},{"start":{"line":37,"column":40},"end":{"line":37,"column":53}}]},"183":{"loc":{"start":{"line":37,"column":28},"end":{"line":37,"column":42}},"type":"binary-expr","locations":[{"start":{"line":37,"column":28},"end":{"line":37,"column":42}},{"start":{"line":37,"column":40},"end":{"line":37,"column":42}}]},"184":{"loc":{"start":{"line":37,"column":28},"end":{"line":37,"column":40}},"type":"cond-expr","locations":[{"start":{"line":37,"column":34},"end":{"line":37,"column":36}},{"start":{"line":37,"column":28},"end":{"line":37,"column":40}}]},"185":{"loc":{"start":{"line":37,"column":28},"end":{"line":37,"column":36}},"type":"binary-expr","locations":[{"start":{"line":37,"column":28},"end":{"line":37,"column":36}},{"start":{"line":37,"column":28},"end":{"line":37,"column":36}}]},"186":{"loc":{"start":{"line":38,"column":31},"end":{"line":38,"column":104}},"type":"cond-expr","locations":[{"start":{"line":38,"column":79},"end":{"line":38,"column":81}},{"start":{"line":38,"column":79},"end":{"line":38,"column":104}}]},"187":{"loc":{"start":{"line":38,"column":31},"end":{"line":38,"column":81}},"type":"binary-expr","locations":[{"start":{"line":38,"column":31},"end":{"line":38,"column":81}},{"start":{"line":38,"column":79},"end":{"line":38,"column":81}}]},"188":{"loc":{"start":{"line":38,"column":31},"end":{"line":38,"column":79}},"type":"cond-expr","locations":[{"start":{"line":38,"column":72},"end":{"line":38,"column":74}},{"start":{"line":38,"column":72},"end":{"line":38,"column":79}}]},"189":{"loc":{"start":{"line":38,"column":31},"end":{"line":38,"column":74}},"type":"binary-expr","locations":[{"start":{"line":38,"column":31},"end":{"line":38,"column":74}},{"start":{"line":38,"column":72},"end":{"line":38,"column":74}}]},"190":{"loc":{"start":{"line":38,"column":31},"end":{"line":38,"column":72}},"type":"cond-expr","locations":[{"start":{"line":38,"column":56},"end":{"line":38,"column":58}},{"start":{"line":38,"column":56},"end":{"line":38,"column":72}}]},"191":{"loc":{"start":{"line":38,"column":31},"end":{"line":38,"column":58}},"type":"binary-expr","locations":[{"start":{"line":38,"column":31},"end":{"line":38,"column":58}},{"start":{"line":38,"column":56},"end":{"line":38,"column":58}}]},"192":{"loc":{"start":{"line":38,"column":31},"end":{"line":38,"column":56}},"type":"cond-expr","locations":[{"start":{"line":38,"column":43},"end":{"line":38,"column":45}},{"start":{"line":38,"column":43},"end":{"line":38,"column":56}}]},"193":{"loc":{"start":{"line":38,"column":31},"end":{"line":38,"column":45}},"type":"binary-expr","locations":[{"start":{"line":38,"column":31},"end":{"line":38,"column":45}},{"start":{"line":38,"column":43},"end":{"line":38,"column":45}}]},"194":{"loc":{"start":{"line":38,"column":31},"end":{"line":38,"column":43}},"type":"cond-expr","locations":[{"start":{"line":38,"column":37},"end":{"line":38,"column":39}},{"start":{"line":38,"column":31},"end":{"line":38,"column":43}}]},"195":{"loc":{"start":{"line":38,"column":31},"end":{"line":38,"column":39}},"type":"binary-expr","locations":[{"start":{"line":38,"column":31},"end":{"line":38,"column":39}},{"start":{"line":38,"column":31},"end":{"line":38,"column":39}}]},"196":{"loc":{"start":{"line":39,"column":15},"end":{"line":39,"column":63}},"type":"cond-expr","locations":[{"start":{"line":39,"column":56},"end":{"line":39,"column":58}},{"start":{"line":39,"column":56},"end":{"line":39,"column":63}}]},"197":{"loc":{"start":{"line":39,"column":15},"end":{"line":39,"column":58}},"type":"binary-expr","locations":[{"start":{"line":39,"column":15},"end":{"line":39,"column":58}},{"start":{"line":39,"column":56},"end":{"line":39,"column":58}}]},"198":{"loc":{"start":{"line":39,"column":15},"end":{"line":39,"column":56}},"type":"cond-expr","locations":[{"start":{"line":39,"column":40},"end":{"line":39,"column":42}},{"start":{"line":39,"column":40},"end":{"line":39,"column":56}}]},"199":{"loc":{"start":{"line":39,"column":15},"end":{"line":39,"column":42}},"type":"binary-expr","locations":[{"start":{"line":39,"column":15},"end":{"line":39,"column":42}},{"start":{"line":39,"column":40},"end":{"line":39,"column":42}}]},"200":{"loc":{"start":{"line":39,"column":15},"end":{"line":39,"column":40}},"type":"cond-expr","locations":[{"start":{"line":39,"column":27},"end":{"line":39,"column":29}},{"start":{"line":39,"column":27},"end":{"line":39,"column":40}}]},"201":{"loc":{"start":{"line":39,"column":15},"end":{"line":39,"column":29}},"type":"binary-expr","locations":[{"start":{"line":39,"column":15},"end":{"line":39,"column":29}},{"start":{"line":39,"column":27},"end":{"line":39,"column":29}}]},"202":{"loc":{"start":{"line":39,"column":15},"end":{"line":39,"column":27}},"type":"cond-expr","locations":[{"start":{"line":39,"column":21},"end":{"line":39,"column":23}},{"start":{"line":39,"column":15},"end":{"line":39,"column":27}}]},"203":{"loc":{"start":{"line":39,"column":15},"end":{"line":39,"column":23}},"type":"binary-expr","locations":[{"start":{"line":39,"column":15},"end":{"line":39,"column":23}},{"start":{"line":39,"column":15},"end":{"line":39,"column":23}}]},"204":{"loc":{"start":{"line":40,"column":22},"end":{"line":40,"column":77}},"type":"cond-expr","locations":[{"start":{"line":40,"column":63},"end":{"line":40,"column":65}},{"start":{"line":40,"column":63},"end":{"line":40,"column":77}}]},"205":{"loc":{"start":{"line":40,"column":22},"end":{"line":40,"column":65}},"type":"binary-expr","locations":[{"start":{"line":40,"column":22},"end":{"line":40,"column":65}},{"start":{"line":40,"column":63},"end":{"line":40,"column":65}}]},"206":{"loc":{"start":{"line":40,"column":22},"end":{"line":40,"column":63}},"type":"cond-expr","locations":[{"start":{"line":40,"column":47},"end":{"line":40,"column":49}},{"start":{"line":40,"column":47},"end":{"line":40,"column":63}}]},"207":{"loc":{"start":{"line":40,"column":22},"end":{"line":40,"column":49}},"type":"binary-expr","locations":[{"start":{"line":40,"column":22},"end":{"line":40,"column":49}},{"start":{"line":40,"column":47},"end":{"line":40,"column":49}}]},"208":{"loc":{"start":{"line":40,"column":22},"end":{"line":40,"column":47}},"type":"cond-expr","locations":[{"start":{"line":40,"column":34},"end":{"line":40,"column":36}},{"start":{"line":40,"column":34},"end":{"line":40,"column":47}}]},"209":{"loc":{"start":{"line":40,"column":22},"end":{"line":40,"column":36}},"type":"binary-expr","locations":[{"start":{"line":40,"column":22},"end":{"line":40,"column":36}},{"start":{"line":40,"column":34},"end":{"line":40,"column":36}}]},"210":{"loc":{"start":{"line":40,"column":22},"end":{"line":40,"column":34}},"type":"cond-expr","locations":[{"start":{"line":40,"column":28},"end":{"line":40,"column":30}},{"start":{"line":40,"column":22},"end":{"line":40,"column":34}}]},"211":{"loc":{"start":{"line":40,"column":22},"end":{"line":40,"column":30}},"type":"binary-expr","locations":[{"start":{"line":40,"column":22},"end":{"line":40,"column":30}},{"start":{"line":40,"column":22},"end":{"line":40,"column":30}}]},"212":{"loc":{"start":{"line":41,"column":16},"end":{"line":41,"column":49}},"type":"cond-expr","locations":[{"start":{"line":41,"column":41},"end":{"line":41,"column":43}},{"start":{"line":41,"column":41},"end":{"line":41,"column":49}}]},"213":{"loc":{"start":{"line":41,"column":16},"end":{"line":41,"column":43}},"type":"binary-expr","locations":[{"start":{"line":41,"column":16},"end":{"line":41,"column":43}},{"start":{"line":41,"column":41},"end":{"line":41,"column":43}}]},"214":{"loc":{"start":{"line":41,"column":16},"end":{"line":41,"column":41}},"type":"cond-expr","locations":[{"start":{"line":41,"column":28},"end":{"line":41,"column":30}},{"start":{"line":41,"column":28},"end":{"line":41,"column":41}}]},"215":{"loc":{"start":{"line":41,"column":16},"end":{"line":41,"column":30}},"type":"binary-expr","locations":[{"start":{"line":41,"column":16},"end":{"line":41,"column":30}},{"start":{"line":41,"column":28},"end":{"line":41,"column":30}}]},"216":{"loc":{"start":{"line":41,"column":16},"end":{"line":41,"column":28}},"type":"cond-expr","locations":[{"start":{"line":41,"column":22},"end":{"line":41,"column":24}},{"start":{"line":41,"column":16},"end":{"line":41,"column":28}}]},"217":{"loc":{"start":{"line":41,"column":16},"end":{"line":41,"column":24}},"type":"binary-expr","locations":[{"start":{"line":41,"column":16},"end":{"line":41,"column":24}},{"start":{"line":41,"column":16},"end":{"line":41,"column":24}}]},"218":{"loc":{"start":{"line":42,"column":23},"end":{"line":42,"column":64}},"type":"cond-expr","locations":[{"start":{"line":42,"column":48},"end":{"line":42,"column":50}},{"start":{"line":42,"column":48},"end":{"line":42,"column":64}}]},"219":{"loc":{"start":{"line":42,"column":23},"end":{"line":42,"column":50}},"type":"binary-expr","locations":[{"start":{"line":42,"column":23},"end":{"line":42,"column":50}},{"start":{"line":42,"column":48},"end":{"line":42,"column":50}}]},"220":{"loc":{"start":{"line":42,"column":23},"end":{"line":42,"column":48}},"type":"cond-expr","locations":[{"start":{"line":42,"column":35},"end":{"line":42,"column":37}},{"start":{"line":42,"column":35},"end":{"line":42,"column":48}}]},"221":{"loc":{"start":{"line":42,"column":23},"end":{"line":42,"column":37}},"type":"binary-expr","locations":[{"start":{"line":42,"column":23},"end":{"line":42,"column":37}},{"start":{"line":42,"column":35},"end":{"line":42,"column":37}}]},"222":{"loc":{"start":{"line":42,"column":23},"end":{"line":42,"column":35}},"type":"cond-expr","locations":[{"start":{"line":42,"column":29},"end":{"line":42,"column":31}},{"start":{"line":42,"column":23},"end":{"line":42,"column":35}}]},"223":{"loc":{"start":{"line":42,"column":23},"end":{"line":42,"column":31}},"type":"binary-expr","locations":[{"start":{"line":42,"column":23},"end":{"line":42,"column":31}},{"start":{"line":42,"column":23},"end":{"line":42,"column":31}}]},"224":{"loc":{"start":{"line":43,"column":25},"end":{"line":43,"column":68}},"type":"cond-expr","locations":[{"start":{"line":43,"column":50},"end":{"line":43,"column":52}},{"start":{"line":43,"column":50},"end":{"line":43,"column":68}}]},"225":{"loc":{"start":{"line":43,"column":25},"end":{"line":43,"column":52}},"type":"binary-expr","locations":[{"start":{"line":43,"column":25},"end":{"line":43,"column":52}},{"start":{"line":43,"column":50},"end":{"line":43,"column":52}}]},"226":{"loc":{"start":{"line":43,"column":25},"end":{"line":43,"column":50}},"type":"cond-expr","locations":[{"start":{"line":43,"column":37},"end":{"line":43,"column":39}},{"start":{"line":43,"column":37},"end":{"line":43,"column":50}}]},"227":{"loc":{"start":{"line":43,"column":25},"end":{"line":43,"column":39}},"type":"binary-expr","locations":[{"start":{"line":43,"column":25},"end":{"line":43,"column":39}},{"start":{"line":43,"column":37},"end":{"line":43,"column":39}}]},"228":{"loc":{"start":{"line":43,"column":25},"end":{"line":43,"column":37}},"type":"cond-expr","locations":[{"start":{"line":43,"column":31},"end":{"line":43,"column":33}},{"start":{"line":43,"column":25},"end":{"line":43,"column":37}}]},"229":{"loc":{"start":{"line":43,"column":25},"end":{"line":43,"column":33}},"type":"binary-expr","locations":[{"start":{"line":43,"column":25},"end":{"line":43,"column":33}},{"start":{"line":43,"column":25},"end":{"line":43,"column":33}}]},"230":{"loc":{"start":{"line":44,"column":25},"end":{"line":44,"column":69}},"type":"cond-expr","locations":[{"start":{"line":44,"column":50},"end":{"line":44,"column":52}},{"start":{"line":44,"column":50},"end":{"line":44,"column":69}}]},"231":{"loc":{"start":{"line":44,"column":25},"end":{"line":44,"column":52}},"type":"binary-expr","locations":[{"start":{"line":44,"column":25},"end":{"line":44,"column":52}},{"start":{"line":44,"column":50},"end":{"line":44,"column":52}}]},"232":{"loc":{"start":{"line":44,"column":25},"end":{"line":44,"column":50}},"type":"cond-expr","locations":[{"start":{"line":44,"column":37},"end":{"line":44,"column":39}},{"start":{"line":44,"column":37},"end":{"line":44,"column":50}}]},"233":{"loc":{"start":{"line":44,"column":25},"end":{"line":44,"column":39}},"type":"binary-expr","locations":[{"start":{"line":44,"column":25},"end":{"line":44,"column":39}},{"start":{"line":44,"column":37},"end":{"line":44,"column":39}}]},"234":{"loc":{"start":{"line":44,"column":25},"end":{"line":44,"column":37}},"type":"cond-expr","locations":[{"start":{"line":44,"column":31},"end":{"line":44,"column":33}},{"start":{"line":44,"column":25},"end":{"line":44,"column":37}}]},"235":{"loc":{"start":{"line":44,"column":25},"end":{"line":44,"column":33}},"type":"binary-expr","locations":[{"start":{"line":44,"column":25},"end":{"line":44,"column":33}},{"start":{"line":44,"column":25},"end":{"line":44,"column":33}}]},"236":{"loc":{"start":{"line":45,"column":23},"end":{"line":45,"column":65}},"type":"cond-expr","locations":[{"start":{"line":45,"column":48},"end":{"line":45,"column":50}},{"start":{"line":45,"column":48},"end":{"line":45,"column":65}}]},"237":{"loc":{"start":{"line":45,"column":23},"end":{"line":45,"column":50}},"type":"binary-expr","locations":[{"start":{"line":45,"column":23},"end":{"line":45,"column":50}},{"start":{"line":45,"column":48},"end":{"line":45,"column":50}}]},"238":{"loc":{"start":{"line":45,"column":23},"end":{"line":45,"column":48}},"type":"cond-expr","locations":[{"start":{"line":45,"column":35},"end":{"line":45,"column":37}},{"start":{"line":45,"column":35},"end":{"line":45,"column":48}}]},"239":{"loc":{"start":{"line":45,"column":23},"end":{"line":45,"column":37}},"type":"binary-expr","locations":[{"start":{"line":45,"column":23},"end":{"line":45,"column":37}},{"start":{"line":45,"column":35},"end":{"line":45,"column":37}}]},"240":{"loc":{"start":{"line":45,"column":23},"end":{"line":45,"column":35}},"type":"cond-expr","locations":[{"start":{"line":45,"column":29},"end":{"line":45,"column":31}},{"start":{"line":45,"column":23},"end":{"line":45,"column":35}}]},"241":{"loc":{"start":{"line":45,"column":23},"end":{"line":45,"column":31}},"type":"binary-expr","locations":[{"start":{"line":45,"column":23},"end":{"line":45,"column":31}},{"start":{"line":45,"column":23},"end":{"line":45,"column":31}}]},"242":{"loc":{"start":{"line":46,"column":18},"end":{"line":46,"column":69}},"type":"cond-expr","locations":[{"start":{"line":46,"column":58},"end":{"line":46,"column":60}},{"start":{"line":46,"column":58},"end":{"line":46,"column":69}}]},"243":{"loc":{"start":{"line":46,"column":18},"end":{"line":46,"column":60}},"type":"binary-expr","locations":[{"start":{"line":46,"column":18},"end":{"line":46,"column":60}},{"start":{"line":46,"column":58},"end":{"line":46,"column":60}}]},"244":{"loc":{"start":{"line":46,"column":18},"end":{"line":46,"column":58}},"type":"cond-expr","locations":[{"start":{"line":46,"column":43},"end":{"line":46,"column":45}},{"start":{"line":46,"column":43},"end":{"line":46,"column":58}}]},"245":{"loc":{"start":{"line":46,"column":18},"end":{"line":46,"column":45}},"type":"binary-expr","locations":[{"start":{"line":46,"column":18},"end":{"line":46,"column":45}},{"start":{"line":46,"column":43},"end":{"line":46,"column":45}}]},"246":{"loc":{"start":{"line":46,"column":18},"end":{"line":46,"column":43}},"type":"cond-expr","locations":[{"start":{"line":46,"column":30},"end":{"line":46,"column":32}},{"start":{"line":46,"column":30},"end":{"line":46,"column":43}}]},"247":{"loc":{"start":{"line":46,"column":18},"end":{"line":46,"column":32}},"type":"binary-expr","locations":[{"start":{"line":46,"column":18},"end":{"line":46,"column":32}},{"start":{"line":46,"column":30},"end":{"line":46,"column":32}}]},"248":{"loc":{"start":{"line":46,"column":18},"end":{"line":46,"column":30}},"type":"cond-expr","locations":[{"start":{"line":46,"column":24},"end":{"line":46,"column":26}},{"start":{"line":46,"column":18},"end":{"line":46,"column":30}}]},"249":{"loc":{"start":{"line":46,"column":18},"end":{"line":46,"column":26}},"type":"binary-expr","locations":[{"start":{"line":46,"column":18},"end":{"line":46,"column":26}},{"start":{"line":46,"column":18},"end":{"line":46,"column":26}}]},"250":{"loc":{"start":{"line":47,"column":21},"end":{"line":47,"column":75}},"type":"cond-expr","locations":[{"start":{"line":47,"column":61},"end":{"line":47,"column":63}},{"start":{"line":47,"column":61},"end":{"line":47,"column":75}}]},"251":{"loc":{"start":{"line":47,"column":21},"end":{"line":47,"column":63}},"type":"binary-expr","locations":[{"start":{"line":47,"column":21},"end":{"line":47,"column":63}},{"start":{"line":47,"column":61},"end":{"line":47,"column":63}}]},"252":{"loc":{"start":{"line":47,"column":21},"end":{"line":47,"column":61}},"type":"cond-expr","locations":[{"start":{"line":47,"column":46},"end":{"line":47,"column":48}},{"start":{"line":47,"column":46},"end":{"line":47,"column":61}}]},"253":{"loc":{"start":{"line":47,"column":21},"end":{"line":47,"column":48}},"type":"binary-expr","locations":[{"start":{"line":47,"column":21},"end":{"line":47,"column":48}},{"start":{"line":47,"column":46},"end":{"line":47,"column":48}}]},"254":{"loc":{"start":{"line":47,"column":21},"end":{"line":47,"column":46}},"type":"cond-expr","locations":[{"start":{"line":47,"column":33},"end":{"line":47,"column":35}},{"start":{"line":47,"column":33},"end":{"line":47,"column":46}}]},"255":{"loc":{"start":{"line":47,"column":21},"end":{"line":47,"column":35}},"type":"binary-expr","locations":[{"start":{"line":47,"column":21},"end":{"line":47,"column":35}},{"start":{"line":47,"column":33},"end":{"line":47,"column":35}}]},"256":{"loc":{"start":{"line":47,"column":21},"end":{"line":47,"column":33}},"type":"cond-expr","locations":[{"start":{"line":47,"column":27},"end":{"line":47,"column":29}},{"start":{"line":47,"column":21},"end":{"line":47,"column":33}}]},"257":{"loc":{"start":{"line":47,"column":21},"end":{"line":47,"column":29}},"type":"binary-expr","locations":[{"start":{"line":47,"column":21},"end":{"line":47,"column":29}},{"start":{"line":47,"column":21},"end":{"line":47,"column":29}}]},"258":{"loc":{"start":{"line":48,"column":21},"end":{"line":48,"column":75}},"type":"cond-expr","locations":[{"start":{"line":48,"column":60},"end":{"line":48,"column":62}},{"start":{"line":48,"column":60},"end":{"line":48,"column":75}}]},"259":{"loc":{"start":{"line":48,"column":21},"end":{"line":48,"column":62}},"type":"binary-expr","locations":[{"start":{"line":48,"column":21},"end":{"line":48,"column":62}},{"start":{"line":48,"column":60},"end":{"line":48,"column":62}}]},"260":{"loc":{"start":{"line":48,"column":21},"end":{"line":48,"column":60}},"type":"cond-expr","locations":[{"start":{"line":48,"column":46},"end":{"line":48,"column":48}},{"start":{"line":48,"column":46},"end":{"line":48,"column":60}}]},"261":{"loc":{"start":{"line":48,"column":21},"end":{"line":48,"column":48}},"type":"binary-expr","locations":[{"start":{"line":48,"column":21},"end":{"line":48,"column":48}},{"start":{"line":48,"column":46},"end":{"line":48,"column":48}}]},"262":{"loc":{"start":{"line":48,"column":21},"end":{"line":48,"column":46}},"type":"cond-expr","locations":[{"start":{"line":48,"column":33},"end":{"line":48,"column":35}},{"start":{"line":48,"column":33},"end":{"line":48,"column":46}}]},"263":{"loc":{"start":{"line":48,"column":21},"end":{"line":48,"column":35}},"type":"binary-expr","locations":[{"start":{"line":48,"column":21},"end":{"line":48,"column":35}},{"start":{"line":48,"column":33},"end":{"line":48,"column":35}}]},"264":{"loc":{"start":{"line":48,"column":21},"end":{"line":48,"column":33}},"type":"cond-expr","locations":[{"start":{"line":48,"column":27},"end":{"line":48,"column":29}},{"start":{"line":48,"column":21},"end":{"line":48,"column":33}}]},"265":{"loc":{"start":{"line":48,"column":21},"end":{"line":48,"column":29}},"type":"binary-expr","locations":[{"start":{"line":48,"column":21},"end":{"line":48,"column":29}},{"start":{"line":48,"column":21},"end":{"line":48,"column":29}}]},"266":{"loc":{"start":{"line":49,"column":17},"end":{"line":49,"column":66}},"type":"cond-expr","locations":[{"start":{"line":49,"column":56},"end":{"line":49,"column":58}},{"start":{"line":49,"column":56},"end":{"line":49,"column":66}}]},"267":{"loc":{"start":{"line":49,"column":17},"end":{"line":49,"column":58}},"type":"binary-expr","locations":[{"start":{"line":49,"column":17},"end":{"line":49,"column":58}},{"start":{"line":49,"column":56},"end":{"line":49,"column":58}}]},"268":{"loc":{"start":{"line":49,"column":17},"end":{"line":49,"column":56}},"type":"cond-expr","locations":[{"start":{"line":49,"column":42},"end":{"line":49,"column":44}},{"start":{"line":49,"column":42},"end":{"line":49,"column":56}}]},"269":{"loc":{"start":{"line":49,"column":17},"end":{"line":49,"column":44}},"type":"binary-expr","locations":[{"start":{"line":49,"column":17},"end":{"line":49,"column":44}},{"start":{"line":49,"column":42},"end":{"line":49,"column":44}}]},"270":{"loc":{"start":{"line":49,"column":17},"end":{"line":49,"column":42}},"type":"cond-expr","locations":[{"start":{"line":49,"column":29},"end":{"line":49,"column":31}},{"start":{"line":49,"column":29},"end":{"line":49,"column":42}}]},"271":{"loc":{"start":{"line":49,"column":17},"end":{"line":49,"column":31}},"type":"binary-expr","locations":[{"start":{"line":49,"column":17},"end":{"line":49,"column":31}},{"start":{"line":49,"column":29},"end":{"line":49,"column":31}}]},"272":{"loc":{"start":{"line":49,"column":17},"end":{"line":49,"column":29}},"type":"cond-expr","locations":[{"start":{"line":49,"column":23},"end":{"line":49,"column":25}},{"start":{"line":49,"column":17},"end":{"line":49,"column":29}}]},"273":{"loc":{"start":{"line":49,"column":17},"end":{"line":49,"column":25}},"type":"binary-expr","locations":[{"start":{"line":49,"column":17},"end":{"line":49,"column":25}},{"start":{"line":49,"column":17},"end":{"line":49,"column":25}}]},"274":{"loc":{"start":{"line":50,"column":16},"end":{"line":50,"column":31}},"type":"cond-expr","locations":[{"start":{"line":50,"column":22},"end":{"line":50,"column":24}},{"start":{"line":50,"column":16},"end":{"line":50,"column":31}}]},"275":{"loc":{"start":{"line":50,"column":16},"end":{"line":50,"column":24}},"type":"binary-expr","locations":[{"start":{"line":50,"column":16},"end":{"line":50,"column":24}},{"start":{"line":50,"column":16},"end":{"line":50,"column":24}}]},"276":{"loc":{"start":{"line":51,"column":19},"end":{"line":51,"column":36}},"type":"cond-expr","locations":[{"start":{"line":51,"column":25},"end":{"line":51,"column":27}},{"start":{"line":51,"column":19},"end":{"line":51,"column":36}}]},"277":{"loc":{"start":{"line":51,"column":19},"end":{"line":51,"column":27}},"type":"binary-expr","locations":[{"start":{"line":51,"column":19},"end":{"line":51,"column":27}},{"start":{"line":51,"column":19},"end":{"line":51,"column":27}}]},"278":{"loc":{"start":{"line":52,"column":18},"end":{"line":52,"column":45}},"type":"cond-expr","locations":[{"start":{"line":52,"column":35},"end":{"line":52,"column":37}},{"start":{"line":52,"column":35},"end":{"line":52,"column":45}}]},"279":{"loc":{"start":{"line":52,"column":18},"end":{"line":52,"column":37}},"type":"binary-expr","locations":[{"start":{"line":52,"column":18},"end":{"line":52,"column":37}},{"start":{"line":52,"column":35},"end":{"line":52,"column":37}}]},"280":{"loc":{"start":{"line":52,"column":18},"end":{"line":52,"column":35}},"type":"cond-expr","locations":[{"start":{"line":52,"column":24},"end":{"line":52,"column":26}},{"start":{"line":52,"column":18},"end":{"line":52,"column":35}}]},"281":{"loc":{"start":{"line":52,"column":18},"end":{"line":52,"column":26}},"type":"binary-expr","locations":[{"start":{"line":52,"column":18},"end":{"line":52,"column":26}},{"start":{"line":52,"column":18},"end":{"line":52,"column":26}}]},"282":{"loc":{"start":{"line":53,"column":21},"end":{"line":53,"column":40}},"type":"cond-expr","locations":[{"start":{"line":53,"column":27},"end":{"line":53,"column":29}},{"start":{"line":53,"column":21},"end":{"line":53,"column":40}}]},"283":{"loc":{"start":{"line":53,"column":21},"end":{"line":53,"column":29}},"type":"binary-expr","locations":[{"start":{"line":53,"column":21},"end":{"line":53,"column":29}},{"start":{"line":53,"column":21},"end":{"line":53,"column":29}}]}},"s":{"0":2,"1":2,"2":2,"3":1,"4":1,"5":1,"6":1,"7":1,"8":1,"9":1,"10":1,"11":0,"12":1,"13":2,"14":2,"15":0,"16":0,"17":0,"18":0,"19":0,"20":0,"21":0,"22":0,"23":2},"f":{"0":1,"1":1,"2":0,"3":0},"b":{"0":[1,0],"1":[1,1],"2":[1,0],"3":[1,1],"4":[0,1],"5":[1,1],"6":[1,0],"7":[1,1],"8":[1,0],"9":[1,1],"10":[0,1],"11":[1,1],"12":[1,0],"13":[1,1],"14":[1,0],"15":[1,1],"16":[0,1],"17":[1,1],"18":[1,0],"19":[1,1],"20":[1,0],"21":[1,1],"22":[0,1],"23":[1,1],"24":[1,0],"25":[1,1],"26":[1,0],"27":[1,1],"28":[0,1],"29":[1,1],"30":[1,0],"31":[1,1],"32":[1,0],"33":[1,1],"34":[0,1],"35":[1,1],"36":[1,0],"37":[1,1],"38":[1,0],"39":[1,1],"40":[0,1],"41":[1,1],"42":[1,0],"43":[1,1],"44":[1,0],"45":[1,1],"46":[1,0],"47":[1,1],"48":[0,1],"49":[1,1],"50":[1,0],"51":[1,1],"52":[1,0],"53":[1,1],"54":[1,0],"55":[1,1],"56":[1,0],"57":[1,1],"58":[0,1],"59":[1,1],"60":[1,0],"61":[1,1],"62":[1,0],"63":[1,1],"64":[1,0],"65":[1,1],"66":[1,0],"67":[1,1],"68":[0,1],"69":[1,1],"70":[1,0],"71":[1,1],"72":[1,0],"73":[1,1],"74":[1,0],"75":[1,1],"76":[1,0],"77":[1,1],"78":[0,1],"79":[1,1],"80":[1,0],"81":[1,1],"82":[1,0],"83":[1,1],"84":[1,0],"85":[1,1],"86":[1,0],"87":[1,1],"88":[0,1],"89":[1,1],"90":[1,0],"91":[1,1],"92":[1,0],"93":[1,1],"94":[1,0],"95":[1,1],"96":[1,0],"97":[1,1],"98":[0,1],"99":[1,1],"100":[1,0],"101":[1,1],"102":[1,0],"103":[1,1],"104":[1,0],"105":[1,1],"106":[1,0],"107":[1,1],"108":[0,1],"109":[1,1],"110":[1,0],"111":[1,1],"112":[1,0],"113":[1,1],"114":[1,0],"115":[1,1],"116":[1,0],"117":[1,1],"118":[0,1],"119":[1,1],"120":[1,0],"121":[1,1],"122":[1,0],"123":[1,1],"124":[1,0],"125":[1,1],"126":[1,0],"127":[1,1],"128":[0,1],"129":[1,1],"130":[1,0],"131":[1,1],"132":[1,0],"133":[1,1],"134":[1,0],"135":[1,1],"136":[1,0],"137":[1,1],"138":[0,1],"139":[1,1],"140":[1,0],"141":[1,1],"142":[1,0],"143":[1,1],"144":[1,0],"145":[1,1],"146":[1,0],"147":[1,1],"148":[0,1],"149":[1,1],"150":[1,1],"151":[1,0],"152":[1,1],"153":[1,0],"154":[1,1],"155":[1,0],"156":[1,1],"157":[1,0],"158":[1,1],"159":[1,0],"160":[1,1],"161":[0,1],"162":[1,1],"163":[1,1],"164":[1,0],"165":[1,1],"166":[1,0],"167":[1,1],"168":[1,0],"169":[1,1],"170":[1,0],"171":[1,1],"172":[1,0],"173":[1,1],"174":[0,1],"175":[1,1],"176":[1,0],"177":[1,1],"178":[1,0],"179":[1,1],"180":[1,0],"181":[1,1],"182":[1,0],"183":[1,1],"184":[0,1],"185":[1,1],"186":[1,0],"187":[1,1],"188":[1,0],"189":[1,1],"190":[1,0],"191":[1,1],"192":[1,0],"193":[1,1],"194":[0,1],"195":[1,1],"196":[1,0],"197":[1,1],"198":[1,0],"199":[1,1],"200":[1,0],"201":[1,1],"202":[0,1],"203":[1,1],"204":[1,0],"205":[1,1],"206":[1,0],"207":[1,1],"208":[1,0],"209":[1,1],"210":[0,1],"211":[1,1],"212":[1,0],"213":[1,1],"214":[1,0],"215":[1,1],"216":[0,1],"217":[1,1],"218":[1,0],"219":[1,1],"220":[1,0],"221":[1,1],"222":[0,1],"223":[1,1],"224":[1,0],"225":[1,1],"226":[1,0],"227":[1,1],"228":[0,1],"229":[1,1],"230":[1,0],"231":[1,1],"232":[1,0],"233":[1,1],"234":[0,1],"235":[1,1],"236":[1,0],"237":[1,1],"238":[1,0],"239":[1,1],"240":[0,1],"241":[1,1],"242":[1,0],"243":[1,1],"244":[1,0],"245":[1,1],"246":[1,0],"247":[1,1],"248":[0,1],"249":[1,1],"250":[1,0],"251":[1,1],"252":[1,0],"253":[1,1],"254":[1,0],"255":[1,1],"256":[0,1],"257":[1,1],"258":[1,0],"259":[1,1],"260":[1,0],"261":[1,1],"262":[1,0],"263":[1,1],"264":[0,1],"265":[1,1],"266":[1,0],"267":[1,1],"268":[1,0],"269":[1,1],"270":[1,0],"271":[1,1],"272":[0,1],"273":[1,1],"274":[0,1],"275":[1,1],"276":[0,1],"277":[1,1],"278":[1,0],"279":[1,1],"280":[0,1],"281":[1,1],"282":[0,1],"283":[1,1]}}
,"C:\\Users\\DELL\\Desktop\\Prueba\\backend-ts\\src\\dominio\\repositories\\RepProductos.ts": {"path":"C:\\Users\\DELL\\Desktop\\Prueba\\backend-ts\\src\\dominio\\repositories\\RepProductos.ts","statementMap":{"0":{"start":{"line":10,"column":0},"end":{"line":10,"column":47}},"1":{"start":{"line":12,"column":32},"end":{"line":19,"column":2}},"2":{"start":{"line":12,"column":43},"end":{"line":19,"column":2}},"3":{"start":{"line":13,"column":2},"end":{"line":18,"column":3}},"4":{"start":{"line":14,"column":22},"end":{"line":14,"column":46}},"5":{"start":{"line":15,"column":4},"end":{"line":15,"column":21}},"6":{"start":{"line":17,"column":4},"end":{"line":17,"column":60}},"7":{"start":{"line":12,"column":13},"end":{"line":12,"column":32}}},"fnMap":{"0":{"name":"(anonymous_7)","decl":{"start":{"line":12,"column":32},"end":{"line":12,"column":41}},"loc":{"start":{"line":12,"column":43},"end":{"line":19,"column":2}}},"1":{"name":"(anonymous_8)","decl":{"start":{"line":12,"column":43},"end":{"line":12,"column":null}},"loc":{"start":{"line":12,"column":43},"end":{"line":19,"column":1}}}},"branchMap":{},"s":{"0":2,"1":2,"2":1,"3":1,"4":1,"5":1,"6":0,"7":2},"f":{"0":1,"1":1},"b":{}}
,"C:\\Users\\DELL\\Desktop\\Prueba\\backend-ts\\src\\dominio\\repositories\\RepTransferencias.ts": {"path":"C:\\Users\\DELL\\Desktop\\Prueba\\backend-ts\\src\\dominio\\repositories\\RepTransferencias.ts","statementMap":{"0":{"start":{"line":1,"column":4},"end":{"line":1,"column":38}},"1":{"start":{"line":4,"column":4},"end":{"line":4,"column":63}},"2":{"start":{"line":9,"column":43},"end":{"line":49,"column":1}},"3":{"start":{"line":10,"column":4},"end":{"line":48,"column":6}},"4":{"start":{"line":9,"column":13},"end":{"line":9,"column":43}},"5":{"start":{"line":52,"column":38},"end":{"line":64,"column":2}},"6":{"start":{"line":52,"column":96},"end":{"line":64,"column":2}},"7":{"start":{"line":53,"column":4},"end":{"line":63,"column":5}},"8":{"start":{"line":55,"column":27},"end":{"line":55,"column":60}},"9":{"start":{"line":58,"column":30},"end":{"line":58,"column":68}},"10":{"start":{"line":60,"column":8},"end":{"line":60,"column":29}},"11":{"start":{"line":62,"column":8},"end":{"line":62,"column":20}},"12":{"start":{"line":52,"column":13},"end":{"line":52,"column":38}},"13":{"start":{"line":66,"column":38},"end":{"line":73,"column":2}},"14":{"start":{"line":67,"column":26},"end":{"line":73,"column":2}},"15":{"start":{"line":68,"column":4},"end":{"line":72,"column":6}},"16":{"start":{"line":66,"column":13},"end":{"line":66,"column":38}}},"fnMap":{"0":{"name":"(anonymous_8)","decl":{"start":{"line":9,"column":43},"end":{"line":9,"column":44}},"loc":{"start":{"line":9,"column":76},"end":{"line":49,"column":1}}},"1":{"name":"(anonymous_9)","decl":{"start":{"line":52,"column":38},"end":{"line":52,"column":45}},"loc":{"start":{"line":52,"column":96},"end":{"line":64,"column":2}}},"2":{"name":"(anonymous_10)","decl":{"start":{"line":52,"column":96},"end":{"line":52,"column":null}},"loc":{"start":{"line":52,"column":96},"end":{"line":64,"column":1}}},"3":{"name":"(anonymous_11)","decl":{"start":{"line":66,"column":38},"end":{"line":66,"column":45}},"loc":{"start":{"line":67,"column":26},"end":{"line":73,"column":2}}},"4":{"name":"(anonymous_12)","decl":{"start":{"line":67,"column":26},"end":{"line":67,"column":null}},"loc":{"start":{"line":67,"column":26},"end":{"line":73,"column":1}}}},"branchMap":{},"s":{"0":2,"1":2,"2":2,"3":1,"4":2,"5":2,"6":1,"7":1,"8":1,"9":1,"10":0,"11":1,"12":2,"13":2,"14":0,"15":0,"16":2},"f":{"0":1,"1":1,"2":1,"3":0,"4":0},"b":{}}
,"C:\\Users\\DELL\\Desktop\\Prueba\\backend-ts\\src\\dominio\\servicio\\ServicesProductos.ts": {"path":"C:\\Users\\DELL\\Desktop\\Prueba\\backend-ts\\src\\dominio\\servicio\\ServicesProductos.ts","statementMap":{"0":{"start":{"line":2,"column":0},"end":{"line":2,"column":65}},"1":{"start":{"line":5,"column":35},"end":{"line":7,"column":null}},"2":{"start":{"line":5,"column":46},"end":{"line":7,"column":null}},"3":{"start":{"line":6,"column":4},"end":{"line":6,"column":36}},"4":{"start":{"line":5,"column":13},"end":{"line":5,"column":35}}},"fnMap":{"0":{"name":"(anonymous_7)","decl":{"start":{"line":5,"column":35},"end":{"line":5,"column":44}},"loc":{"start":{"line":5,"column":46},"end":{"line":7,"column":null}}},"1":{"name":"(anonymous_8)","decl":{"start":{"line":5,"column":46},"end":{"line":5,"column":null}},"loc":{"start":{"line":5,"column":46},"end":{"line":7,"column":1}}}},"branchMap":{},"s":{"0":2,"1":2,"2":1,"3":1,"4":2},"f":{"0":1,"1":1},"b":{}}
,"C:\\Users\\DELL\\Desktop\\Prueba\\backend-ts\\src\\dominio\\servicio\\ServicesTransferencias.ts": {"path":"C:\\Users\\DELL\\Desktop\\Prueba\\backend-ts\\src\\dominio\\servicio\\ServicesTransferencias.ts","statementMap":{"0":{"start":{"line":2,"column":0},"end":{"line":2,"column":99}},"1":{"start":{"line":8,"column":43},"end":{"line":48,"column":1}},"2":{"start":{"line":9,"column":4},"end":{"line":47,"column":6}},"3":{"start":{"line":8,"column":13},"end":{"line":8,"column":43}},"4":{"start":{"line":52,"column":38},"end":{"line":63,"column":null}},"5":{"start":{"line":52,"column":71},"end":{"line":63,"column":null}},"6":{"start":{"line":54,"column":4},"end":{"line":61,"column":5}},"7":{"start":{"line":56,"column":28},"end":{"line":56,"column":62}},"8":{"start":{"line":57,"column":6},"end":{"line":57,"column":67}},"9":{"start":{"line":58,"column":6},"end":{"line":58,"column":27}},"10":{"start":{"line":60,"column":6},"end":{"line":60,"column":18}},"11":{"start":{"line":52,"column":13},"end":{"line":52,"column":38}},"12":{"start":{"line":65,"column":38},"end":{"line":68,"column":null}},"13":{"start":{"line":65,"column":417},"end":{"line":68,"column":null}},"14":{"start":{"line":67,"column":4},"end":{"line":67,"column":282}},"15":{"start":{"line":65,"column":13},"end":{"line":65,"column":38}}},"fnMap":{"0":{"name":"(anonymous_7)","decl":{"start":{"line":8,"column":43},"end":{"line":8,"column":44}},"loc":{"start":{"line":8,"column":76},"end":{"line":48,"column":1}}},"1":{"name":"(anonymous_8)","decl":{"start":{"line":52,"column":38},"end":{"line":52,"column":45}},"loc":{"start":{"line":52,"column":71},"end":{"line":63,"column":null}}},"2":{"name":"(anonymous_9)","decl":{"start":{"line":52,"column":71},"end":{"line":52,"column":null}},"loc":{"start":{"line":52,"column":71},"end":{"line":63,"column":1}}},"3":{"name":"(anonymous_10)","decl":{"start":{"line":65,"column":38},"end":{"line":65,"column":45}},"loc":{"start":{"line":65,"column":417},"end":{"line":68,"column":null}}},"4":{"name":"(anonymous_11)","decl":{"start":{"line":65,"column":417},"end":{"line":65,"column":null}},"loc":{"start":{"line":65,"column":417},"end":{"line":68,"column":1}}}},"branchMap":{},"s":{"0":2,"1":2,"2":0,"3":2,"4":2,"5":1,"6":1,"7":1,"8":0,"9":0,"10":1,"11":2,"12":2,"13":0,"14":0,"15":2},"f":{"0":0,"1":1,"2":1,"3":0,"4":0},"b":{}}
,"C:\\Users\\DELL\\Desktop\\Prueba\\backend-ts\\src\\model\\productos.ts": {"path":"C:\\Users\\DELL\\Desktop\\Prueba\\backend-ts\\src\\model\\productos.ts","statementMap":{"0":{"start":{"line":1,"column":0},"end":{"line":1,"column":70}},"1":{"start":{"line":4,"column":7},"end":{"line":41,"column":null}},"2":{"start":{"line":4,"column":13},"end":{"line":4,"column":21}},"3":{"start":{"line":10,"column":2},"end":{"line":10,"column":null}},"4":{"start":{"line":16,"column":2},"end":{"line":16,"column":null}},"5":{"start":{"line":22,"column":2},"end":{"line":22,"column":null}},"6":{"start":{"line":28,"column":2},"end":{"line":28,"column":null}},"7":{"start":{"line":34,"column":2},"end":{"line":34,"column":null}},"8":{"start":{"line":40,"column":2},"end":{"line":40,"column":null}},"9":{"start":{"line":4,"column":13},"end":{"line":41,"column":null}}},"fnMap":{},"branchMap":{},"s":{"0":2,"1":2,"2":2,"3":2,"4":2,"5":2,"6":2,"7":2,"8":2,"9":2},"f":{},"b":{}}
,"C:\\Users\\DELL\\Desktop\\Prueba\\backend-ts\\src\\model\\transferencias.ts": {"path":"C:\\Users\\DELL\\Desktop\\Prueba\\backend-ts\\src\\model\\transferencias.ts","statementMap":{"0":{"start":{"line":1,"column":0},"end":{"line":1,"column":70}},"1":{"start":{"line":4,"column":7},"end":{"line":264,"column":null}},"2":{"start":{"line":4,"column":13},"end":{"line":4,"column":26}},"3":{"start":{"line":11,"column":2},"end":{"line":11,"column":null}},"4":{"start":{"line":18,"column":2},"end":{"line":18,"column":null}},"5":{"start":{"line":25,"column":2},"end":{"line":25,"column":null}},"6":{"start":{"line":32,"column":2},"end":{"line":32,"column":null}},"7":{"start":{"line":39,"column":2},"end":{"line":39,"column":null}},"8":{"start":{"line":46,"column":2},"end":{"line":46,"column":null}},"9":{"start":{"line":53,"column":2},"end":{"line":53,"column":null}},"10":{"start":{"line":60,"column":2},"end":{"line":60,"column":null}},"11":{"start":{"line":67,"column":2},"end":{"line":67,"column":null}},"12":{"start":{"line":74,"column":2},"end":{"line":74,"column":null}},"13":{"start":{"line":81,"column":2},"end":{"line":81,"column":null}},"14":{"start":{"line":88,"column":2},"end":{"line":88,"column":null}},"15":{"start":{"line":95,"column":2},"end":{"line":95,"column":null}},"16":{"start":{"line":102,"column":2},"end":{"line":102,"column":null}},"17":{"start":{"line":109,"column":2},"end":{"line":109,"column":null}},"18":{"start":{"line":116,"column":2},"end":{"line":116,"column":null}},"19":{"start":{"line":123,"column":2},"end":{"line":123,"column":null}},"20":{"start":{"line":130,"column":2},"end":{"line":130,"column":null}},"21":{"start":{"line":137,"column":2},"end":{"line":137,"column":null}},"22":{"start":{"line":144,"column":2},"end":{"line":144,"column":null}},"23":{"start":{"line":151,"column":2},"end":{"line":151,"column":null}},"24":{"start":{"line":158,"column":2},"end":{"line":158,"column":null}},"25":{"start":{"line":165,"column":2},"end":{"line":165,"column":null}},"26":{"start":{"line":172,"column":2},"end":{"line":172,"column":null}},"27":{"start":{"line":179,"column":2},"end":{"line":179,"column":null}},"28":{"start":{"line":186,"column":2},"end":{"line":186,"column":null}},"29":{"start":{"line":193,"column":2},"end":{"line":193,"column":null}},"30":{"start":{"line":200,"column":2},"end":{"line":200,"column":null}},"31":{"start":{"line":207,"column":2},"end":{"line":207,"column":null}},"32":{"start":{"line":214,"column":2},"end":{"line":214,"column":null}},"33":{"start":{"line":221,"column":2},"end":{"line":221,"column":null}},"34":{"start":{"line":228,"column":2},"end":{"line":228,"column":null}},"35":{"start":{"line":235,"column":2},"end":{"line":235,"column":null}},"36":{"start":{"line":242,"column":2},"end":{"line":242,"column":null}},"37":{"start":{"line":249,"column":2},"end":{"line":249,"column":null}},"38":{"start":{"line":256,"column":2},"end":{"line":256,"column":null}},"39":{"start":{"line":263,"column":2},"end":{"line":263,"column":null}},"40":{"start":{"line":4,"column":13},"end":{"line":264,"column":null}}},"fnMap":{},"branchMap":{},"s":{"0":2,"1":2,"2":2,"3":2,"4":2,"5":2,"6":2,"7":2,"8":2,"9":2,"10":2,"11":2,"12":2,"13":2,"14":2,"15":2,"16":2,"17":2,"18":2,"19":2,"20":2,"21":2,"22":2,"23":2,"24":2,"25":2,"26":2,"27":2,"28":2,"29":2,"30":2,"31":2,"32":2,"33":2,"34":2,"35":2,"36":2,"37":2,"38":2,"39":2,"40":2},"f":{},"b":{}}
,"C:\\Users\\DELL\\Desktop\\Prueba\\backend-ts\\src\\routes\\index.ts": {"path":"C:\\Users\\DELL\\Desktop\\Prueba\\backend-ts\\src\\routes\\index.ts","statementMap":{"0":{"start":{"line":1,"column":0},"end":{"line":1,"column":33}},"1":{"start":{"line":2,"column":0},"end":{"line":2,"column":97}},"2":{"start":{"line":5,"column":15},"end":{"line":5,"column":23}},"3":{"start":{"line":7,"column":0},"end":{"line":7,"column":43}},"4":{"start":{"line":8,"column":0},"end":{"line":8,"column":46}},"5":{"start":{"line":10,"column":0},"end":{"line":10,"column":22}}},"fnMap":{},"branchMap":{},"s":{"0":2,"1":2,"2":2,"3":2,"4":2,"5":2},"f":{},"b":{}}
,"C:\\Users\\DELL\\Desktop\\Prueba\\backend-ts\\src\\routes\\productos.ts": {"path":"C:\\Users\\DELL\\Desktop\\Prueba\\backend-ts\\src\\routes\\productos.ts","statementMap":{"0":{"start":{"line":1,"column":0},"end":{"line":1,"column":33}},"1":{"start":{"line":2,"column":0},"end":{"line":2,"column":75}},"2":{"start":{"line":5,"column":15},"end":{"line":5,"column":23}},"3":{"start":{"line":6,"column":0},"end":{"line":6,"column":41}},"4":{"start":{"line":9,"column":0},"end":{"line":9,"column":22}}},"fnMap":{},"branchMap":{},"s":{"0":2,"1":2,"2":2,"3":2,"4":2},"f":{},"b":{}}
}
