TN:
SF:src\index.ts
FN:19,startServer
FN:24,(anonymous_10)
FN:29,(anonymous_11)
FNF:3
FNH:0
FNDA:0,startServer
FNDA:0,(anonymous_10)
FNDA:0,(anonymous_11)
DA:1,1
DA:2,1
DA:3,1
DA:4,1
DA:5,1
DA:6,1
DA:7,1
DA:9,1
DA:11,1
DA:12,1
DA:13,1
DA:14,1
DA:15,1
DA:17,1
DA:20,0
DA:22,0
DA:24,0
DA:25,0
DA:29,0
DA:30,0
DA:33,0
DA:35,0
DA:36,0
DA:40,1
DA:41,0
DA:45,1
LF:26
LH:16
BRDA:17,0,0,1
BRDA:17,0,1,0
BRDA:17,1,0,1
BRDA:17,1,1,1
BRDA:40,2,0,0
BRF:5
BRH:3
end_of_record
TN:
SF:src\config\database.ts
FNF:0
FNH:0
DA:1,1
DA:2,1
DA:3,1
DA:4,1
DA:6,1
DA:8,1
DA:10,1
DA:22,1
DA:35,1
LF:9
LH:9
BRDA:8,0,0,1
BRDA:8,0,1,0
BRDA:10,1,0,1
BRDA:10,1,1,0
BRDA:29,2,0,1
BRDA:29,2,1,0
BRF:6
BRH:3
end_of_record
TN:
SF:src\domains\controllers\ControllerProductos.ts
FN:5,(anonymous_7)
FN:5,(anonymous_8)
FNF:2
FNH:2
FNDA:1,(anonymous_7)
FNDA:1,(anonymous_8)
DA:2,1
DA:5,1
DA:6,1
DA:7,1
DA:8,1
DA:11,0
DA:12,0
LF:7
LH:5
BRF:0
BRH:0
end_of_record
TN:
SF:src\domains\controllers\ControllerTransferencias.ts
FN:6,(anonymous_8)
FN:6,(anonymous_9)
FNF:2
FNH:0
FNDA:0,(anonymous_8)
FNDA:0,(anonymous_9)
DA:2,1
DA:3,1
DA:6,1
DA:7,0
DA:9,0
DA:11,0
DA:52,0
DA:55,0
DA:57,0
DA:59,0
DA:61,0
DA:62,0
DA:68,0
LF:13
LH:3
BRDA:12,0,0,0
BRDA:12,0,1,0
BRDA:12,1,0,0
BRDA:12,1,1,0
BRDA:12,2,0,0
BRDA:12,2,1,0
BRDA:12,3,0,0
BRDA:12,3,1,0
BRDA:12,4,0,0
BRDA:12,4,1,0
BRDA:12,5,0,0
BRDA:12,5,1,0
BRDA:13,6,0,0
BRDA:13,6,1,0
BRDA:13,7,0,0
BRDA:13,7,1,0
BRDA:13,8,0,0
BRDA:13,8,1,0
BRDA:13,9,0,0
BRDA:13,9,1,0
BRDA:13,10,0,0
BRDA:13,10,1,0
BRDA:13,11,0,0
BRDA:13,11,1,0
BRDA:14,12,0,0
BRDA:14,12,1,0
BRDA:14,13,0,0
BRDA:14,13,1,0
BRDA:14,14,0,0
BRDA:14,14,1,0
BRDA:14,15,0,0
BRDA:14,15,1,0
BRDA:14,16,0,0
BRDA:14,16,1,0
BRDA:14,17,0,0
BRDA:14,17,1,0
BRDA:15,18,0,0
BRDA:15,18,1,0
BRDA:15,19,0,0
BRDA:15,19,1,0
BRDA:15,20,0,0
BRDA:15,20,1,0
BRDA:15,21,0,0
BRDA:15,21,1,0
BRDA:15,22,0,0
BRDA:15,22,1,0
BRDA:15,23,0,0
BRDA:15,23,1,0
BRDA:16,24,0,0
BRDA:16,24,1,0
BRDA:16,25,0,0
BRDA:16,25,1,0
BRDA:16,26,0,0
BRDA:16,26,1,0
BRDA:16,27,0,0
BRDA:16,27,1,0
BRDA:16,28,0,0
BRDA:16,28,1,0
BRDA:16,29,0,0
BRDA:16,29,1,0
BRDA:17,30,0,0
BRDA:17,30,1,0
BRDA:17,31,0,0
BRDA:17,31,1,0
BRDA:17,32,0,0
BRDA:17,32,1,0
BRDA:17,33,0,0
BRDA:17,33,1,0
BRDA:17,34,0,0
BRDA:17,34,1,0
BRDA:17,35,0,0
BRDA:17,35,1,0
BRDA:18,36,0,0
BRDA:18,36,1,0
BRDA:18,37,0,0
BRDA:18,37,1,0
BRDA:18,38,0,0
BRDA:18,38,1,0
BRDA:18,39,0,0
BRDA:18,39,1,0
BRDA:18,40,0,0
BRDA:18,40,1,0
BRDA:18,41,0,0
BRDA:18,41,1,0
BRDA:19,42,0,0
BRDA:19,42,1,0
BRDA:19,43,0,0
BRDA:19,43,1,0
BRDA:19,44,0,0
BRDA:19,44,1,0
BRDA:19,45,0,0
BRDA:19,45,1,0
BRDA:19,46,0,0
BRDA:19,46,1,0
BRDA:19,47,0,0
BRDA:19,47,1,0
BRDA:19,48,0,0
BRDA:19,48,1,0
BRDA:19,49,0,0
BRDA:19,49,1,0
BRDA:20,50,0,0
BRDA:20,50,1,0
BRDA:20,51,0,0
BRDA:20,51,1,0
BRDA:20,52,0,0
BRDA:20,52,1,0
BRDA:20,53,0,0
BRDA:20,53,1,0
BRDA:20,54,0,0
BRDA:20,54,1,0
BRDA:20,55,0,0
BRDA:20,55,1,0
BRDA:20,56,0,0
BRDA:20,56,1,0
BRDA:20,57,0,0
BRDA:20,57,1,0
BRDA:20,58,0,0
BRDA:20,58,1,0
BRDA:20,59,0,0
BRDA:20,59,1,0
BRDA:21,60,0,0
BRDA:21,60,1,0
BRDA:21,61,0,0
BRDA:21,61,1,0
BRDA:21,62,0,0
BRDA:21,62,1,0
BRDA:21,63,0,0
BRDA:21,63,1,0
BRDA:21,64,0,0
BRDA:21,64,1,0
BRDA:21,65,0,0
BRDA:21,65,1,0
BRDA:21,66,0,0
BRDA:21,66,1,0
BRDA:21,67,0,0
BRDA:21,67,1,0
BRDA:21,68,0,0
BRDA:21,68,1,0
BRDA:21,69,0,0
BRDA:21,69,1,0
BRDA:22,70,0,0
BRDA:22,70,1,0
BRDA:22,71,0,0
BRDA:22,71,1,0
BRDA:22,72,0,0
BRDA:22,72,1,0
BRDA:22,73,0,0
BRDA:22,73,1,0
BRDA:22,74,0,0
BRDA:22,74,1,0
BRDA:22,75,0,0
BRDA:22,75,1,0
BRDA:22,76,0,0
BRDA:22,76,1,0
BRDA:22,77,0,0
BRDA:22,77,1,0
BRDA:22,78,0,0
BRDA:22,78,1,0
BRDA:22,79,0,0
BRDA:22,79,1,0
BRDA:23,80,0,0
BRDA:23,80,1,0
BRDA:23,81,0,0
BRDA:23,81,1,0
BRDA:23,82,0,0
BRDA:23,82,1,0
BRDA:23,83,0,0
BRDA:23,83,1,0
BRDA:23,84,0,0
BRDA:23,84,1,0
BRDA:23,85,0,0
BRDA:23,85,1,0
BRDA:23,86,0,0
BRDA:23,86,1,0
BRDA:23,87,0,0
BRDA:23,87,1,0
BRDA:23,88,0,0
BRDA:23,88,1,0
BRDA:23,89,0,0
BRDA:23,89,1,0
BRDA:24,90,0,0
BRDA:24,90,1,0
BRDA:24,91,0,0
BRDA:24,91,1,0
BRDA:24,92,0,0
BRDA:24,92,1,0
BRDA:24,93,0,0
BRDA:24,93,1,0
BRDA:24,94,0,0
BRDA:24,94,1,0
BRDA:24,95,0,0
BRDA:24,95,1,0
BRDA:24,96,0,0
BRDA:24,96,1,0
BRDA:24,97,0,0
BRDA:24,97,1,0
BRDA:24,98,0,0
BRDA:24,98,1,0
BRDA:24,99,0,0
BRDA:24,99,1,0
BRDA:25,100,0,0
BRDA:25,100,1,0
BRDA:25,101,0,0
BRDA:25,101,1,0
BRDA:25,102,0,0
BRDA:25,102,1,0
BRDA:25,103,0,0
BRDA:25,103,1,0
BRDA:25,104,0,0
BRDA:25,104,1,0
BRDA:25,105,0,0
BRDA:25,105,1,0
BRDA:25,106,0,0
BRDA:25,106,1,0
BRDA:25,107,0,0
BRDA:25,107,1,0
BRDA:25,108,0,0
BRDA:25,108,1,0
BRDA:25,109,0,0
BRDA:25,109,1,0
BRDA:26,110,0,0
BRDA:26,110,1,0
BRDA:26,111,0,0
BRDA:26,111,1,0
BRDA:26,112,0,0
BRDA:26,112,1,0
BRDA:26,113,0,0
BRDA:26,113,1,0
BRDA:26,114,0,0
BRDA:26,114,1,0
BRDA:26,115,0,0
BRDA:26,115,1,0
BRDA:26,116,0,0
BRDA:26,116,1,0
BRDA:26,117,0,0
BRDA:26,117,1,0
BRDA:26,118,0,0
BRDA:26,118,1,0
BRDA:26,119,0,0
BRDA:26,119,1,0
BRDA:27,120,0,0
BRDA:27,120,1,0
BRDA:27,121,0,0
BRDA:27,121,1,0
BRDA:27,122,0,0
BRDA:27,122,1,0
BRDA:27,123,0,0
BRDA:27,123,1,0
BRDA:27,124,0,0
BRDA:27,124,1,0
BRDA:27,125,0,0
BRDA:27,125,1,0
BRDA:27,126,0,0
BRDA:27,126,1,0
BRDA:27,127,0,0
BRDA:27,127,1,0
BRDA:27,128,0,0
BRDA:27,128,1,0
BRDA:27,129,0,0
BRDA:27,129,1,0
BRDA:28,130,0,0
BRDA:28,130,1,0
BRDA:28,131,0,0
BRDA:28,131,1,0
BRDA:28,132,0,0
BRDA:28,132,1,0
BRDA:28,133,0,0
BRDA:28,133,1,0
BRDA:28,134,0,0
BRDA:28,134,1,0
BRDA:28,135,0,0
BRDA:28,135,1,0
BRDA:28,136,0,0
BRDA:28,136,1,0
BRDA:28,137,0,0
BRDA:28,137,1,0
BRDA:28,138,0,0
BRDA:28,138,1,0
BRDA:28,139,0,0
BRDA:28,139,1,0
BRDA:29,140,0,0
BRDA:29,140,1,0
BRDA:29,141,0,0
BRDA:29,141,1,0
BRDA:29,142,0,0
BRDA:29,142,1,0
BRDA:29,143,0,0
BRDA:29,143,1,0
BRDA:29,144,0,0
BRDA:29,144,1,0
BRDA:29,145,0,0
BRDA:29,145,1,0
BRDA:29,146,0,0
BRDA:29,146,1,0
BRDA:29,147,0,0
BRDA:29,147,1,0
BRDA:29,148,0,0
BRDA:29,148,1,0
BRDA:29,149,0,0
BRDA:29,149,1,0
BRDA:30,150,0,0
BRDA:30,150,1,0
BRDA:30,151,0,0
BRDA:30,151,1,0
BRDA:30,152,0,0
BRDA:30,152,1,0
BRDA:30,153,0,0
BRDA:30,153,1,0
BRDA:30,154,0,0
BRDA:30,154,1,0
BRDA:30,155,0,0
BRDA:30,155,1,0
BRDA:30,156,0,0
BRDA:30,156,1,0
BRDA:30,157,0,0
BRDA:30,157,1,0
BRDA:30,158,0,0
BRDA:30,158,1,0
BRDA:30,159,0,0
BRDA:30,159,1,0
BRDA:30,160,0,0
BRDA:30,160,1,0
BRDA:30,161,0,0
BRDA:30,161,1,0
BRDA:30,162,0,0
BRDA:30,162,1,0
BRDA:31,163,0,0
BRDA:31,163,1,0
BRDA:31,164,0,0
BRDA:31,164,1,0
BRDA:31,165,0,0
BRDA:31,165,1,0
BRDA:31,166,0,0
BRDA:31,166,1,0
BRDA:31,167,0,0
BRDA:31,167,1,0
BRDA:31,168,0,0
BRDA:31,168,1,0
BRDA:31,169,0,0
BRDA:31,169,1,0
BRDA:31,170,0,0
BRDA:31,170,1,0
BRDA:31,171,0,0
BRDA:31,171,1,0
BRDA:31,172,0,0
BRDA:31,172,1,0
BRDA:31,173,0,0
BRDA:31,173,1,0
BRDA:31,174,0,0
BRDA:31,174,1,0
BRDA:31,175,0,0
BRDA:31,175,1,0
BRDA:32,176,0,0
BRDA:32,176,1,0
BRDA:32,177,0,0
BRDA:32,177,1,0
BRDA:32,178,0,0
BRDA:32,178,1,0
BRDA:32,179,0,0
BRDA:32,179,1,0
BRDA:32,180,0,0
BRDA:32,180,1,0
BRDA:32,181,0,0
BRDA:32,181,1,0
BRDA:32,182,0,0
BRDA:32,182,1,0
BRDA:32,183,0,0
BRDA:32,183,1,0
BRDA:32,184,0,0
BRDA:32,184,1,0
BRDA:32,185,0,0
BRDA:32,185,1,0
BRDA:33,186,0,0
BRDA:33,186,1,0
BRDA:33,187,0,0
BRDA:33,187,1,0
BRDA:33,188,0,0
BRDA:33,188,1,0
BRDA:33,189,0,0
BRDA:33,189,1,0
BRDA:33,190,0,0
BRDA:33,190,1,0
BRDA:33,191,0,0
BRDA:33,191,1,0
BRDA:33,192,0,0
BRDA:33,192,1,0
BRDA:33,193,0,0
BRDA:33,193,1,0
BRDA:33,194,0,0
BRDA:33,194,1,0
BRDA:33,195,0,0
BRDA:33,195,1,0
BRDA:34,196,0,0
BRDA:34,196,1,0
BRDA:34,197,0,0
BRDA:34,197,1,0
BRDA:34,198,0,0
BRDA:34,198,1,0
BRDA:34,199,0,0
BRDA:34,199,1,0
BRDA:34,200,0,0
BRDA:34,200,1,0
BRDA:34,201,0,0
BRDA:34,201,1,0
BRDA:34,202,0,0
BRDA:34,202,1,0
BRDA:34,203,0,0
BRDA:34,203,1,0
BRDA:35,204,0,0
BRDA:35,204,1,0
BRDA:35,205,0,0
BRDA:35,205,1,0
BRDA:35,206,0,0
BRDA:35,206,1,0
BRDA:35,207,0,0
BRDA:35,207,1,0
BRDA:35,208,0,0
BRDA:35,208,1,0
BRDA:35,209,0,0
BRDA:35,209,1,0
BRDA:35,210,0,0
BRDA:35,210,1,0
BRDA:35,211,0,0
BRDA:35,211,1,0
BRDA:36,212,0,0
BRDA:36,212,1,0
BRDA:36,213,0,0
BRDA:36,213,1,0
BRDA:36,214,0,0
BRDA:36,214,1,0
BRDA:36,215,0,0
BRDA:36,215,1,0
BRDA:36,216,0,0
BRDA:36,216,1,0
BRDA:36,217,0,0
BRDA:36,217,1,0
BRDA:37,218,0,0
BRDA:37,218,1,0
BRDA:37,219,0,0
BRDA:37,219,1,0
BRDA:37,220,0,0
BRDA:37,220,1,0
BRDA:37,221,0,0
BRDA:37,221,1,0
BRDA:37,222,0,0
BRDA:37,222,1,0
BRDA:37,223,0,0
BRDA:37,223,1,0
BRDA:38,224,0,0
BRDA:38,224,1,0
BRDA:38,225,0,0
BRDA:38,225,1,0
BRDA:38,226,0,0
BRDA:38,226,1,0
BRDA:38,227,0,0
BRDA:38,227,1,0
BRDA:38,228,0,0
BRDA:38,228,1,0
BRDA:38,229,0,0
BRDA:38,229,1,0
BRDA:39,230,0,0
BRDA:39,230,1,0
BRDA:39,231,0,0
BRDA:39,231,1,0
BRDA:39,232,0,0
BRDA:39,232,1,0
BRDA:39,233,0,0
BRDA:39,233,1,0
BRDA:39,234,0,0
BRDA:39,234,1,0
BRDA:39,235,0,0
BRDA:39,235,1,0
BRDA:40,236,0,0
BRDA:40,236,1,0
BRDA:40,237,0,0
BRDA:40,237,1,0
BRDA:40,238,0,0
BRDA:40,238,1,0
BRDA:40,239,0,0
BRDA:40,239,1,0
BRDA:40,240,0,0
BRDA:40,240,1,0
BRDA:40,241,0,0
BRDA:40,241,1,0
BRDA:41,242,0,0
BRDA:41,242,1,0
BRDA:41,243,0,0
BRDA:41,243,1,0
BRDA:41,244,0,0
BRDA:41,244,1,0
BRDA:41,245,0,0
BRDA:41,245,1,0
BRDA:41,246,0,0
BRDA:41,246,1,0
BRDA:41,247,0,0
BRDA:41,247,1,0
BRDA:41,248,0,0
BRDA:41,248,1,0
BRDA:41,249,0,0
BRDA:41,249,1,0
BRDA:42,250,0,0
BRDA:42,250,1,0
BRDA:42,251,0,0
BRDA:42,251,1,0
BRDA:42,252,0,0
BRDA:42,252,1,0
BRDA:42,253,0,0
BRDA:42,253,1,0
BRDA:42,254,0,0
BRDA:42,254,1,0
BRDA:42,255,0,0
BRDA:42,255,1,0
BRDA:42,256,0,0
BRDA:42,256,1,0
BRDA:42,257,0,0
BRDA:42,257,1,0
BRDA:43,258,0,0
BRDA:43,258,1,0
BRDA:43,259,0,0
BRDA:43,259,1,0
BRDA:43,260,0,0
BRDA:43,260,1,0
BRDA:43,261,0,0
BRDA:43,261,1,0
BRDA:43,262,0,0
BRDA:43,262,1,0
BRDA:43,263,0,0
BRDA:43,263,1,0
BRDA:43,264,0,0
BRDA:43,264,1,0
BRDA:43,265,0,0
BRDA:43,265,1,0
BRDA:44,266,0,0
BRDA:44,266,1,0
BRDA:44,267,0,0
BRDA:44,267,1,0
BRDA:44,268,0,0
BRDA:44,268,1,0
BRDA:44,269,0,0
BRDA:44,269,1,0
BRDA:44,270,0,0
BRDA:44,270,1,0
BRDA:44,271,0,0
BRDA:44,271,1,0
BRDA:44,272,0,0
BRDA:44,272,1,0
BRDA:44,273,0,0
BRDA:44,273,1,0
BRDA:45,274,0,0
BRDA:45,274,1,0
BRDA:45,275,0,0
BRDA:45,275,1,0
BRDA:46,276,0,0
BRDA:46,276,1,0
BRDA:46,277,0,0
BRDA:46,277,1,0
BRDA:47,278,0,0
BRDA:47,278,1,0
BRDA:47,279,0,0
BRDA:47,279,1,0
BRDA:47,280,0,0
BRDA:47,280,1,0
BRDA:47,281,0,0
BRDA:47,281,1,0
BRDA:48,282,0,0
BRDA:48,282,1,0
BRDA:48,283,0,0
BRDA:48,283,1,0
BRF:568
BRH:0
end_of_record
TN:
SF:src\domains\repositories\RepProductos.ts
FN:3,(anonymous_7)
FN:3,(anonymous_8)
FNF:2
FNH:2
FNDA:1,(anonymous_7)
FNDA:1,(anonymous_8)
DA:1,1
DA:3,1
DA:4,1
DA:5,1
DA:6,1
DA:8,0
LF:6
LH:5
BRF:0
BRH:0
end_of_record
TN:
SF:src\domains\repositories\RepTransferencias.ts
FN:5,(anonymous_7)
FN:48,(anonymous_8)
FN:48,(anonymous_9)
FNF:3
FNH:0
FNDA:0,(anonymous_7)
FNDA:0,(anonymous_8)
FNDA:0,(anonymous_9)
DA:2,1
DA:5,1
DA:6,0
DA:48,1
DA:49,0
DA:51,0
DA:54,0
DA:56,0
DA:58,0
LF:9
LH:3
BRF:0
BRH:0
end_of_record
TN:
SF:src\domains\servicio\ServicesProductos.ts
FN:4,(anonymous_7)
FN:4,(anonymous_8)
FNF:2
FNH:2
FNDA:1,(anonymous_7)
FNDA:1,(anonymous_8)
DA:1,1
DA:4,1
DA:5,1
LF:3
LH:3
BRF:0
BRH:0
end_of_record
TN:
SF:src\domains\servicio\ServicesTransferencias.ts
FN:8,(anonymous_7)
FN:52,(anonymous_8)
FN:52,(anonymous_9)
FNF:3
FNH:0
FNDA:0,(anonymous_7)
FNDA:0,(anonymous_8)
FNDA:0,(anonymous_9)
DA:2,1
DA:8,1
DA:9,0
DA:52,1
DA:54,0
DA:56,0
DA:57,0
DA:58,0
DA:60,0
LF:9
LH:3
BRF:0
BRH:0
end_of_record
TN:
SF:src\model\productos.ts
FNF:0
FNH:0
DA:1,1
DA:4,1
DA:10,1
DA:16,1
DA:22,1
DA:28,1
DA:34,1
DA:40,1
LF:8
LH:8
BRF:0
BRH:0
end_of_record
TN:
SF:src\model\transferencias.ts
FNF:0
FNH:0
DA:1,1
DA:4,1
DA:11,1
DA:18,1
DA:25,1
DA:32,1
DA:39,1
DA:46,1
DA:53,1
DA:60,1
DA:67,1
DA:74,1
DA:81,1
DA:88,1
DA:95,1
DA:102,1
DA:109,1
DA:116,1
DA:123,1
DA:130,1
DA:137,1
DA:144,1
DA:151,1
DA:158,1
DA:165,1
DA:172,1
DA:179,1
DA:186,1
DA:193,1
DA:200,1
DA:207,1
DA:214,1
DA:221,1
DA:228,1
DA:235,1
DA:242,1
DA:249,1
DA:256,1
DA:263,1
LF:39
LH:39
BRF:0
BRH:0
end_of_record
TN:
SF:src\routes\index.ts
FNF:0
FNH:0
DA:1,1
DA:2,1
DA:4,1
DA:6,1
DA:8,1
LF:5
LH:5
BRF:0
BRH:0
end_of_record
TN:
SF:src\routes\productos.ts
FNF:0
FNH:0
DA:1,1
DA:2,1
DA:5,1
DA:6,1
DA:9,1
LF:5
LH:5
BRF:0
BRH:0
end_of_record
TN:
SF:src\server\servers.ts
FN:9,startServer
FN:14,(anonymous_10)
FN:18,(anonymous_11)
FN:29,(anonymous_12)
FN:30,(anonymous_13)
FN:32,(anonymous_14)
FNF:6
FNH:5
FNDA:1,startServer
FNDA:1,(anonymous_10)
FNDA:0,(anonymous_11)
FNDA:1,(anonymous_12)
FNDA:1,(anonymous_13)
FNDA:1,(anonymous_14)
DA:1,1
DA:2,1
DA:5,1
DA:10,1
DA:12,1
DA:14,1
DA:15,1
DA:18,1
DA:19,0
DA:22,1
DA:24,0
DA:25,0
DA:29,1
DA:30,1
DA:31,1
DA:32,1
DA:33,1
DA:34,1
DA:37,0
DA:42,1
LF:20
LH:16
BRDA:5,0,0,1
BRDA:5,0,1,0
BRDA:5,1,0,1
BRDA:5,1,1,1
BRDA:31,2,0,1
BRDA:31,2,1,0
BRF:6
BRH:4
end_of_record
