TN:
SF:src\database.ts
FNF:0
FNH:0
DA:1,2
DA:4,2
DA:13,2
LF:3
LH:3
BRF:0
BRH:0
end_of_record
TN:
SF:src\index.ts
FNF:0
FNH:0
DA:1,2
DA:2,2
DA:3,2
DA:4,2
DA:6,2
DA:8,2
DA:9,2
DA:10,2
DA:11,2
DA:12,2
DA:14,2
LF:11
LH:11
BRF:0
BRH:0
end_of_record
TN:
SF:src\server.ts
FN:6,startServer
FN:11,(anonymous_10)
FNF:2
FNH:2
FNDA:1,startServer
FNDA:1,(anonymous_10)
DA:1,1
DA:2,1
DA:4,1
DA:7,1
DA:9,1
DA:11,1
DA:12,1
DA:15,1
DA:17,0
DA:18,0
DA:22,1
DA:23,0
DA:26,1
LF:13
LH:10
BRDA:4,0,0,1
BRDA:4,0,1,1
BRDA:22,1,0,0
BRF:3
BRH:2
end_of_record
TN:
SF:src\simulatedata.ts
FNF:0
FNH:0
DA:2,1
DA:38,1
LF:2
LH:2
BRF:0
BRH:0
end_of_record
TN:
SF:src\config\database.ts
FNF:0
FNH:0
DA:1,1
DA:2,1
DA:3,1
DA:5,1
DA:16,1
LF:5
LH:5
BRF:0
BRH:0
end_of_record
TN:
SF:src\dominio\controllers\ControllerProductos.ts
FN:6,(anonymous_7)
FN:6,(anonymous_8)
FNF:2
FNH:2
FNDA:1,(anonymous_7)
FNDA:1,(anonymous_8)
DA:3,2
DA:6,2
DA:7,1
DA:8,1
DA:9,1
DA:12,0
DA:13,0
LF:7
LH:5
BRF:0
BRH:0
end_of_record
TN:
SF:src\dominio\controllers\ControllerTransferencias.ts
FN:13,(anonymous_8)
FN:13,(anonymous_9)
FN:80,(anonymous_10)
FN:80,(anonymous_11)
FNF:4
FNH:2
FNDA:1,(anonymous_8)
FNDA:1,(anonymous_9)
FNDA:0,(anonymous_10)
FNDA:0,(anonymous_11)
DA:3,2
DA:7,2
DA:13,2
DA:14,1
DA:16,1
DA:57,1
DA:60,1
DA:62,1
DA:64,1
DA:66,1
DA:67,0
DA:73,1
DA:80,2
DA:81,0
DA:82,0
DA:83,0
DA:85,0
DA:87,0
DA:90,0
DA:91,0
LF:20
LH:12
BRDA:17,0,0,1
BRDA:17,0,1,0
BRDA:17,1,0,1
BRDA:17,1,1,1
BRDA:17,2,0,1
BRDA:17,2,1,0
BRDA:17,3,0,1
BRDA:17,3,1,1
BRDA:17,4,0,0
BRDA:17,4,1,1
BRDA:17,5,0,1
BRDA:17,5,1,1
BRDA:18,6,0,1
BRDA:18,6,1,0
BRDA:18,7,0,1
BRDA:18,7,1,1
BRDA:18,8,0,1
BRDA:18,8,1,0
BRDA:18,9,0,1
BRDA:18,9,1,1
BRDA:18,10,0,0
BRDA:18,10,1,1
BRDA:18,11,0,1
BRDA:18,11,1,1
BRDA:19,12,0,1
BRDA:19,12,1,0
BRDA:19,13,0,1
BRDA:19,13,1,1
BRDA:19,14,0,1
BRDA:19,14,1,0
BRDA:19,15,0,1
BRDA:19,15,1,1
BRDA:19,16,0,0
BRDA:19,16,1,1
BRDA:19,17,0,1
BRDA:19,17,1,1
BRDA:20,18,0,1
BRDA:20,18,1,0
BRDA:20,19,0,1
BRDA:20,19,1,1
BRDA:20,20,0,1
BRDA:20,20,1,0
BRDA:20,21,0,1
BRDA:20,21,1,1
BRDA:20,22,0,0
BRDA:20,22,1,1
BRDA:20,23,0,1
BRDA:20,23,1,1
BRDA:21,24,0,1
BRDA:21,24,1,0
BRDA:21,25,0,1
BRDA:21,25,1,1
BRDA:21,26,0,1
BRDA:21,26,1,0
BRDA:21,27,0,1
BRDA:21,27,1,1
BRDA:21,28,0,0
BRDA:21,28,1,1
BRDA:21,29,0,1
BRDA:21,29,1,1
BRDA:22,30,0,1
BRDA:22,30,1,0
BRDA:22,31,0,1
BRDA:22,31,1,1
BRDA:22,32,0,1
BRDA:22,32,1,0
BRDA:22,33,0,1
BRDA:22,33,1,1
BRDA:22,34,0,0
BRDA:22,34,1,1
BRDA:22,35,0,1
BRDA:22,35,1,1
BRDA:23,36,0,1
BRDA:23,36,1,0
BRDA:23,37,0,1
BRDA:23,37,1,1
BRDA:23,38,0,1
BRDA:23,38,1,0
BRDA:23,39,0,1
BRDA:23,39,1,1
BRDA:23,40,0,0
BRDA:23,40,1,1
BRDA:23,41,0,1
BRDA:23,41,1,1
BRDA:24,42,0,1
BRDA:24,42,1,0
BRDA:24,43,0,1
BRDA:24,43,1,1
BRDA:24,44,0,1
BRDA:24,44,1,0
BRDA:24,45,0,1
BRDA:24,45,1,1
BRDA:24,46,0,1
BRDA:24,46,1,0
BRDA:24,47,0,1
BRDA:24,47,1,1
BRDA:24,48,0,0
BRDA:24,48,1,1
BRDA:24,49,0,1
BRDA:24,49,1,1
BRDA:25,50,0,1
BRDA:25,50,1,0
BRDA:25,51,0,1
BRDA:25,51,1,1
BRDA:25,52,0,1
BRDA:25,52,1,0
BRDA:25,53,0,1
BRDA:25,53,1,1
BRDA:25,54,0,1
BRDA:25,54,1,0
BRDA:25,55,0,1
BRDA:25,55,1,1
BRDA:25,56,0,1
BRDA:25,56,1,0
BRDA:25,57,0,1
BRDA:25,57,1,1
BRDA:25,58,0,0
BRDA:25,58,1,1
BRDA:25,59,0,1
BRDA:25,59,1,1
BRDA:26,60,0,1
BRDA:26,60,1,0
BRDA:26,61,0,1
BRDA:26,61,1,1
BRDA:26,62,0,1
BRDA:26,62,1,0
BRDA:26,63,0,1
BRDA:26,63,1,1
BRDA:26,64,0,1
BRDA:26,64,1,0
BRDA:26,65,0,1
BRDA:26,65,1,1
BRDA:26,66,0,1
BRDA:26,66,1,0
BRDA:26,67,0,1
BRDA:26,67,1,1
BRDA:26,68,0,0
BRDA:26,68,1,1
BRDA:26,69,0,1
BRDA:26,69,1,1
BRDA:27,70,0,1
BRDA:27,70,1,0
BRDA:27,71,0,1
BRDA:27,71,1,1
BRDA:27,72,0,1
BRDA:27,72,1,0
BRDA:27,73,0,1
BRDA:27,73,1,1
BRDA:27,74,0,1
BRDA:27,74,1,0
BRDA:27,75,0,1
BRDA:27,75,1,1
BRDA:27,76,0,1
BRDA:27,76,1,0
BRDA:27,77,0,1
BRDA:27,77,1,1
BRDA:27,78,0,0
BRDA:27,78,1,1
BRDA:27,79,0,1
BRDA:27,79,1,1
BRDA:28,80,0,1
BRDA:28,80,1,0
BRDA:28,81,0,1
BRDA:28,81,1,1
BRDA:28,82,0,1
BRDA:28,82,1,0
BRDA:28,83,0,1
BRDA:28,83,1,1
BRDA:28,84,0,1
BRDA:28,84,1,0
BRDA:28,85,0,1
BRDA:28,85,1,1
BRDA:28,86,0,1
BRDA:28,86,1,0
BRDA:28,87,0,1
BRDA:28,87,1,1
BRDA:28,88,0,0
BRDA:28,88,1,1
BRDA:28,89,0,1
BRDA:28,89,1,1
BRDA:29,90,0,1
BRDA:29,90,1,0
BRDA:29,91,0,1
BRDA:29,91,1,1
BRDA:29,92,0,1
BRDA:29,92,1,0
BRDA:29,93,0,1
BRDA:29,93,1,1
BRDA:29,94,0,1
BRDA:29,94,1,0
BRDA:29,95,0,1
BRDA:29,95,1,1
BRDA:29,96,0,1
BRDA:29,96,1,0
BRDA:29,97,0,1
BRDA:29,97,1,1
BRDA:29,98,0,0
BRDA:29,98,1,1
BRDA:29,99,0,1
BRDA:29,99,1,1
BRDA:30,100,0,1
BRDA:30,100,1,0
BRDA:30,101,0,1
BRDA:30,101,1,1
BRDA:30,102,0,1
BRDA:30,102,1,0
BRDA:30,103,0,1
BRDA:30,103,1,1
BRDA:30,104,0,1
BRDA:30,104,1,0
BRDA:30,105,0,1
BRDA:30,105,1,1
BRDA:30,106,0,1
BRDA:30,106,1,0
BRDA:30,107,0,1
BRDA:30,107,1,1
BRDA:30,108,0,0
BRDA:30,108,1,1
BRDA:30,109,0,1
BRDA:30,109,1,1
BRDA:31,110,0,1
BRDA:31,110,1,0
BRDA:31,111,0,1
BRDA:31,111,1,1
BRDA:31,112,0,1
BRDA:31,112,1,0
BRDA:31,113,0,1
BRDA:31,113,1,1
BRDA:31,114,0,1
BRDA:31,114,1,0
BRDA:31,115,0,1
BRDA:31,115,1,1
BRDA:31,116,0,1
BRDA:31,116,1,0
BRDA:31,117,0,1
BRDA:31,117,1,1
BRDA:31,118,0,0
BRDA:31,118,1,1
BRDA:31,119,0,1
BRDA:31,119,1,1
BRDA:32,120,0,1
BRDA:32,120,1,0
BRDA:32,121,0,1
BRDA:32,121,1,1
BRDA:32,122,0,1
BRDA:32,122,1,0
BRDA:32,123,0,1
BRDA:32,123,1,1
BRDA:32,124,0,1
BRDA:32,124,1,0
BRDA:32,125,0,1
BRDA:32,125,1,1
BRDA:32,126,0,1
BRDA:32,126,1,0
BRDA:32,127,0,1
BRDA:32,127,1,1
BRDA:32,128,0,0
BRDA:32,128,1,1
BRDA:32,129,0,1
BRDA:32,129,1,1
BRDA:33,130,0,1
BRDA:33,130,1,0
BRDA:33,131,0,1
BRDA:33,131,1,1
BRDA:33,132,0,1
BRDA:33,132,1,0
BRDA:33,133,0,1
BRDA:33,133,1,1
BRDA:33,134,0,1
BRDA:33,134,1,0
BRDA:33,135,0,1
BRDA:33,135,1,1
BRDA:33,136,0,1
BRDA:33,136,1,0
BRDA:33,137,0,1
BRDA:33,137,1,1
BRDA:33,138,0,0
BRDA:33,138,1,1
BRDA:33,139,0,1
BRDA:33,139,1,1
BRDA:34,140,0,1
BRDA:34,140,1,0
BRDA:34,141,0,1
BRDA:34,141,1,1
BRDA:34,142,0,1
BRDA:34,142,1,0
BRDA:34,143,0,1
BRDA:34,143,1,1
BRDA:34,144,0,1
BRDA:34,144,1,0
BRDA:34,145,0,1
BRDA:34,145,1,1
BRDA:34,146,0,1
BRDA:34,146,1,0
BRDA:34,147,0,1
BRDA:34,147,1,1
BRDA:34,148,0,0
BRDA:34,148,1,1
BRDA:34,149,0,1
BRDA:34,149,1,1
BRDA:35,150,0,1
BRDA:35,150,1,1
BRDA:35,151,0,1
BRDA:35,151,1,0
BRDA:35,152,0,1
BRDA:35,152,1,1
BRDA:35,153,0,1
BRDA:35,153,1,0
BRDA:35,154,0,1
BRDA:35,154,1,1
BRDA:35,155,0,1
BRDA:35,155,1,0
BRDA:35,156,0,1
BRDA:35,156,1,1
BRDA:35,157,0,1
BRDA:35,157,1,0
BRDA:35,158,0,1
BRDA:35,158,1,1
BRDA:35,159,0,1
BRDA:35,159,1,0
BRDA:35,160,0,1
BRDA:35,160,1,1
BRDA:35,161,0,0
BRDA:35,161,1,1
BRDA:35,162,0,1
BRDA:35,162,1,1
BRDA:36,163,0,1
BRDA:36,163,1,1
BRDA:36,164,0,1
BRDA:36,164,1,0
BRDA:36,165,0,1
BRDA:36,165,1,1
BRDA:36,166,0,1
BRDA:36,166,1,0
BRDA:36,167,0,1
BRDA:36,167,1,1
BRDA:36,168,0,1
BRDA:36,168,1,0
BRDA:36,169,0,1
BRDA:36,169,1,1
BRDA:36,170,0,1
BRDA:36,170,1,0
BRDA:36,171,0,1
BRDA:36,171,1,1
BRDA:36,172,0,1
BRDA:36,172,1,0
BRDA:36,173,0,1
BRDA:36,173,1,1
BRDA:36,174,0,0
BRDA:36,174,1,1
BRDA:36,175,0,1
BRDA:36,175,1,1
BRDA:37,176,0,1
BRDA:37,176,1,0
BRDA:37,177,0,1
BRDA:37,177,1,1
BRDA:37,178,0,1
BRDA:37,178,1,0
BRDA:37,179,0,1
BRDA:37,179,1,1
BRDA:37,180,0,1
BRDA:37,180,1,0
BRDA:37,181,0,1
BRDA:37,181,1,1
BRDA:37,182,0,1
BRDA:37,182,1,0
BRDA:37,183,0,1
BRDA:37,183,1,1
BRDA:37,184,0,0
BRDA:37,184,1,1
BRDA:37,185,0,1
BRDA:37,185,1,1
BRDA:38,186,0,1
BRDA:38,186,1,0
BRDA:38,187,0,1
BRDA:38,187,1,1
BRDA:38,188,0,1
BRDA:38,188,1,0
BRDA:38,189,0,1
BRDA:38,189,1,1
BRDA:38,190,0,1
BRDA:38,190,1,0
BRDA:38,191,0,1
BRDA:38,191,1,1
BRDA:38,192,0,1
BRDA:38,192,1,0
BRDA:38,193,0,1
BRDA:38,193,1,1
BRDA:38,194,0,0
BRDA:38,194,1,1
BRDA:38,195,0,1
BRDA:38,195,1,1
BRDA:39,196,0,1
BRDA:39,196,1,0
BRDA:39,197,0,1
BRDA:39,197,1,1
BRDA:39,198,0,1
BRDA:39,198,1,0
BRDA:39,199,0,1
BRDA:39,199,1,1
BRDA:39,200,0,1
BRDA:39,200,1,0
BRDA:39,201,0,1
BRDA:39,201,1,1
BRDA:39,202,0,0
BRDA:39,202,1,1
BRDA:39,203,0,1
BRDA:39,203,1,1
BRDA:40,204,0,1
BRDA:40,204,1,0
BRDA:40,205,0,1
BRDA:40,205,1,1
BRDA:40,206,0,1
BRDA:40,206,1,0
BRDA:40,207,0,1
BRDA:40,207,1,1
BRDA:40,208,0,1
BRDA:40,208,1,0
BRDA:40,209,0,1
BRDA:40,209,1,1
BRDA:40,210,0,0
BRDA:40,210,1,1
BRDA:40,211,0,1
BRDA:40,211,1,1
BRDA:41,212,0,1
BRDA:41,212,1,0
BRDA:41,213,0,1
BRDA:41,213,1,1
BRDA:41,214,0,1
BRDA:41,214,1,0
BRDA:41,215,0,1
BRDA:41,215,1,1
BRDA:41,216,0,0
BRDA:41,216,1,1
BRDA:41,217,0,1
BRDA:41,217,1,1
BRDA:42,218,0,1
BRDA:42,218,1,0
BRDA:42,219,0,1
BRDA:42,219,1,1
BRDA:42,220,0,1
BRDA:42,220,1,0
BRDA:42,221,0,1
BRDA:42,221,1,1
BRDA:42,222,0,0
BRDA:42,222,1,1
BRDA:42,223,0,1
BRDA:42,223,1,1
BRDA:43,224,0,1
BRDA:43,224,1,0
BRDA:43,225,0,1
BRDA:43,225,1,1
BRDA:43,226,0,1
BRDA:43,226,1,0
BRDA:43,227,0,1
BRDA:43,227,1,1
BRDA:43,228,0,0
BRDA:43,228,1,1
BRDA:43,229,0,1
BRDA:43,229,1,1
BRDA:44,230,0,1
BRDA:44,230,1,0
BRDA:44,231,0,1
BRDA:44,231,1,1
BRDA:44,232,0,1
BRDA:44,232,1,0
BRDA:44,233,0,1
BRDA:44,233,1,1
BRDA:44,234,0,0
BRDA:44,234,1,1
BRDA:44,235,0,1
BRDA:44,235,1,1
BRDA:45,236,0,1
BRDA:45,236,1,0
BRDA:45,237,0,1
BRDA:45,237,1,1
BRDA:45,238,0,1
BRDA:45,238,1,0
BRDA:45,239,0,1
BRDA:45,239,1,1
BRDA:45,240,0,0
BRDA:45,240,1,1
BRDA:45,241,0,1
BRDA:45,241,1,1
BRDA:46,242,0,1
BRDA:46,242,1,0
BRDA:46,243,0,1
BRDA:46,243,1,1
BRDA:46,244,0,1
BRDA:46,244,1,0
BRDA:46,245,0,1
BRDA:46,245,1,1
BRDA:46,246,0,1
BRDA:46,246,1,0
BRDA:46,247,0,1
BRDA:46,247,1,1
BRDA:46,248,0,0
BRDA:46,248,1,1
BRDA:46,249,0,1
BRDA:46,249,1,1
BRDA:47,250,0,1
BRDA:47,250,1,0
BRDA:47,251,0,1
BRDA:47,251,1,1
BRDA:47,252,0,1
BRDA:47,252,1,0
BRDA:47,253,0,1
BRDA:47,253,1,1
BRDA:47,254,0,1
BRDA:47,254,1,0
BRDA:47,255,0,1
BRDA:47,255,1,1
BRDA:47,256,0,0
BRDA:47,256,1,1
BRDA:47,257,0,1
BRDA:47,257,1,1
BRDA:48,258,0,1
BRDA:48,258,1,0
BRDA:48,259,0,1
BRDA:48,259,1,1
BRDA:48,260,0,1
BRDA:48,260,1,0
BRDA:48,261,0,1
BRDA:48,261,1,1
BRDA:48,262,0,1
BRDA:48,262,1,0
BRDA:48,263,0,1
BRDA:48,263,1,1
BRDA:48,264,0,0
BRDA:48,264,1,1
BRDA:48,265,0,1
BRDA:48,265,1,1
BRDA:49,266,0,1
BRDA:49,266,1,0
BRDA:49,267,0,1
BRDA:49,267,1,1
BRDA:49,268,0,1
BRDA:49,268,1,0
BRDA:49,269,0,1
BRDA:49,269,1,1
BRDA:49,270,0,1
BRDA:49,270,1,0
BRDA:49,271,0,1
BRDA:49,271,1,1
BRDA:49,272,0,0
BRDA:49,272,1,1
BRDA:49,273,0,1
BRDA:49,273,1,1
BRDA:50,274,0,0
BRDA:50,274,1,1
BRDA:50,275,0,1
BRDA:50,275,1,1
BRDA:51,276,0,0
BRDA:51,276,1,1
BRDA:51,277,0,1
BRDA:51,277,1,1
BRDA:52,278,0,1
BRDA:52,278,1,0
BRDA:52,279,0,1
BRDA:52,279,1,1
BRDA:52,280,0,0
BRDA:52,280,1,1
BRDA:52,281,0,1
BRDA:52,281,1,1
BRDA:53,282,0,0
BRDA:53,282,1,1
BRDA:53,283,0,1
BRDA:53,283,1,1
BRF:568
BRH:427
end_of_record
TN:
SF:src\dominio\repositories\RepProductos.ts
FN:12,(anonymous_7)
FN:12,(anonymous_8)
FNF:2
FNH:2
FNDA:1,(anonymous_7)
FNDA:1,(anonymous_8)
DA:10,2
DA:12,2
DA:13,1
DA:14,1
DA:15,1
DA:17,0
LF:6
LH:5
BRF:0
BRH:0
end_of_record
TN:
SF:src\dominio\repositories\RepTransferencias.ts
FN:9,(anonymous_8)
FN:52,(anonymous_9)
FN:52,(anonymous_10)
FN:66,(anonymous_11)
FN:67,(anonymous_12)
FNF:5
FNH:3
FNDA:1,(anonymous_8)
FNDA:1,(anonymous_9)
FNDA:1,(anonymous_10)
FNDA:0,(anonymous_11)
FNDA:0,(anonymous_12)
DA:1,2
DA:4,2
DA:9,2
DA:10,1
DA:52,2
DA:53,1
DA:55,1
DA:58,1
DA:60,0
DA:62,1
DA:66,2
DA:67,0
DA:68,0
LF:13
LH:10
BRF:0
BRH:0
end_of_record
TN:
SF:src\dominio\servicio\ServicesProductos.ts
FN:5,(anonymous_7)
FN:5,(anonymous_8)
FNF:2
FNH:2
FNDA:1,(anonymous_7)
FNDA:1,(anonymous_8)
DA:2,2
DA:5,2
DA:6,1
LF:3
LH:3
BRF:0
BRH:0
end_of_record
TN:
SF:src\dominio\servicio\ServicesTransferencias.ts
FN:8,(anonymous_7)
FN:52,(anonymous_8)
FN:52,(anonymous_9)
FN:65,(anonymous_10)
FN:65,(anonymous_11)
FNF:5
FNH:2
FNDA:0,(anonymous_7)
FNDA:1,(anonymous_8)
FNDA:1,(anonymous_9)
FNDA:0,(anonymous_10)
FNDA:0,(anonymous_11)
DA:2,2
DA:8,2
DA:9,0
DA:52,2
DA:54,1
DA:56,1
DA:57,0
DA:58,0
DA:60,1
DA:65,2
DA:67,0
LF:11
LH:7
BRF:0
BRH:0
end_of_record
TN:
SF:src\model\productos.ts
FNF:0
FNH:0
DA:1,2
DA:4,2
DA:10,2
DA:16,2
DA:22,2
DA:28,2
DA:34,2
DA:40,2
LF:8
LH:8
BRF:0
BRH:0
end_of_record
TN:
SF:src\model\transferencias.ts
FNF:0
FNH:0
DA:1,2
DA:4,2
DA:11,2
DA:18,2
DA:25,2
DA:32,2
DA:39,2
DA:46,2
DA:53,2
DA:60,2
DA:67,2
DA:74,2
DA:81,2
DA:88,2
DA:95,2
DA:102,2
DA:109,2
DA:116,2
DA:123,2
DA:130,2
DA:137,2
DA:144,2
DA:151,2
DA:158,2
DA:165,2
DA:172,2
DA:179,2
DA:186,2
DA:193,2
DA:200,2
DA:207,2
DA:214,2
DA:221,2
DA:228,2
DA:235,2
DA:242,2
DA:249,2
DA:256,2
DA:263,2
LF:39
LH:39
BRF:0
BRH:0
end_of_record
TN:
SF:src\routes\index.ts
FNF:0
FNH:0
DA:1,2
DA:2,2
DA:5,2
DA:7,2
DA:8,2
DA:10,2
LF:6
LH:6
BRF:0
BRH:0
end_of_record
TN:
SF:src\routes\productos.ts
FNF:0
FNH:0
DA:1,2
DA:2,2
DA:5,2
DA:6,2
DA:9,2
LF:5
LH:5
BRF:0
BRH:0
end_of_record
